<?xml version="1.0" encoding="UTF-8"?>
<robot generator="Robot 7.4.2 (Python 3.14.6 on win32)" generated="2026-07-20T14:09:01.236439" rpa="false" schemaversion="5">
<suite id="s1" name="Tests" source="C:\Users\t-khader.qaabar\Documents\ExaltQATraining2026\HotelBookingSystemUIAPITest\UITest\tests">
<suite id="s1-s1" name="Booking Tests" source="C:\Users\t-khader.qaabar\Documents\ExaltQATraining2026\HotelBookingSystemUIAPITest\UITest\tests\booking_tests.robot">
<kw name="Open Hotel Application" owner="base_page" type="SETUP">
<kw name="Open Browser" owner="SeleniumLibrary">
<msg time="2026-07-20T14:09:02.285286" level="INFO">Opening browser 'chrome' to base url 'http://localhost:3000'.</msg>
<arg>${BASE_URL}</arg>
<arg>${BROWSER}</arg>
<doc>Opens a new browser instance to the optional ``url``.</doc>
<status status="PASS" start="2026-07-20T14:09:02.284840" elapsed="7.058742"/>
</kw>
<kw name="Maximize Browser Window" owner="SeleniumLibrary">
<doc>Maximizes current browser window.</doc>
<status status="PASS" start="2026-07-20T14:09:09.344079" elapsed="0.133844"/>
</kw>
<status status="PASS" start="2026-07-20T14:09:02.283323" elapsed="7.194845"/>
</kw>
<test id="s1-s1-t1" name="TC-11 Create Valid Booking" line="24">
<kw name="Fill Valid Booking" owner="booking_page">
<kw name="Fill Hotel ID" owner="booking_page">
<kw name="Fill Booking Field" owner="booking_page">
<kw name="Clear Element Text" owner="SeleniumLibrary">
<arg>${field_locator}</arg>
<doc>Clears the value of the text-input-element identified by ``locator``.</doc>
<status status="PASS" start="2026-07-20T14:09:09.491665" elapsed="0.451428"/>
</kw>
<kw name="Input Text" owner="SeleniumLibrary">
<msg time="2026-07-20T14:09:09.944064" level="INFO">Typing text 'HTL-101' into text field 'id=bookingHotelId'.</msg>
<arg>${field_locator}</arg>
<arg>${value}</arg>
<doc>Types the given ``text`` into the text field identified by ``locator``.</doc>
<status status="PASS" start="2026-07-20T14:09:09.943457" elapsed="0.649720"/>
</kw>
<arg>${BOOKING_HOTEL_ID_INPUT}</arg>
<arg>${hotel_id}</arg>
<status status="PASS" start="2026-07-20T14:09:09.488588" elapsed="1.105262"/>
</kw>
<arg>${hotel_id}</arg>
<status status="PASS" start="2026-07-20T14:09:09.487735" elapsed="1.106282"/>
</kw>
<kw name="Fill Customer Name" owner="booking_page">
<kw name="Fill Booking Field" owner="booking_page">
<kw name="Clear Element Text" owner="SeleniumLibrary">
<arg>${field_locator}</arg>
<doc>Clears the value of the text-input-element identified by ``locator``.</doc>
<status status="PASS" start="2026-07-20T14:09:10.600636" elapsed="0.106931"/>
</kw>
<kw name="Input Text" owner="SeleniumLibrary">
<msg time="2026-07-20T14:09:10.708518" level="INFO">Typing text 'Test' into text field 'id=customerName'.</msg>
<arg>${field_locator}</arg>
<arg>${value}</arg>
<doc>Types the given ``text`` into the text field identified by ``locator``.</doc>
<status status="PASS" start="2026-07-20T14:09:10.707926" elapsed="0.307302"/>
</kw>
<arg>${BOOKING_CUSTOMER_INPUT}</arg>
<arg>${name}</arg>
<status status="PASS" start="2026-07-20T14:09:10.599626" elapsed="0.415879"/>
</kw>
<arg>${customer}</arg>
<status status="PASS" start="2026-07-20T14:09:10.594510" elapsed="0.421189"/>
</kw>
<kw name="Fill People" owner="booking_page">
<kw name="Fill Booking Field" owner="booking_page">
<kw name="Clear Element Text" owner="SeleniumLibrary">
<arg>${field_locator}</arg>
<doc>Clears the value of the text-input-element identified by ``locator``.</doc>
<status status="PASS" start="2026-07-20T14:09:11.017816" elapsed="0.067356"/>
</kw>
<kw name="Input Text" owner="SeleniumLibrary">
<msg time="2026-07-20T14:09:11.086316" level="INFO">Typing text '1' into text field 'id=people'.</msg>
<arg>${field_locator}</arg>
<arg>${value}</arg>
<doc>Types the given ``text`` into the text field identified by ``locator``.</doc>
<status status="PASS" start="2026-07-20T14:09:11.085696" elapsed="0.307693"/>
</kw>
<arg>${BOOKING_PEOPLE_INPUT}</arg>
<arg>${count}</arg>
<status status="PASS" start="2026-07-20T14:09:11.016908" elapsed="0.376672"/>
</kw>
<arg>${people}</arg>
<status status="PASS" start="2026-07-20T14:09:11.016114" elapsed="0.377580"/>
</kw>
<kw name="Fill Beds" owner="booking_page">
<kw name="Fill Booking Field" owner="booking_page">
<kw name="Clear Element Text" owner="SeleniumLibrary">
<arg>${field_locator}</arg>
<doc>Clears the value of the text-input-element identified by ``locator``.</doc>
<status status="PASS" start="2026-07-20T14:09:11.396117" elapsed="0.085598"/>
</kw>
<kw name="Input Text" owner="SeleniumLibrary">
<msg time="2026-07-20T14:09:11.482824" level="INFO">Typing text '1' into text field 'id=beds'.</msg>
<arg>${field_locator}</arg>
<arg>${value}</arg>
<doc>Types the given ``text`` into the text field identified by ``locator``.</doc>
<status status="PASS" start="2026-07-20T14:09:11.482114" elapsed="0.159989"/>
</kw>
<arg>${BOOKING_BEDS_INPUT}</arg>
<arg>${count}</arg>
<status status="PASS" start="2026-07-20T14:09:11.395100" elapsed="0.247288"/>
</kw>
<arg>${beds}</arg>
<status status="PASS" start="2026-07-20T14:09:11.393995" elapsed="0.248522"/>
</kw>
<kw name="Fill Twin Beds" owner="booking_page">
<kw name="Fill Booking Field" owner="booking_page">
<kw name="Clear Element Text" owner="SeleniumLibrary">
<arg>${field_locator}</arg>
<doc>Clears the value of the text-input-element identified by ``locator``.</doc>
<status status="PASS" start="2026-07-20T14:09:11.645107" elapsed="0.097276"/>
</kw>
<kw name="Input Text" owner="SeleniumLibrary">
<msg time="2026-07-20T14:09:11.743420" level="INFO">Typing text '0' into text field 'id=twinBeds'.</msg>
<arg>${field_locator}</arg>
<arg>${value}</arg>
<doc>Types the given ``text`` into the text field identified by ``locator``.</doc>
<status status="PASS" start="2026-07-20T14:09:11.742789" elapsed="0.102883"/>
</kw>
<arg>${BOOKING_TWIN_BEDS_INPUT}</arg>
<arg>${count}</arg>
<status status="PASS" start="2026-07-20T14:09:11.643508" elapsed="0.202409"/>
</kw>
<arg>${twin_beds}</arg>
<status status="PASS" start="2026-07-20T14:09:11.642853" elapsed="0.203217"/>
</kw>
<kw name="Fill Check In Date" owner="booking_page">
<kw name="Fill Booking Field" owner="booking_page">
<kw name="Clear Element Text" owner="SeleniumLibrary">
<arg>${field_locator}</arg>
<doc>Clears the value of the text-input-element identified by ``locator``.</doc>
<status status="PASS" start="2026-07-20T14:09:11.848346" elapsed="0.090970"/>
</kw>
<kw name="Input Text" owner="SeleniumLibrary">
<msg time="2026-07-20T14:09:11.940232" level="INFO">Typing text '19072026' into text field 'id=checkInDate'.</msg>
<arg>${field_locator}</arg>
<arg>${value}</arg>
<doc>Types the given ``text`` into the text field identified by ``locator``.</doc>
<status status="PASS" start="2026-07-20T14:09:11.939758" elapsed="0.112724"/>
</kw>
<arg>${BOOKING_CHECK_IN_INPUT}</arg>
<arg>${date}</arg>
<status status="PASS" start="2026-07-20T14:09:11.847334" elapsed="0.205398"/>
</kw>
<arg>${check_in}</arg>
<status status="PASS" start="2026-07-20T14:09:11.846513" elapsed="0.206386"/>
</kw>
<kw name="Fill Check Out Date" owner="booking_page">
<kw name="Fill Booking Field" owner="booking_page">
<kw name="Clear Element Text" owner="SeleniumLibrary">
<arg>${field_locator}</arg>
<doc>Clears the value of the text-input-element identified by ``locator``.</doc>
<status status="PASS" start="2026-07-20T14:09:12.054584" elapsed="0.065182"/>
</kw>
<kw name="Input Text" owner="SeleniumLibrary">
<msg time="2026-07-20T14:09:12.120692" level="INFO">Typing text '20072026' into text field 'id=checkOutDate'.</msg>
<arg>${field_locator}</arg>
<arg>${value}</arg>
<doc>Types the given ``text`` into the text field identified by ``locator``.</doc>
<status status="PASS" start="2026-07-20T14:09:12.120120" elapsed="0.152322"/>
</kw>
<arg>${BOOKING_CHECK_OUT_INPUT}</arg>
<arg>${date}</arg>
<status status="PASS" start="2026-07-20T14:09:12.053946" elapsed="0.218759"/>
</kw>
<arg>${check_out}</arg>
<status status="PASS" start="2026-07-20T14:09:12.053253" elapsed="0.219595"/>
</kw>
<status status="PASS" start="2026-07-20T14:09:09.486478" elapsed="2.786551"/>
</kw>
<kw name="Submit Booking" owner="booking_page">
<kw name="Click Button" owner="SeleniumLibrary">
<msg time="2026-07-20T14:09:12.276401" level="INFO">Clicking button 'xpath=//button[contains(text(), 'Book Room')]'.</msg>
<arg>${BOOKING_SUBMIT_BTN}</arg>
<doc>Clicks the button identified by ``locator``.</doc>
<status status="PASS" start="2026-07-20T14:09:12.275915" elapsed="0.178583"/>
</kw>
<kw name="Wait Until Element Is Visible" owner="SeleniumLibrary">
<arg>${BOOKING_OUTPUT}</arg>
<arg>timeout=${DEFAULT_TIMEOUT}</arg>
<doc>Waits until the element ``locator`` is visible.</doc>
<status status="PASS" start="2026-07-20T14:09:12.454901" elapsed="0.213432"/>
</kw>
<status status="PASS" start="2026-07-20T14:09:12.275277" elapsed="0.393257"/>
</kw>
<kw name="Verify Booking Created Successfully" owner="booking_assertions">
<kw name="Wait Until Element Is Visible" owner="SeleniumLibrary">
<arg>${output_locator}</arg>
<arg>timeout=${DEFAULT_TIMEOUT}</arg>
<doc>Waits until the element ``locator`` is visible.</doc>
<status status="PASS" start="2026-07-20T14:09:12.669980" elapsed="0.086718"/>
</kw>
<kw name="Element Should Contain" owner="SeleniumLibrary">
<msg time="2026-07-20T14:09:12.792631" level="INFO">Element 'id=bookingOutput' contains text '"success": true'.</msg>
<arg>${output_locator}</arg>
<arg>${BOOKING_SUCCESS_TEXT}</arg>
<doc>Verifies that element ``locator`` contains text ``expected``.</doc>
<status status="PASS" start="2026-07-20T14:09:12.757175" elapsed="0.035706"/>
</kw>
<status status="PASS" start="2026-07-20T14:09:12.669232" elapsed="0.124114"/>
</kw>
<kw name="Verify Booking Response Contains All Fields" owner="booking_assertions">
<kw name="Get Text" owner="SeleniumLibrary">
<msg time="2026-07-20T14:09:12.954902" level="INFO">${text} = {
  "success": true,
  "booking": {
    "id": "BKG-994453",
    "hotelId": "HTL-101",
    "customerName": "Test",
    "people": 1,
    "beds": 1,
    "twinBeds": 0,
    "checkInDate": "2026-12-07",
  ...</msg>
<var>${text}</var>
<arg>${output_locator}</arg>
<doc>Returns the text value of the element identified by ``locator``.</doc>
<status status="PASS" start="2026-07-20T14:09:12.796788" elapsed="0.158232"/>
</kw>
<kw name="Should Contain" owner="BuiltIn">
<arg>${text}</arg>
<arg>"hotelId": "${hotel_id}"</arg>
<doc>Fails if ``container`` does not contain ``item`` one or more times.</doc>
<status status="PASS" start="2026-07-20T14:09:12.955373" elapsed="0.001434"/>
</kw>
<kw name="Should Contain" owner="BuiltIn">
<arg>${text}</arg>
<arg>"customerName": "${customer}"</arg>
<doc>Fails if ``container`` does not contain ``item`` one or more times.</doc>
<status status="PASS" start="2026-07-20T14:09:12.957194" elapsed="0.000789"/>
</kw>
<kw name="Should Contain" owner="BuiltIn">
<arg>${text}</arg>
<arg>"people": ${people}</arg>
<doc>Fails if ``container`` does not contain ``item`` one or more times.</doc>
<status status="PASS" start="2026-07-20T14:09:12.958347" elapsed="0.001837"/>
</kw>
<kw name="Should Contain" owner="BuiltIn">
<arg>${text}</arg>
<arg>"beds": ${beds}</arg>
<doc>Fails if ``container`` does not contain ``item`` one or more times.</doc>
<status status="PASS" start="2026-07-20T14:09:12.960596" elapsed="0.000848"/>
</kw>
<kw name="Should Contain" owner="BuiltIn">
<arg>${text}</arg>
<arg>"twinBeds": ${twin_beds}</arg>
<doc>Fails if ``container`` does not contain ``item`` one or more times.</doc>
<status status="PASS" start="2026-07-20T14:09:12.961764" elapsed="0.000663"/>
</kw>
<kw name="Should Contain" owner="BuiltIn">
<arg>${text}</arg>
<arg>"status": "${status}"</arg>
<doc>Fails if ``container`` does not contain ``item`` one or more times.</doc>
<status status="PASS" start="2026-07-20T14:09:12.962721" elapsed="0.002640"/>
</kw>
<arg>${BOOKING_OUTPUT}</arg>
<arg>${booking_hotel_id}</arg>
<arg>${booking_customer}</arg>
<arg>${booking_people}</arg>
<arg>${booking_beds}</arg>
<arg>${booking_twin_beds}</arg>
<status status="PASS" start="2026-07-20T14:09:12.795366" elapsed="0.170261"/>
</kw>
<kw name="Cleanup Created Booking" type="TEARDOWN">
<kw name="Get Element Attribute" owner="SeleniumLibrary">
<msg time="2026-07-20T14:09:13.039457" level="INFO">${cancel_id} = BKG-994453</msg>
<var>${cancel_id}</var>
<arg>${CANCEL_BOOKING_ID_INPUT}</arg>
<arg>value</arg>
<doc>Returns the value of ``attribute`` from the element ``locator``.</doc>
<status status="PASS" start="2026-07-20T14:09:12.976839" elapsed="0.062737"/>
</kw>
<if>
<branch type="IF" condition="'${cancel_id}' != ''">
<kw name="Click Button" owner="SeleniumLibrary">
<msg time="2026-07-20T14:09:13.041383" level="INFO">Clicking button 'xpath=//button[contains(text(), 'Cancel Booking')]'.</msg>
<arg>${CANCEL_BOOKING_BTN}</arg>
<doc>Clicks the button identified by ``locator``.</doc>
<status status="PASS" start="2026-07-20T14:09:13.040666" elapsed="0.278043"/>
</kw>
<kw name="Run Keyword And Ignore Error" owner="BuiltIn">
<kw name="Wait Until Element Contains" owner="SeleniumLibrary">
<arg>${TOAST}</arg>
<arg>${CANCEL_SUCCESS}</arg>
<arg>timeout=15s</arg>
<doc>Waits until the element ``locator`` contains ``text``.</doc>
<status status="PASS" start="2026-07-20T14:09:13.320315" elapsed="0.067328"/>
</kw>
<arg>Wait Until Element Contains</arg>
<arg>${TOAST}</arg>
<arg>${CANCEL_SUCCESS}</arg>
<arg>timeout=15s</arg>
<doc>Runs the given keyword with the given arguments and ignores possible error.</doc>
<status status="PASS" start="2026-07-20T14:09:13.319176" elapsed="0.068642"/>
</kw>
<status status="PASS" start="2026-07-20T14:09:13.040122" elapsed="0.347796"/>
</branch>
<status status="PASS" start="2026-07-20T14:09:13.040003" elapsed="0.348025"/>
</if>
<kw name="Clear Booking Form" owner="booking_page">
<kw name="Clear Booking Field" owner="booking_page">
<kw name="Clear Element Text" owner="SeleniumLibrary">
<arg>${field_locator}</arg>
<doc>Clears the value of the text-input-element identified by ``locator``.</doc>
<status status="PASS" start="2026-07-20T14:09:13.389246" elapsed="0.113967"/>
</kw>
<arg>${BOOKING_HOTEL_ID_INPUT}</arg>
<status status="PASS" start="2026-07-20T14:09:13.388775" elapsed="0.114669"/>
</kw>
<kw name="Clear Booking Field" owner="booking_page">
<kw name="Clear Element Text" owner="SeleniumLibrary">
<arg>${field_locator}</arg>
<doc>Clears the value of the text-input-element identified by ``locator``.</doc>
<status status="PASS" start="2026-07-20T14:09:13.504600" elapsed="0.072440"/>
</kw>
<arg>${BOOKING_CUSTOMER_INPUT}</arg>
<status status="PASS" start="2026-07-20T14:09:13.503822" elapsed="0.073461"/>
</kw>
<kw name="Clear Booking Field" owner="booking_page">
<kw name="Clear Element Text" owner="SeleniumLibrary">
<arg>${field_locator}</arg>
<doc>Clears the value of the text-input-element identified by ``locator``.</doc>
<status status="PASS" start="2026-07-20T14:09:13.578679" elapsed="0.099372"/>
</kw>
<arg>${BOOKING_PEOPLE_INPUT}</arg>
<status status="PASS" start="2026-07-20T14:09:13.577683" elapsed="0.100618"/>
</kw>
<kw name="Clear Booking Field" owner="booking_page">
<kw name="Clear Element Text" owner="SeleniumLibrary">
<arg>${field_locator}</arg>
<doc>Clears the value of the text-input-element identified by ``locator``.</doc>
<status status="PASS" start="2026-07-20T14:09:13.679448" elapsed="0.071527"/>
</kw>
<arg>${BOOKING_BEDS_INPUT}</arg>
<status status="PASS" start="2026-07-20T14:09:13.678686" elapsed="0.072527"/>
</kw>
<kw name="Clear Booking Field" owner="booking_page">
<kw name="Clear Element Text" owner="SeleniumLibrary">
<arg>${field_locator}</arg>
<doc>Clears the value of the text-input-element identified by ``locator``.</doc>
<status status="PASS" start="2026-07-20T14:09:13.752492" elapsed="0.047216"/>
</kw>
<arg>${BOOKING_TWIN_BEDS_INPUT}</arg>
<status status="PASS" start="2026-07-20T14:09:13.751581" elapsed="0.048354"/>
</kw>
<kw name="Clear Booking Field" owner="booking_page">
<kw name="Clear Element Text" owner="SeleniumLibrary">
<arg>${field_locator}</arg>
<doc>Clears the value of the text-input-element identified by ``locator``.</doc>
<status status="PASS" start="2026-07-20T14:09:13.801064" elapsed="0.083358"/>
</kw>
<arg>${BOOKING_CHECK_IN_INPUT}</arg>
<status status="PASS" start="2026-07-20T14:09:13.800317" elapsed="0.084391"/>
</kw>
<kw name="Clear Booking Field" owner="booking_page">
<kw name="Clear Element Text" owner="SeleniumLibrary">
<arg>${field_locator}</arg>
<doc>Clears the value of the text-input-element identified by ``locator``.</doc>
<status status="PASS" start="2026-07-20T14:09:13.885845" elapsed="0.053472"/>
</kw>
<arg>${BOOKING_CHECK_OUT_INPUT}</arg>
<status status="PASS" start="2026-07-20T14:09:13.885133" elapsed="0.054547"/>
</kw>
<status status="PASS" start="2026-07-20T14:09:13.388318" elapsed="0.551498"/>
</kw>
<kw name="Clear Cancel Booking ID" owner="cancel_page">
<kw name="Clear Element Text" owner="SeleniumLibrary">
<arg>${CANCEL_BOOKING_ID_INPUT}</arg>
<doc>Clears the value of the text-input-element identified by ``locator``.</doc>
<status status="PASS" start="2026-07-20T14:09:13.940864" elapsed="0.169490"/>
</kw>
<status status="PASS" start="2026-07-20T14:09:13.940227" elapsed="0.170422"/>
</kw>
<status status="PASS" start="2026-07-20T14:09:12.975974" elapsed="1.134818"/>
</kw>
<doc>Booking completes when all required fields are correct.</doc>
<tag>booking</tag>
<tag>create</tag>
<tag>positive</tag>
<status status="PASS" start="2026-07-20T14:09:09.478347" elapsed="4.634220"/>
</test>
<test id="s1-s1-t2" name="TC-12 Booking Blocked With Reversed Dates" line="32">
<kw name="Fill Valid Booking" owner="booking_page">
<kw name="Fill Hotel ID" owner="booking_page">
<kw name="Fill Booking Field" owner="booking_page">
<kw name="Clear Element Text" owner="SeleniumLibrary">
<arg>${field_locator}</arg>
<doc>Clears the value of the text-input-element identified by ``locator``.</doc>
<status status="PASS" start="2026-07-20T14:09:14.119085" elapsed="0.088821"/>
</kw>
<kw name="Input Text" owner="SeleniumLibrary">
<msg time="2026-07-20T14:09:14.209254" level="INFO">Typing text 'HTL-101' into text field 'id=bookingHotelId'.</msg>
<arg>${field_locator}</arg>
<arg>${value}</arg>
<doc>Types the given ``text`` into the text field identified by ``locator``.</doc>
<status status="PASS" start="2026-07-20T14:09:14.208332" elapsed="0.155386"/>
</kw>
<arg>${BOOKING_HOTEL_ID_INPUT}</arg>
<arg>${hotel_id}</arg>
<status status="PASS" start="2026-07-20T14:09:14.118119" elapsed="0.245823"/>
</kw>
<arg>${hotel_id}</arg>
<status status="PASS" start="2026-07-20T14:09:14.117487" elapsed="0.246589"/>
</kw>
<kw name="Fill Customer Name" owner="booking_page">
<kw name="Fill Booking Field" owner="booking_page">
<kw name="Clear Element Text" owner="SeleniumLibrary">
<arg>${field_locator}</arg>
<doc>Clears the value of the text-input-element identified by ``locator``.</doc>
<status status="PASS" start="2026-07-20T14:09:14.365607" elapsed="0.050958"/>
</kw>
<kw name="Input Text" owner="SeleniumLibrary">
<msg time="2026-07-20T14:09:14.417422" level="INFO">Typing text 'Test' into text field 'id=customerName'.</msg>
<arg>${field_locator}</arg>
<arg>${value}</arg>
<doc>Types the given ``text`` into the text field identified by ``locator``.</doc>
<status status="PASS" start="2026-07-20T14:09:14.416899" elapsed="0.135061"/>
</kw>
<arg>${BOOKING_CUSTOMER_INPUT}</arg>
<arg>${name}</arg>
<status status="PASS" start="2026-07-20T14:09:14.365101" elapsed="0.187004"/>
</kw>
<arg>${customer}</arg>
<status status="PASS" start="2026-07-20T14:09:14.364413" elapsed="0.187791"/>
</kw>
<kw name="Fill People" owner="booking_page">
<kw name="Fill Booking Field" owner="booking_page">
<kw name="Clear Element Text" owner="SeleniumLibrary">
<arg>${field_locator}</arg>
<doc>Clears the value of the text-input-element identified by ``locator``.</doc>
<status status="PASS" start="2026-07-20T14:09:14.553810" elapsed="0.041482"/>
</kw>
<kw name="Input Text" owner="SeleniumLibrary">
<msg time="2026-07-20T14:09:14.596315" level="INFO">Typing text '1' into text field 'id=people'.</msg>
<arg>${field_locator}</arg>
<arg>${value}</arg>
<doc>Types the given ``text`` into the text field identified by ``locator``.</doc>
<status status="PASS" start="2026-07-20T14:09:14.595707" elapsed="0.156661"/>
</kw>
<arg>${BOOKING_PEOPLE_INPUT}</arg>
<arg>${count}</arg>
<status status="PASS" start="2026-07-20T14:09:14.553201" elapsed="0.199395"/>
</kw>
<arg>${people}</arg>
<status status="PASS" start="2026-07-20T14:09:14.552543" elapsed="0.200182"/>
</kw>
<kw name="Fill Beds" owner="booking_page">
<kw name="Fill Booking Field" owner="booking_page">
<kw name="Clear Element Text" owner="SeleniumLibrary">
<arg>${field_locator}</arg>
<doc>Clears the value of the text-input-element identified by ``locator``.</doc>
<status status="PASS" start="2026-07-20T14:09:14.754345" elapsed="0.054286"/>
</kw>
<kw name="Input Text" owner="SeleniumLibrary">
<msg time="2026-07-20T14:09:14.809609" level="INFO">Typing text '1' into text field 'id=beds'.</msg>
<arg>${field_locator}</arg>
<arg>${value}</arg>
<doc>Types the given ``text`` into the text field identified by ``locator``.</doc>
<status status="PASS" start="2026-07-20T14:09:14.809044" elapsed="0.111946"/>
</kw>
<arg>${BOOKING_BEDS_INPUT}</arg>
<arg>${count}</arg>
<status status="PASS" start="2026-07-20T14:09:14.753731" elapsed="0.167443"/>
</kw>
<arg>${beds}</arg>
<status status="PASS" start="2026-07-20T14:09:14.753056" elapsed="0.168233"/>
</kw>
<kw name="Fill Twin Beds" owner="booking_page">
<kw name="Fill Booking Field" owner="booking_page">
<kw name="Clear Element Text" owner="SeleniumLibrary">
<arg>${field_locator}</arg>
<doc>Clears the value of the text-input-element identified by ``locator``.</doc>
<status status="PASS" start="2026-07-20T14:09:14.922787" elapsed="0.063472"/>
</kw>
<kw name="Input Text" owner="SeleniumLibrary">
<msg time="2026-07-20T14:09:14.987229" level="INFO">Typing text '0' into text field 'id=twinBeds'.</msg>
<arg>${field_locator}</arg>
<arg>${value}</arg>
<doc>Types the given ``text`` into the text field identified by ``locator``.</doc>
<status status="PASS" start="2026-07-20T14:09:14.986629" elapsed="0.110800"/>
</kw>
<arg>${BOOKING_TWIN_BEDS_INPUT}</arg>
<arg>${count}</arg>
<status status="PASS" start="2026-07-20T14:09:14.922191" elapsed="0.175441"/>
</kw>
<arg>${twin_beds}</arg>
<status status="PASS" start="2026-07-20T14:09:14.921606" elapsed="0.176154"/>
</kw>
<kw name="Fill Check In Date" owner="booking_page">
<kw name="Fill Booking Field" owner="booking_page">
<kw name="Clear Element Text" owner="SeleniumLibrary">
<arg>${field_locator}</arg>
<doc>Clears the value of the text-input-element identified by ``locator``.</doc>
<status status="PASS" start="2026-07-20T14:09:15.098939" elapsed="0.054174"/>
</kw>
<kw name="Input Text" owner="SeleniumLibrary">
<msg time="2026-07-20T14:09:15.154089" level="INFO">Typing text '20072026' into text field 'id=checkInDate'.</msg>
<arg>${field_locator}</arg>
<arg>${value}</arg>
<doc>Types the given ``text`` into the text field identified by ``locator``.</doc>
<status status="PASS" start="2026-07-20T14:09:15.153506" elapsed="0.199133"/>
</kw>
<arg>${BOOKING_CHECK_IN_INPUT}</arg>
<arg>${date}</arg>
<status status="PASS" start="2026-07-20T14:09:15.098426" elapsed="0.254486"/>
</kw>
<arg>${check_in}</arg>
<status status="PASS" start="2026-07-20T14:09:15.098004" elapsed="0.255048"/>
</kw>
<kw name="Fill Check Out Date" owner="booking_page">
<kw name="Fill Booking Field" owner="booking_page">
<kw name="Clear Element Text" owner="SeleniumLibrary">
<arg>${field_locator}</arg>
<doc>Clears the value of the text-input-element identified by ``locator``.</doc>
<status status="PASS" start="2026-07-20T14:09:15.354828" elapsed="0.055675"/>
</kw>
<kw name="Input Text" owner="SeleniumLibrary">
<msg time="2026-07-20T14:09:15.411454" level="INFO">Typing text '19072026' into text field 'id=checkOutDate'.</msg>
<arg>${field_locator}</arg>
<arg>${value}</arg>
<doc>Types the given ``text`` into the text field identified by ``locator``.</doc>
<status status="PASS" start="2026-07-20T14:09:15.410879" elapsed="0.210741"/>
</kw>
<arg>${BOOKING_CHECK_OUT_INPUT}</arg>
<arg>${date}</arg>
<status status="PASS" start="2026-07-20T14:09:15.354151" elapsed="0.267760"/>
</kw>
<arg>${check_out}</arg>
<status status="PASS" start="2026-07-20T14:09:15.353419" elapsed="0.268668"/>
</kw>
<arg>check_in=${reversed_check_in}</arg>
<arg>check_out=${reversed_check_out}</arg>
<status status="PASS" start="2026-07-20T14:09:14.115873" elapsed="1.506340"/>
</kw>
<kw name="Submit Booking" owner="booking_page">
<kw name="Click Button" owner="SeleniumLibrary">
<msg time="2026-07-20T14:09:15.624460" level="INFO">Clicking button 'xpath=//button[contains(text(), 'Book Room')]'.</msg>
<arg>${BOOKING_SUBMIT_BTN}</arg>
<doc>Clicks the button identified by ``locator``.</doc>
<status status="PASS" start="2026-07-20T14:09:15.623345" elapsed="0.231020"/>
</kw>
<kw name="Wait Until Element Is Visible" owner="SeleniumLibrary">
<arg>${BOOKING_OUTPUT}</arg>
<arg>timeout=${DEFAULT_TIMEOUT}</arg>
<doc>Waits until the element ``locator`` is visible.</doc>
<status status="PASS" start="2026-07-20T14:09:15.854722" elapsed="0.028908"/>
</kw>
<status status="PASS" start="2026-07-20T14:09:15.622825" elapsed="0.261056"/>
</kw>
<kw name="Verify Booking Error Message" owner="booking_assertions">
<kw name="Wait Until Element Is Visible" owner="SeleniumLibrary">
<arg>${output_locator}</arg>
<arg>timeout=${DEFAULT_TIMEOUT}</arg>
<doc>Waits until the element ``locator`` is visible.</doc>
<status status="PASS" start="2026-07-20T14:09:15.885703" elapsed="0.021874"/>
</kw>
<kw name="Element Should Contain" owner="SeleniumLibrary">
<msg time="2026-07-20T14:09:15.936102" level="INFO">Element 'id=bookingOutput' contains text 'Invalid date range'.</msg>
<arg>${output_locator}</arg>
<arg>${expected_error}</arg>
<doc>Verifies that element ``locator`` contains text ``expected``.</doc>
<status status="PASS" start="2026-07-20T14:09:15.907968" elapsed="0.028362"/>
</kw>
<arg>${BOOKING_INVALID_DATES}</arg>
<status status="PASS" start="2026-07-20T14:09:15.884965" elapsed="0.051581"/>
</kw>
<kw name="Cleanup Created Booking" type="TEARDOWN">
<kw name="Get Element Attribute" owner="SeleniumLibrary">
<msg time="2026-07-20T14:09:15.995542" level="INFO">${cancel_id} = </msg>
<var>${cancel_id}</var>
<arg>${CANCEL_BOOKING_ID_INPUT}</arg>
<arg>value</arg>
<doc>Returns the value of ``attribute`` from the element ``locator``.</doc>
<status status="PASS" start="2026-07-20T14:09:15.939332" elapsed="0.056352"/>
</kw>
<if>
<branch type="IF" condition="'${cancel_id}' != ''">
<kw name="Click Button" owner="SeleniumLibrary">
<arg>${CANCEL_BOOKING_BTN}</arg>
<doc>Clicks the button identified by ``locator``.</doc>
<status status="NOT RUN" start="2026-07-20T14:09:15.996538" elapsed="0.000080"/>
</kw>
<kw name="Run Keyword And Ignore Error" owner="BuiltIn">
<arg>Wait Until Element Contains</arg>
<arg>${TOAST}</arg>
<arg>${CANCEL_SUCCESS}</arg>
<arg>timeout=15s</arg>
<doc>Runs the given keyword with the given arguments and ignores possible error.</doc>
<status status="NOT RUN" start="2026-07-20T14:09:15.996944" elapsed="0.000076"/>
</kw>
<status status="NOT RUN" start="2026-07-20T14:09:15.995980" elapsed="0.001207"/>
</branch>
<status status="PASS" start="2026-07-20T14:09:15.995904" elapsed="0.001408"/>
</if>
<kw name="Clear Booking Form" owner="booking_page">
<kw name="Clear Booking Field" owner="booking_page">
<kw name="Clear Element Text" owner="SeleniumLibrary">
<arg>${field_locator}</arg>
<doc>Clears the value of the text-input-element identified by ``locator``.</doc>
<status status="PASS" start="2026-07-20T14:09:15.999407" elapsed="0.044171"/>
</kw>
<arg>${BOOKING_HOTEL_ID_INPUT}</arg>
<status status="PASS" start="2026-07-20T14:09:15.998403" elapsed="0.045414"/>
</kw>
<kw name="Clear Booking Field" owner="booking_page">
<kw name="Clear Element Text" owner="SeleniumLibrary">
<arg>${field_locator}</arg>
<doc>Clears the value of the text-input-element identified by ``locator``.</doc>
<status status="PASS" start="2026-07-20T14:09:16.044944" elapsed="0.107247"/>
</kw>
<arg>${BOOKING_CUSTOMER_INPUT}</arg>
<status status="PASS" start="2026-07-20T14:09:16.044201" elapsed="0.108258"/>
</kw>
<kw name="Clear Booking Field" owner="booking_page">
<kw name="Clear Element Text" owner="SeleniumLibrary">
<arg>${field_locator}</arg>
<doc>Clears the value of the text-input-element identified by ``locator``.</doc>
<status status="PASS" start="2026-07-20T14:09:16.154026" elapsed="0.062900"/>
</kw>
<arg>${BOOKING_PEOPLE_INPUT}</arg>
<status status="PASS" start="2026-07-20T14:09:16.153012" elapsed="0.064116"/>
</kw>
<kw name="Clear Booking Field" owner="booking_page">
<kw name="Clear Element Text" owner="SeleniumLibrary">
<arg>${field_locator}</arg>
<doc>Clears the value of the text-input-element identified by ``locator``.</doc>
<status status="PASS" start="2026-07-20T14:09:16.217917" elapsed="0.035596"/>
</kw>
<arg>${BOOKING_BEDS_INPUT}</arg>
<status status="PASS" start="2026-07-20T14:09:16.217441" elapsed="0.036266"/>
</kw>
<kw name="Clear Booking Field" owner="booking_page">
<kw name="Clear Element Text" owner="SeleniumLibrary">
<arg>${field_locator}</arg>
<doc>Clears the value of the text-input-element identified by ``locator``.</doc>
<status status="PASS" start="2026-07-20T14:09:16.254683" elapsed="0.040321"/>
</kw>
<arg>${BOOKING_TWIN_BEDS_INPUT}</arg>
<status status="PASS" start="2026-07-20T14:09:16.254039" elapsed="0.041181"/>
</kw>
<kw name="Clear Booking Field" owner="booking_page">
<kw name="Clear Element Text" owner="SeleniumLibrary">
<arg>${field_locator}</arg>
<doc>Clears the value of the text-input-element identified by ``locator``.</doc>
<status status="PASS" start="2026-07-20T14:09:16.296325" elapsed="0.049623"/>
</kw>
<arg>${BOOKING_CHECK_IN_INPUT}</arg>
<status status="PASS" start="2026-07-20T14:09:16.295558" elapsed="0.050574"/>
</kw>
<kw name="Clear Booking Field" owner="booking_page">
<kw name="Clear Element Text" owner="SeleniumLibrary">
<arg>${field_locator}</arg>
<doc>Clears the value of the text-input-element identified by ``locator``.</doc>
<status status="PASS" start="2026-07-20T14:09:16.347053" elapsed="0.032944"/>
</kw>
<arg>${BOOKING_CHECK_OUT_INPUT}</arg>
<status status="PASS" start="2026-07-20T14:09:16.346442" elapsed="0.033783"/>
</kw>
<status status="PASS" start="2026-07-20T14:09:15.997680" elapsed="0.382658"/>
</kw>
<kw name="Clear Cancel Booking ID" owner="cancel_page">
<kw name="Clear Element Text" owner="SeleniumLibrary">
<arg>${CANCEL_BOOKING_ID_INPUT}</arg>
<doc>Clears the value of the text-input-element identified by ``locator``.</doc>
<status status="PASS" start="2026-07-20T14:09:16.381053" elapsed="0.036158"/>
</kw>
<status status="PASS" start="2026-07-20T14:09:16.380618" elapsed="0.036770"/>
</kw>
<status status="PASS" start="2026-07-20T14:09:15.938633" elapsed="0.478842"/>
</kw>
<doc>Booking is blocked when check-out is before check-in.</doc>
<tag>booking</tag>
<tag>create</tag>
<tag>negative</tag>
<status status="PASS" start="2026-07-20T14:09:14.114254" elapsed="2.303481"/>
</test>
<test id="s1-s1-t3" name="TC-13 Booking Blocked With Missing Hotel ID" line="39">
<kw name="Fill Valid Booking" owner="booking_page">
<kw name="Fill Hotel ID" owner="booking_page">
<kw name="Fill Booking Field" owner="booking_page">
<kw name="Clear Element Text" owner="SeleniumLibrary">
<arg>${field_locator}</arg>
<doc>Clears the value of the text-input-element identified by ``locator``.</doc>
<status status="PASS" start="2026-07-20T14:09:16.421563" elapsed="0.039254"/>
</kw>
<kw name="Input Text" owner="SeleniumLibrary">
<msg time="2026-07-20T14:09:16.461767" level="INFO">Typing text 'HTL-101' into text field 'id=bookingHotelId'.</msg>
<arg>${field_locator}</arg>
<arg>${value}</arg>
<doc>Types the given ``text`` into the text field identified by ``locator``.</doc>
<status status="PASS" start="2026-07-20T14:09:16.461188" elapsed="0.174484"/>
</kw>
<arg>${BOOKING_HOTEL_ID_INPUT}</arg>
<arg>${hotel_id}</arg>
<status status="PASS" start="2026-07-20T14:09:16.420992" elapsed="0.214955"/>
</kw>
<arg>${hotel_id}</arg>
<status status="PASS" start="2026-07-20T14:09:16.420401" elapsed="0.215780"/>
</kw>
<kw name="Fill Customer Name" owner="booking_page">
<kw name="Fill Booking Field" owner="booking_page">
<kw name="Clear Element Text" owner="SeleniumLibrary">
<arg>${field_locator}</arg>
<doc>Clears the value of the text-input-element identified by ``locator``.</doc>
<status status="PASS" start="2026-07-20T14:09:16.637814" elapsed="0.068604"/>
</kw>
<kw name="Input Text" owner="SeleniumLibrary">
<msg time="2026-07-20T14:09:16.707444" level="INFO">Typing text 'Test' into text field 'id=customerName'.</msg>
<arg>${field_locator}</arg>
<arg>${value}</arg>
<doc>Types the given ``text`` into the text field identified by ``locator``.</doc>
<status status="PASS" start="2026-07-20T14:09:16.706842" elapsed="0.081385"/>
</kw>
<arg>${BOOKING_CUSTOMER_INPUT}</arg>
<arg>${name}</arg>
<status status="PASS" start="2026-07-20T14:09:16.637175" elapsed="0.151235"/>
</kw>
<arg>${customer}</arg>
<status status="PASS" start="2026-07-20T14:09:16.636531" elapsed="0.152037"/>
</kw>
<kw name="Fill People" owner="booking_page">
<kw name="Fill Booking Field" owner="booking_page">
<kw name="Clear Element Text" owner="SeleniumLibrary">
<arg>${field_locator}</arg>
<doc>Clears the value of the text-input-element identified by ``locator``.</doc>
<status status="PASS" start="2026-07-20T14:09:16.790648" elapsed="0.034751"/>
</kw>
<kw name="Input Text" owner="SeleniumLibrary">
<msg time="2026-07-20T14:09:16.826100" level="INFO">Typing text '1' into text field 'id=people'.</msg>
<arg>${field_locator}</arg>
<arg>${value}</arg>
<doc>Types the given ``text`` into the text field identified by ``locator``.</doc>
<status status="PASS" start="2026-07-20T14:09:16.825672" elapsed="0.093050"/>
</kw>
<arg>${BOOKING_PEOPLE_INPUT}</arg>
<arg>${count}</arg>
<status status="PASS" start="2026-07-20T14:09:16.789752" elapsed="0.129135"/>
</kw>
<arg>${people}</arg>
<status status="PASS" start="2026-07-20T14:09:16.788831" elapsed="0.130155"/>
</kw>
<kw name="Fill Beds" owner="booking_page">
<kw name="Fill Booking Field" owner="booking_page">
<kw name="Clear Element Text" owner="SeleniumLibrary">
<arg>${field_locator}</arg>
<doc>Clears the value of the text-input-element identified by ``locator``.</doc>
<status status="PASS" start="2026-07-20T14:09:16.920217" elapsed="0.034123"/>
</kw>
<kw name="Input Text" owner="SeleniumLibrary">
<msg time="2026-07-20T14:09:16.954982" level="INFO">Typing text '1' into text field 'id=beds'.</msg>
<arg>${field_locator}</arg>
<arg>${value}</arg>
<doc>Types the given ``text`` into the text field identified by ``locator``.</doc>
<status status="PASS" start="2026-07-20T14:09:16.954616" elapsed="0.125186"/>
</kw>
<arg>${BOOKING_BEDS_INPUT}</arg>
<arg>${count}</arg>
<status status="PASS" start="2026-07-20T14:09:16.919752" elapsed="0.160319"/>
</kw>
<arg>${beds}</arg>
<status status="PASS" start="2026-07-20T14:09:16.919244" elapsed="0.160967"/>
</kw>
<kw name="Fill Twin Beds" owner="booking_page">
<kw name="Fill Booking Field" owner="booking_page">
<kw name="Clear Element Text" owner="SeleniumLibrary">
<arg>${field_locator}</arg>
<doc>Clears the value of the text-input-element identified by ``locator``.</doc>
<status status="PASS" start="2026-07-20T14:09:17.081590" elapsed="0.064108"/>
</kw>
<kw name="Input Text" owner="SeleniumLibrary">
<msg time="2026-07-20T14:09:17.146886" level="INFO">Typing text '0' into text field 'id=twinBeds'.</msg>
<arg>${field_locator}</arg>
<arg>${value}</arg>
<doc>Types the given ``text`` into the text field identified by ``locator``.</doc>
<status status="PASS" start="2026-07-20T14:09:17.146242" elapsed="0.119475"/>
</kw>
<arg>${BOOKING_TWIN_BEDS_INPUT}</arg>
<arg>${count}</arg>
<status status="PASS" start="2026-07-20T14:09:17.081112" elapsed="0.184778"/>
</kw>
<arg>${twin_beds}</arg>
<status status="PASS" start="2026-07-20T14:09:17.080549" elapsed="0.185445"/>
</kw>
<kw name="Fill Check In Date" owner="booking_page">
<kw name="Fill Booking Field" owner="booking_page">
<kw name="Clear Element Text" owner="SeleniumLibrary">
<arg>${field_locator}</arg>
<doc>Clears the value of the text-input-element identified by ``locator``.</doc>
<status status="PASS" start="2026-07-20T14:09:17.267309" elapsed="0.031558"/>
</kw>
<kw name="Input Text" owner="SeleniumLibrary">
<msg time="2026-07-20T14:09:17.299705" level="INFO">Typing text '19072026' into text field 'id=checkInDate'.</msg>
<arg>${field_locator}</arg>
<arg>${value}</arg>
<doc>Types the given ``text`` into the text field identified by ``locator``.</doc>
<status status="PASS" start="2026-07-20T14:09:17.299140" elapsed="0.099145"/>
</kw>
<arg>${BOOKING_CHECK_IN_INPUT}</arg>
<arg>${date}</arg>
<status status="PASS" start="2026-07-20T14:09:17.266837" elapsed="0.131658"/>
</kw>
<arg>${check_in}</arg>
<status status="PASS" start="2026-07-20T14:09:17.266252" elapsed="0.132381"/>
</kw>
<kw name="Fill Check Out Date" owner="booking_page">
<kw name="Fill Booking Field" owner="booking_page">
<kw name="Clear Element Text" owner="SeleniumLibrary">
<arg>${field_locator}</arg>
<doc>Clears the value of the text-input-element identified by ``locator``.</doc>
<status status="PASS" start="2026-07-20T14:09:17.400266" elapsed="0.037961"/>
</kw>
<kw name="Input Text" owner="SeleniumLibrary">
<msg time="2026-07-20T14:09:17.439681" level="INFO">Typing text '20072026' into text field 'id=checkOutDate'.</msg>
<arg>${field_locator}</arg>
<arg>${value}</arg>
<doc>Types the given ``text`` into the text field identified by ``locator``.</doc>
<status status="PASS" start="2026-07-20T14:09:17.438816" elapsed="0.179204"/>
</kw>
<arg>${BOOKING_CHECK_OUT_INPUT}</arg>
<arg>${date}</arg>
<status status="PASS" start="2026-07-20T14:09:17.399649" elapsed="0.218610"/>
</kw>
<arg>${check_out}</arg>
<status status="PASS" start="2026-07-20T14:09:17.398968" elapsed="0.219442"/>
</kw>
<status status="PASS" start="2026-07-20T14:09:16.419387" elapsed="1.199148"/>
</kw>
<kw name="Clear Booking Field" owner="booking_page">
<kw name="Clear Element Text" owner="SeleniumLibrary">
<arg>${field_locator}</arg>
<doc>Clears the value of the text-input-element identified by ``locator``.</doc>
<status status="PASS" start="2026-07-20T14:09:17.619677" elapsed="0.093801"/>
</kw>
<arg>${BOOKING_HOTEL_ID_INPUT}</arg>
<status status="PASS" start="2026-07-20T14:09:17.619026" elapsed="0.094669"/>
</kw>
<kw name="Submit Booking" owner="booking_page">
<kw name="Click Button" owner="SeleniumLibrary">
<msg time="2026-07-20T14:09:17.716024" level="INFO">Clicking button 'xpath=//button[contains(text(), 'Book Room')]'.</msg>
<arg>${BOOKING_SUBMIT_BTN}</arg>
<doc>Clicks the button identified by ``locator``.</doc>
<status status="PASS" start="2026-07-20T14:09:17.715514" elapsed="0.215365"/>
</kw>
<kw name="Wait Until Element Is Visible" owner="SeleniumLibrary">
<arg>${BOOKING_OUTPUT}</arg>
<arg>timeout=${DEFAULT_TIMEOUT}</arg>
<doc>Waits until the element ``locator`` is visible.</doc>
<status status="PASS" start="2026-07-20T14:09:17.931464" elapsed="0.023720"/>
</kw>
<status status="PASS" start="2026-07-20T14:09:17.714336" elapsed="0.241203"/>
</kw>
<kw name="Verify Booking Error Message" owner="booking_assertions">
<kw name="Wait Until Element Is Visible" owner="SeleniumLibrary">
<arg>${output_locator}</arg>
<arg>timeout=${DEFAULT_TIMEOUT}</arg>
<doc>Waits until the element ``locator`` is visible.</doc>
<status status="PASS" start="2026-07-20T14:09:17.958137" elapsed="0.183460"/>
</kw>
<kw name="Element Should Contain" owner="SeleniumLibrary">
<msg time="2026-07-20T14:09:18.215747" level="INFO">Element 'id=bookingOutput' contains text 'Missing required booking fields'.</msg>
<arg>${output_locator}</arg>
<arg>${expected_error}</arg>
<doc>Verifies that element ``locator`` contains text ``expected``.</doc>
<status status="PASS" start="2026-07-20T14:09:18.141953" elapsed="0.073939"/>
</kw>
<arg>${BOOKING_MISSING_FIELDS}</arg>
<status status="PASS" start="2026-07-20T14:09:17.957121" elapsed="0.258902"/>
</kw>
<kw name="Cleanup Created Booking" type="TEARDOWN">
<kw name="Get Element Attribute" owner="SeleniumLibrary">
<msg time="2026-07-20T14:09:18.240517" level="INFO">${cancel_id} = </msg>
<var>${cancel_id}</var>
<arg>${CANCEL_BOOKING_ID_INPUT}</arg>
<arg>value</arg>
<doc>Returns the value of ``attribute`` from the element ``locator``.</doc>
<status status="PASS" start="2026-07-20T14:09:18.217286" elapsed="0.023552"/>
</kw>
<if>
<branch type="IF" condition="'${cancel_id}' != ''">
<kw name="Click Button" owner="SeleniumLibrary">
<arg>${CANCEL_BOOKING_BTN}</arg>
<doc>Clicks the button identified by ``locator``.</doc>
<status status="NOT RUN" start="2026-07-20T14:09:18.241685" elapsed="0.000078"/>
</kw>
<kw name="Run Keyword And Ignore Error" owner="BuiltIn">
<arg>Wait Until Element Contains</arg>
<arg>${TOAST}</arg>
<arg>${CANCEL_SUCCESS}</arg>
<arg>timeout=15s</arg>
<doc>Runs the given keyword with the given arguments and ignores possible error.</doc>
<status status="NOT RUN" start="2026-07-20T14:09:18.242032" elapsed="0.000068"/>
</kw>
<status status="NOT RUN" start="2026-07-20T14:09:18.241132" elapsed="0.001087"/>
</branch>
<status status="PASS" start="2026-07-20T14:09:18.241070" elapsed="0.001248"/>
</if>
<kw name="Clear Booking Form" owner="booking_page">
<kw name="Clear Booking Field" owner="booking_page">
<kw name="Clear Element Text" owner="SeleniumLibrary">
<arg>${field_locator}</arg>
<doc>Clears the value of the text-input-element identified by ``locator``.</doc>
<status status="PASS" start="2026-07-20T14:09:18.250208" elapsed="0.112522"/>
</kw>
<arg>${BOOKING_HOTEL_ID_INPUT}</arg>
<status status="PASS" start="2026-07-20T14:09:18.248078" elapsed="0.114878"/>
</kw>
<kw name="Clear Booking Field" owner="booking_page">
<kw name="Clear Element Text" owner="SeleniumLibrary">
<arg>${field_locator}</arg>
<doc>Clears the value of the text-input-element identified by ``locator``.</doc>
<status status="PASS" start="2026-07-20T14:09:18.364659" elapsed="0.047708"/>
</kw>
<arg>${BOOKING_CUSTOMER_INPUT}</arg>
<status status="PASS" start="2026-07-20T14:09:18.363357" elapsed="0.049309"/>
</kw>
<kw name="Clear Booking Field" owner="booking_page">
<kw name="Clear Element Text" owner="SeleniumLibrary">
<arg>${field_locator}</arg>
<doc>Clears the value of the text-input-element identified by ``locator``.</doc>
<status status="PASS" start="2026-07-20T14:09:18.414152" elapsed="0.080865"/>
</kw>
<arg>${BOOKING_PEOPLE_INPUT}</arg>
<status status="PASS" start="2026-07-20T14:09:18.413187" elapsed="0.082082"/>
</kw>
<kw name="Clear Booking Field" owner="booking_page">
<kw name="Clear Element Text" owner="SeleniumLibrary">
<arg>${field_locator}</arg>
<doc>Clears the value of the text-input-element identified by ``locator``.</doc>
<status status="PASS" start="2026-07-20T14:09:18.496361" elapsed="0.119884"/>
</kw>
<arg>${BOOKING_BEDS_INPUT}</arg>
<status status="PASS" start="2026-07-20T14:09:18.495624" elapsed="0.120823"/>
</kw>
<kw name="Clear Booking Field" owner="booking_page">
<kw name="Clear Element Text" owner="SeleniumLibrary">
<arg>${field_locator}</arg>
<doc>Clears the value of the text-input-element identified by ``locator``.</doc>
<status status="PASS" start="2026-07-20T14:09:18.617313" elapsed="0.044395"/>
</kw>
<arg>${BOOKING_TWIN_BEDS_INPUT}</arg>
<status status="PASS" start="2026-07-20T14:09:18.616807" elapsed="0.045135"/>
</kw>
<kw name="Clear Booking Field" owner="booking_page">
<kw name="Clear Element Text" owner="SeleniumLibrary">
<arg>${field_locator}</arg>
<doc>Clears the value of the text-input-element identified by ``locator``.</doc>
<status status="PASS" start="2026-07-20T14:09:18.663454" elapsed="0.053330"/>
</kw>
<arg>${BOOKING_CHECK_IN_INPUT}</arg>
<status status="PASS" start="2026-07-20T14:09:18.662537" elapsed="0.054469"/>
</kw>
<kw name="Clear Booking Field" owner="booking_page">
<kw name="Clear Element Text" owner="SeleniumLibrary">
<arg>${field_locator}</arg>
<doc>Clears the value of the text-input-element identified by ``locator``.</doc>
<status status="PASS" start="2026-07-20T14:09:18.718032" elapsed="0.036750"/>
</kw>
<arg>${BOOKING_CHECK_OUT_INPUT}</arg>
<status status="PASS" start="2026-07-20T14:09:18.717362" elapsed="0.037840"/>
</kw>
<status status="PASS" start="2026-07-20T14:09:18.244077" elapsed="0.511268"/>
</kw>
<kw name="Clear Cancel Booking ID" owner="cancel_page">
<kw name="Clear Element Text" owner="SeleniumLibrary">
<arg>${CANCEL_BOOKING_ID_INPUT}</arg>
<doc>Clears the value of the text-input-element identified by ``locator``.</doc>
<status status="PASS" start="2026-07-20T14:09:18.756341" elapsed="0.037802"/>
</kw>
<status status="PASS" start="2026-07-20T14:09:18.755699" elapsed="0.038673"/>
</kw>
<status status="PASS" start="2026-07-20T14:09:18.216733" elapsed="0.577770"/>
</kw>
<doc>Booking is blocked when Hotel ID is blank.</doc>
<tag>booking</tag>
<tag>create</tag>
<tag>negative</tag>
<status status="PASS" start="2026-07-20T14:09:16.418562" elapsed="2.376346"/>
</test>
<test id="s1-s1-t4" name="TC-14 Booking Blocked With Missing Customer Name" line="47">
<kw name="Fill Valid Booking" owner="booking_page">
<kw name="Fill Hotel ID" owner="booking_page">
<kw name="Fill Booking Field" owner="booking_page">
<kw name="Clear Element Text" owner="SeleniumLibrary">
<arg>${field_locator}</arg>
<doc>Clears the value of the text-input-element identified by ``locator``.</doc>
<status status="PASS" start="2026-07-20T14:09:18.801344" elapsed="0.076218"/>
</kw>
<kw name="Input Text" owner="SeleniumLibrary">
<msg time="2026-07-20T14:09:18.878414" level="INFO">Typing text 'HTL-101' into text field 'id=bookingHotelId'.</msg>
<arg>${field_locator}</arg>
<arg>${value}</arg>
<doc>Types the given ``text`` into the text field identified by ``locator``.</doc>
<status status="PASS" start="2026-07-20T14:09:18.877893" elapsed="0.120799"/>
</kw>
<arg>${BOOKING_HOTEL_ID_INPUT}</arg>
<arg>${hotel_id}</arg>
<status status="PASS" start="2026-07-20T14:09:18.799946" elapsed="0.198967"/>
</kw>
<arg>${hotel_id}</arg>
<status status="PASS" start="2026-07-20T14:09:18.799215" elapsed="0.199825"/>
</kw>
<kw name="Fill Customer Name" owner="booking_page">
<kw name="Fill Booking Field" owner="booking_page">
<kw name="Clear Element Text" owner="SeleniumLibrary">
<arg>${field_locator}</arg>
<doc>Clears the value of the text-input-element identified by ``locator``.</doc>
<status status="PASS" start="2026-07-20T14:09:19.001174" elapsed="0.051444"/>
</kw>
<kw name="Input Text" owner="SeleniumLibrary">
<msg time="2026-07-20T14:09:19.053579" level="INFO">Typing text 'Test' into text field 'id=customerName'.</msg>
<arg>${field_locator}</arg>
<arg>${value}</arg>
<doc>Types the given ``text`` into the text field identified by ``locator``.</doc>
<status status="PASS" start="2026-07-20T14:09:19.052974" elapsed="0.148934"/>
</kw>
<arg>${BOOKING_CUSTOMER_INPUT}</arg>
<arg>${name}</arg>
<status status="PASS" start="2026-07-20T14:09:19.000551" elapsed="0.201543"/>
</kw>
<arg>${customer}</arg>
<status status="PASS" start="2026-07-20T14:09:18.999745" elapsed="0.202463"/>
</kw>
<kw name="Fill People" owner="booking_page">
<kw name="Fill Booking Field" owner="booking_page">
<kw name="Clear Element Text" owner="SeleniumLibrary">
<arg>${field_locator}</arg>
<doc>Clears the value of the text-input-element identified by ``locator``.</doc>
<status status="PASS" start="2026-07-20T14:09:19.204794" elapsed="0.080217"/>
</kw>
<kw name="Input Text" owner="SeleniumLibrary">
<msg time="2026-07-20T14:09:19.286047" level="INFO">Typing text '1' into text field 'id=people'.</msg>
<arg>${field_locator}</arg>
<arg>${value}</arg>
<doc>Types the given ``text`` into the text field identified by ``locator``.</doc>
<status status="PASS" start="2026-07-20T14:09:19.285364" elapsed="0.131159"/>
</kw>
<arg>${BOOKING_PEOPLE_INPUT}</arg>
<arg>${count}</arg>
<status status="PASS" start="2026-07-20T14:09:19.203008" elapsed="0.213732"/>
</kw>
<arg>${people}</arg>
<status status="PASS" start="2026-07-20T14:09:19.202492" elapsed="0.214388"/>
</kw>
<kw name="Fill Beds" owner="booking_page">
<kw name="Fill Booking Field" owner="booking_page">
<kw name="Clear Element Text" owner="SeleniumLibrary">
<arg>${field_locator}</arg>
<doc>Clears the value of the text-input-element identified by ``locator``.</doc>
<status status="PASS" start="2026-07-20T14:09:19.418770" elapsed="0.049754"/>
</kw>
<kw name="Input Text" owner="SeleniumLibrary">
<msg time="2026-07-20T14:09:19.469772" level="INFO">Typing text '1' into text field 'id=beds'.</msg>
<arg>${field_locator}</arg>
<arg>${value}</arg>
<doc>Types the given ``text`` into the text field identified by ``locator``.</doc>
<status status="PASS" start="2026-07-20T14:09:19.468926" elapsed="0.137832"/>
</kw>
<arg>${BOOKING_BEDS_INPUT}</arg>
<arg>${count}</arg>
<status status="PASS" start="2026-07-20T14:09:19.418004" elapsed="0.188992"/>
</kw>
<arg>${beds}</arg>
<status status="PASS" start="2026-07-20T14:09:19.417278" elapsed="0.189854"/>
</kw>
<kw name="Fill Twin Beds" owner="booking_page">
<kw name="Fill Booking Field" owner="booking_page">
<kw name="Clear Element Text" owner="SeleniumLibrary">
<arg>${field_locator}</arg>
<doc>Clears the value of the text-input-element identified by ``locator``.</doc>
<status status="PASS" start="2026-07-20T14:09:19.608704" elapsed="0.068270"/>
</kw>
<kw name="Input Text" owner="SeleniumLibrary">
<msg time="2026-07-20T14:09:19.678190" level="INFO">Typing text '0' into text field 'id=twinBeds'.</msg>
<arg>${field_locator}</arg>
<arg>${value}</arg>
<doc>Types the given ``text`` into the text field identified by ``locator``.</doc>
<status status="PASS" start="2026-07-20T14:09:19.677429" elapsed="0.139493"/>
</kw>
<arg>${BOOKING_TWIN_BEDS_INPUT}</arg>
<arg>${count}</arg>
<status status="PASS" start="2026-07-20T14:09:19.608100" elapsed="0.209050"/>
</kw>
<arg>${twin_beds}</arg>
<status status="PASS" start="2026-07-20T14:09:19.607457" elapsed="0.209824"/>
</kw>
<kw name="Fill Check In Date" owner="booking_page">
<kw name="Fill Booking Field" owner="booking_page">
<kw name="Clear Element Text" owner="SeleniumLibrary">
<arg>${field_locator}</arg>
<doc>Clears the value of the text-input-element identified by ``locator``.</doc>
<status status="PASS" start="2026-07-20T14:09:19.818947" elapsed="0.035349"/>
</kw>
<kw name="Input Text" owner="SeleniumLibrary">
<msg time="2026-07-20T14:09:19.855194" level="INFO">Typing text '19072026' into text field 'id=checkInDate'.</msg>
<arg>${field_locator}</arg>
<arg>${value}</arg>
<doc>Types the given ``text`` into the text field identified by ``locator``.</doc>
<status status="PASS" start="2026-07-20T14:09:19.854635" elapsed="0.080626"/>
</kw>
<arg>${BOOKING_CHECK_IN_INPUT}</arg>
<arg>${date}</arg>
<status status="PASS" start="2026-07-20T14:09:19.818315" elapsed="0.117132"/>
</kw>
<arg>${check_in}</arg>
<status status="PASS" start="2026-07-20T14:09:19.817682" elapsed="0.117883"/>
</kw>
<kw name="Fill Check Out Date" owner="booking_page">
<kw name="Fill Booking Field" owner="booking_page">
<kw name="Clear Element Text" owner="SeleniumLibrary">
<arg>${field_locator}</arg>
<doc>Clears the value of the text-input-element identified by ``locator``.</doc>
<status status="PASS" start="2026-07-20T14:09:19.937742" elapsed="0.035807"/>
</kw>
<kw name="Input Text" owner="SeleniumLibrary">
<msg time="2026-07-20T14:09:19.974323" level="INFO">Typing text '20072026' into text field 'id=checkOutDate'.</msg>
<arg>${field_locator}</arg>
<arg>${value}</arg>
<doc>Types the given ``text`` into the text field identified by ``locator``.</doc>
<status status="PASS" start="2026-07-20T14:09:19.973850" elapsed="0.122694"/>
</kw>
<arg>${BOOKING_CHECK_OUT_INPUT}</arg>
<arg>${date}</arg>
<status status="PASS" start="2026-07-20T14:09:19.936935" elapsed="0.159856"/>
</kw>
<arg>${check_out}</arg>
<status status="PASS" start="2026-07-20T14:09:19.935853" elapsed="0.161092"/>
</kw>
<status status="PASS" start="2026-07-20T14:09:18.798109" elapsed="1.298957"/>
</kw>
<kw name="Clear Booking Field" owner="booking_page">
<kw name="Clear Element Text" owner="SeleniumLibrary">
<arg>${field_locator}</arg>
<doc>Clears the value of the text-input-element identified by ``locator``.</doc>
<status status="PASS" start="2026-07-20T14:09:20.098314" elapsed="0.052359"/>
</kw>
<arg>${BOOKING_CUSTOMER_INPUT}</arg>
<status status="PASS" start="2026-07-20T14:09:20.097677" elapsed="0.053223"/>
</kw>
<kw name="Submit Booking" owner="booking_page">
<kw name="Click Button" owner="SeleniumLibrary">
<msg time="2026-07-20T14:09:20.153163" level="INFO">Clicking button 'xpath=//button[contains(text(), 'Book Room')]'.</msg>
<arg>${BOOKING_SUBMIT_BTN}</arg>
<doc>Clicks the button identified by ``locator``.</doc>
<status status="PASS" start="2026-07-20T14:09:20.152245" elapsed="0.137299"/>
</kw>
<kw name="Wait Until Element Is Visible" owner="SeleniumLibrary">
<arg>${BOOKING_OUTPUT}</arg>
<arg>timeout=${DEFAULT_TIMEOUT}</arg>
<doc>Waits until the element ``locator`` is visible.</doc>
<status status="PASS" start="2026-07-20T14:09:20.289900" elapsed="0.020935"/>
</kw>
<status status="PASS" start="2026-07-20T14:09:20.151646" elapsed="0.159396"/>
</kw>
<kw name="Verify Booking Error Message" owner="booking_assertions">
<kw name="Wait Until Element Is Visible" owner="SeleniumLibrary">
<arg>${output_locator}</arg>
<arg>timeout=${DEFAULT_TIMEOUT}</arg>
<doc>Waits until the element ``locator`` is visible.</doc>
<status status="PASS" start="2026-07-20T14:09:20.312234" elapsed="0.016965"/>
</kw>
<kw name="Element Should Contain" owner="SeleniumLibrary">
<msg time="2026-07-20T14:09:20.351680" level="INFO">Element 'id=bookingOutput' contains text 'Missing required booking fields'.</msg>
<arg>${output_locator}</arg>
<arg>${expected_error}</arg>
<doc>Verifies that element ``locator`` contains text ``expected``.</doc>
<status status="PASS" start="2026-07-20T14:09:20.329531" elapsed="0.022278"/>
</kw>
<arg>${BOOKING_MISSING_FIELDS}</arg>
<status status="PASS" start="2026-07-20T14:09:20.311566" elapsed="0.040392"/>
</kw>
<kw name="Cleanup Created Booking" type="TEARDOWN">
<kw name="Get Element Attribute" owner="SeleniumLibrary">
<msg time="2026-07-20T14:09:20.375101" level="INFO">${cancel_id} = </msg>
<var>${cancel_id}</var>
<arg>${CANCEL_BOOKING_ID_INPUT}</arg>
<arg>value</arg>
<doc>Returns the value of ``attribute`` from the element ``locator``.</doc>
<status status="PASS" start="2026-07-20T14:09:20.355643" elapsed="0.019544"/>
</kw>
<if>
<branch type="IF" condition="'${cancel_id}' != ''">
<kw name="Click Button" owner="SeleniumLibrary">
<arg>${CANCEL_BOOKING_BTN}</arg>
<doc>Clicks the button identified by ``locator``.</doc>
<status status="NOT RUN" start="2026-07-20T14:09:20.375818" elapsed="0.000046"/>
</kw>
<kw name="Run Keyword And Ignore Error" owner="BuiltIn">
<arg>Wait Until Element Contains</arg>
<arg>${TOAST}</arg>
<arg>${CANCEL_SUCCESS}</arg>
<arg>timeout=15s</arg>
<doc>Runs the given keyword with the given arguments and ignores possible error.</doc>
<status status="NOT RUN" start="2026-07-20T14:09:20.376078" elapsed="0.000060"/>
</kw>
<status status="NOT RUN" start="2026-07-20T14:09:20.375461" elapsed="0.000783"/>
</branch>
<status status="PASS" start="2026-07-20T14:09:20.375398" elapsed="0.000930"/>
</if>
<kw name="Clear Booking Form" owner="booking_page">
<kw name="Clear Booking Field" owner="booking_page">
<kw name="Clear Element Text" owner="SeleniumLibrary">
<arg>${field_locator}</arg>
<doc>Clears the value of the text-input-element identified by ``locator``.</doc>
<status status="PASS" start="2026-07-20T14:09:20.381644" elapsed="0.063725"/>
</kw>
<arg>${BOOKING_HOTEL_ID_INPUT}</arg>
<status status="PASS" start="2026-07-20T14:09:20.379152" elapsed="0.066524"/>
</kw>
<kw name="Clear Booking Field" owner="booking_page">
<kw name="Clear Element Text" owner="SeleniumLibrary">
<arg>${field_locator}</arg>
<doc>Clears the value of the text-input-element identified by ``locator``.</doc>
<status status="PASS" start="2026-07-20T14:09:20.446801" elapsed="0.036329"/>
</kw>
<arg>${BOOKING_CUSTOMER_INPUT}</arg>
<status status="PASS" start="2026-07-20T14:09:20.446095" elapsed="0.037380"/>
</kw>
<kw name="Clear Booking Field" owner="booking_page">
<kw name="Clear Element Text" owner="SeleniumLibrary">
<arg>${field_locator}</arg>
<doc>Clears the value of the text-input-element identified by ``locator``.</doc>
<status status="PASS" start="2026-07-20T14:09:20.484675" elapsed="0.083082"/>
</kw>
<arg>${BOOKING_PEOPLE_INPUT}</arg>
<status status="PASS" start="2026-07-20T14:09:20.483889" elapsed="0.084009"/>
</kw>
<kw name="Clear Booking Field" owner="booking_page">
<kw name="Clear Element Text" owner="SeleniumLibrary">
<arg>${field_locator}</arg>
<doc>Clears the value of the text-input-element identified by ``locator``.</doc>
<status status="PASS" start="2026-07-20T14:09:20.569092" elapsed="0.034521"/>
</kw>
<arg>${BOOKING_BEDS_INPUT}</arg>
<status status="PASS" start="2026-07-20T14:09:20.568200" elapsed="0.035642"/>
</kw>
<kw name="Clear Booking Field" owner="booking_page">
<kw name="Clear Element Text" owner="SeleniumLibrary">
<arg>${field_locator}</arg>
<doc>Clears the value of the text-input-element identified by ``locator``.</doc>
<status status="PASS" start="2026-07-20T14:09:20.605104" elapsed="0.035737"/>
</kw>
<arg>${BOOKING_TWIN_BEDS_INPUT}</arg>
<status status="PASS" start="2026-07-20T14:09:20.604243" elapsed="0.036806"/>
</kw>
<kw name="Clear Booking Field" owner="booking_page">
<kw name="Clear Element Text" owner="SeleniumLibrary">
<arg>${field_locator}</arg>
<doc>Clears the value of the text-input-element identified by ``locator``.</doc>
<status status="PASS" start="2026-07-20T14:09:20.642147" elapsed="0.067067"/>
</kw>
<arg>${BOOKING_CHECK_IN_INPUT}</arg>
<status status="PASS" start="2026-07-20T14:09:20.641502" elapsed="0.067905"/>
</kw>
<kw name="Clear Booking Field" owner="booking_page">
<kw name="Clear Element Text" owner="SeleniumLibrary">
<arg>${field_locator}</arg>
<doc>Clears the value of the text-input-element identified by ``locator``.</doc>
<status status="PASS" start="2026-07-20T14:09:20.710260" elapsed="0.037513"/>
</kw>
<arg>${BOOKING_CHECK_OUT_INPUT}</arg>
<status status="PASS" start="2026-07-20T14:09:20.709738" elapsed="0.038204"/>
</kw>
<status status="PASS" start="2026-07-20T14:09:20.376817" elapsed="0.371229"/>
</kw>
<kw name="Clear Cancel Booking ID" owner="cancel_page">
<kw name="Clear Element Text" owner="SeleniumLibrary">
<arg>${CANCEL_BOOKING_ID_INPUT}</arg>
<doc>Clears the value of the text-input-element identified by ``locator``.</doc>
<status status="PASS" start="2026-07-20T14:09:20.748720" elapsed="0.081217"/>
</kw>
<status status="PASS" start="2026-07-20T14:09:20.748301" elapsed="0.081847"/>
</kw>
<status status="PASS" start="2026-07-20T14:09:20.354087" elapsed="0.476210"/>
</kw>
<doc>Booking is blocked when Customer Name is blank.</doc>
<tag>booking</tag>
<tag>create</tag>
<tag>negative</tag>
<status status="PASS" start="2026-07-20T14:09:18.796305" elapsed="2.034246"/>
</test>
<test id="s1-s1-t5" name="TC-15 Booking Blocked With Missing People" line="55">
<kw name="Fill Valid Booking" owner="booking_page">
<kw name="Fill Hotel ID" owner="booking_page">
<kw name="Fill Booking Field" owner="booking_page">
<kw name="Clear Element Text" owner="SeleniumLibrary">
<arg>${field_locator}</arg>
<doc>Clears the value of the text-input-element identified by ``locator``.</doc>
<status status="PASS" start="2026-07-20T14:09:20.835515" elapsed="0.140755"/>
</kw>
<kw name="Input Text" owner="SeleniumLibrary">
<msg time="2026-07-20T14:09:20.977316" level="INFO">Typing text 'HTL-101' into text field 'id=bookingHotelId'.</msg>
<arg>${field_locator}</arg>
<arg>${value}</arg>
<doc>Types the given ``text`` into the text field identified by ``locator``.</doc>
<status status="PASS" start="2026-07-20T14:09:20.976710" elapsed="0.222772"/>
</kw>
<arg>${BOOKING_HOTEL_ID_INPUT}</arg>
<arg>${hotel_id}</arg>
<status status="PASS" start="2026-07-20T14:09:20.834558" elapsed="0.365133"/>
</kw>
<arg>${hotel_id}</arg>
<status status="PASS" start="2026-07-20T14:09:20.833912" elapsed="0.365902"/>
</kw>
<kw name="Fill Customer Name" owner="booking_page">
<kw name="Fill Booking Field" owner="booking_page">
<kw name="Clear Element Text" owner="SeleniumLibrary">
<arg>${field_locator}</arg>
<doc>Clears the value of the text-input-element identified by ``locator``.</doc>
<status status="PASS" start="2026-07-20T14:09:21.201215" elapsed="0.055364"/>
</kw>
<kw name="Input Text" owner="SeleniumLibrary">
<msg time="2026-07-20T14:09:21.257380" level="INFO">Typing text 'Test' into text field 'id=customerName'.</msg>
<arg>${field_locator}</arg>
<arg>${value}</arg>
<doc>Types the given ``text`` into the text field identified by ``locator``.</doc>
<status status="PASS" start="2026-07-20T14:09:21.256811" elapsed="0.105030"/>
</kw>
<arg>${BOOKING_CUSTOMER_INPUT}</arg>
<arg>${name}</arg>
<status status="PASS" start="2026-07-20T14:09:21.200663" elapsed="0.161403"/>
</kw>
<arg>${customer}</arg>
<status status="PASS" start="2026-07-20T14:09:21.200100" elapsed="0.162103"/>
</kw>
<kw name="Fill People" owner="booking_page">
<kw name="Fill Booking Field" owner="booking_page">
<kw name="Clear Element Text" owner="SeleniumLibrary">
<arg>${field_locator}</arg>
<doc>Clears the value of the text-input-element identified by ``locator``.</doc>
<status status="PASS" start="2026-07-20T14:09:21.363826" elapsed="0.136864"/>
</kw>
<kw name="Input Text" owner="SeleniumLibrary">
<msg time="2026-07-20T14:09:21.502593" level="INFO">Typing text '1' into text field 'id=people'.</msg>
<arg>${field_locator}</arg>
<arg>${value}</arg>
<doc>Types the given ``text`` into the text field identified by ``locator``.</doc>
<status status="PASS" start="2026-07-20T14:09:21.501673" elapsed="0.239115"/>
</kw>
<arg>${BOOKING_PEOPLE_INPUT}</arg>
<arg>${count}</arg>
<status status="PASS" start="2026-07-20T14:09:21.363186" elapsed="0.377807"/>
</kw>
<arg>${people}</arg>
<status status="PASS" start="2026-07-20T14:09:21.362536" elapsed="0.378610"/>
</kw>
<kw name="Fill Beds" owner="booking_page">
<kw name="Fill Booking Field" owner="booking_page">
<kw name="Clear Element Text" owner="SeleniumLibrary">
<arg>${field_locator}</arg>
<doc>Clears the value of the text-input-element identified by ``locator``.</doc>
<status status="PASS" start="2026-07-20T14:09:21.742694" elapsed="0.073708"/>
</kw>
<kw name="Input Text" owner="SeleniumLibrary">
<msg time="2026-07-20T14:09:21.817457" level="INFO">Typing text '1' into text field 'id=beds'.</msg>
<arg>${field_locator}</arg>
<arg>${value}</arg>
<doc>Types the given ``text`` into the text field identified by ``locator``.</doc>
<status status="PASS" start="2026-07-20T14:09:21.816789" elapsed="0.087911"/>
</kw>
<arg>${BOOKING_BEDS_INPUT}</arg>
<arg>${count}</arg>
<status status="PASS" start="2026-07-20T14:09:21.742095" elapsed="0.162840"/>
</kw>
<arg>${beds}</arg>
<status status="PASS" start="2026-07-20T14:09:21.741475" elapsed="0.163616"/>
</kw>
<kw name="Fill Twin Beds" owner="booking_page">
<kw name="Fill Booking Field" owner="booking_page">
<kw name="Clear Element Text" owner="SeleniumLibrary">
<arg>${field_locator}</arg>
<doc>Clears the value of the text-input-element identified by ``locator``.</doc>
<status status="PASS" start="2026-07-20T14:09:21.906833" elapsed="0.051142"/>
</kw>
<kw name="Input Text" owner="SeleniumLibrary">
<msg time="2026-07-20T14:09:21.958987" level="INFO">Typing text '0' into text field 'id=twinBeds'.</msg>
<arg>${field_locator}</arg>
<arg>${value}</arg>
<doc>Types the given ``text`` into the text field identified by ``locator``.</doc>
<status status="PASS" start="2026-07-20T14:09:21.958356" elapsed="0.155282"/>
</kw>
<arg>${BOOKING_TWIN_BEDS_INPUT}</arg>
<arg>${count}</arg>
<status status="PASS" start="2026-07-20T14:09:21.906179" elapsed="0.207606"/>
</kw>
<arg>${twin_beds}</arg>
<status status="PASS" start="2026-07-20T14:09:21.905484" elapsed="0.208398"/>
</kw>
<kw name="Fill Check In Date" owner="booking_page">
<kw name="Fill Booking Field" owner="booking_page">
<kw name="Clear Element Text" owner="SeleniumLibrary">
<arg>${field_locator}</arg>
<doc>Clears the value of the text-input-element identified by ``locator``.</doc>
<status status="PASS" start="2026-07-20T14:09:22.114998" elapsed="0.031986"/>
</kw>
<kw name="Input Text" owner="SeleniumLibrary">
<msg time="2026-07-20T14:09:22.147837" level="INFO">Typing text '19072026' into text field 'id=checkInDate'.</msg>
<arg>${field_locator}</arg>
<arg>${value}</arg>
<doc>Types the given ``text`` into the text field identified by ``locator``.</doc>
<status status="PASS" start="2026-07-20T14:09:22.147339" elapsed="0.099396"/>
</kw>
<arg>${BOOKING_CHECK_IN_INPUT}</arg>
<arg>${date}</arg>
<status status="PASS" start="2026-07-20T14:09:22.114558" elapsed="0.132411"/>
</kw>
<arg>${check_in}</arg>
<status status="PASS" start="2026-07-20T14:09:22.114108" elapsed="0.133029"/>
</kw>
<kw name="Fill Check Out Date" owner="booking_page">
<kw name="Fill Booking Field" owner="booking_page">
<kw name="Clear Element Text" owner="SeleniumLibrary">
<arg>${field_locator}</arg>
<doc>Clears the value of the text-input-element identified by ``locator``.</doc>
<status status="PASS" start="2026-07-20T14:09:22.248793" elapsed="0.056071"/>
</kw>
<kw name="Input Text" owner="SeleniumLibrary">
<msg time="2026-07-20T14:09:22.305808" level="INFO">Typing text '20072026' into text field 'id=checkOutDate'.</msg>
<arg>${field_locator}</arg>
<arg>${value}</arg>
<doc>Types the given ``text`` into the text field identified by ``locator``.</doc>
<status status="PASS" start="2026-07-20T14:09:22.305231" elapsed="0.116095"/>
</kw>
<arg>${BOOKING_CHECK_OUT_INPUT}</arg>
<arg>${date}</arg>
<status status="PASS" start="2026-07-20T14:09:22.248165" elapsed="0.173450"/>
</kw>
<arg>${check_out}</arg>
<status status="PASS" start="2026-07-20T14:09:22.247480" elapsed="0.174295"/>
</kw>
<status status="PASS" start="2026-07-20T14:09:20.832712" elapsed="1.589200"/>
</kw>
<kw name="Clear Booking Field" owner="booking_page">
<kw name="Clear Element Text" owner="SeleniumLibrary">
<arg>${field_locator}</arg>
<doc>Clears the value of the text-input-element identified by ``locator``.</doc>
<status status="PASS" start="2026-07-20T14:09:22.425041" elapsed="0.056668"/>
</kw>
<arg>${BOOKING_PEOPLE_INPUT}</arg>
<status status="PASS" start="2026-07-20T14:09:22.424305" elapsed="0.057720"/>
</kw>
<kw name="Submit Booking" owner="booking_page">
<kw name="Click Button" owner="SeleniumLibrary">
<msg time="2026-07-20T14:09:22.485318" level="INFO">Clicking button 'xpath=//button[contains(text(), 'Book Room')]'.</msg>
<arg>${BOOKING_SUBMIT_BTN}</arg>
<doc>Clicks the button identified by ``locator``.</doc>
<status status="PASS" start="2026-07-20T14:09:22.484542" elapsed="0.358145"/>
</kw>
<kw name="Wait Until Element Is Visible" owner="SeleniumLibrary">
<arg>${BOOKING_OUTPUT}</arg>
<arg>timeout=${DEFAULT_TIMEOUT}</arg>
<doc>Waits until the element ``locator`` is visible.</doc>
<status status="PASS" start="2026-07-20T14:09:22.843059" elapsed="0.026945"/>
</kw>
<status status="PASS" start="2026-07-20T14:09:22.483263" elapsed="0.387102"/>
</kw>
<kw name="Verify Booking Created Successfully" owner="booking_assertions">
<kw name="Wait Until Element Is Visible" owner="SeleniumLibrary">
<arg>${output_locator}</arg>
<arg>timeout=${DEFAULT_TIMEOUT}</arg>
<doc>Waits until the element ``locator`` is visible.</doc>
<status status="PASS" start="2026-07-20T14:09:22.871586" elapsed="0.039398"/>
</kw>
<kw name="Element Should Contain" owner="SeleniumLibrary">
<msg time="2026-07-20T14:09:22.930750" level="INFO">Element 'id=bookingOutput' contains text '"success": true'.</msg>
<arg>${output_locator}</arg>
<arg>${BOOKING_SUCCESS_TEXT}</arg>
<doc>Verifies that element ``locator`` contains text ``expected``.</doc>
<status status="PASS" start="2026-07-20T14:09:22.911381" elapsed="0.019557"/>
</kw>
<status status="PASS" start="2026-07-20T14:09:22.870952" elapsed="0.060250"/>
</kw>
<kw name="Cleanup Created Booking" type="TEARDOWN">
<kw name="Get Element Attribute" owner="SeleniumLibrary">
<msg time="2026-07-20T14:09:22.989979" level="INFO">${cancel_id} = BKG-942286</msg>
<var>${cancel_id}</var>
<arg>${CANCEL_BOOKING_ID_INPUT}</arg>
<arg>value</arg>
<doc>Returns the value of ``attribute`` from the element ``locator``.</doc>
<status status="PASS" start="2026-07-20T14:09:22.932792" elapsed="0.057279"/>
</kw>
<if>
<branch type="IF" condition="'${cancel_id}' != ''">
<kw name="Click Button" owner="SeleniumLibrary">
<msg time="2026-07-20T14:09:22.991367" level="INFO">Clicking button 'xpath=//button[contains(text(), 'Cancel Booking')]'.</msg>
<arg>${CANCEL_BOOKING_BTN}</arg>
<doc>Clicks the button identified by ``locator``.</doc>
<status status="PASS" start="2026-07-20T14:09:22.990850" elapsed="0.181436"/>
</kw>
<kw name="Run Keyword And Ignore Error" owner="BuiltIn">
<kw name="Wait Until Element Contains" owner="SeleniumLibrary">
<arg>${TOAST}</arg>
<arg>${CANCEL_SUCCESS}</arg>
<arg>timeout=15s</arg>
<doc>Waits until the element ``locator`` contains ``text``.</doc>
<status status="PASS" start="2026-07-20T14:09:23.174012" elapsed="0.242466"/>
</kw>
<arg>Wait Until Element Contains</arg>
<arg>${TOAST}</arg>
<arg>${CANCEL_SUCCESS}</arg>
<arg>timeout=15s</arg>
<doc>Runs the given keyword with the given arguments and ignores possible error.</doc>
<status status="PASS" start="2026-07-20T14:09:23.172991" elapsed="0.243657"/>
</kw>
<status status="PASS" start="2026-07-20T14:09:22.990373" elapsed="0.426368"/>
</branch>
<status status="PASS" start="2026-07-20T14:09:22.990316" elapsed="0.426511"/>
</if>
<kw name="Clear Booking Form" owner="booking_page">
<kw name="Clear Booking Field" owner="booking_page">
<kw name="Clear Element Text" owner="SeleniumLibrary">
<arg>${field_locator}</arg>
<doc>Clears the value of the text-input-element identified by ``locator``.</doc>
<status status="PASS" start="2026-07-20T14:09:23.418630" elapsed="0.036257"/>
</kw>
<arg>${BOOKING_HOTEL_ID_INPUT}</arg>
<status status="PASS" start="2026-07-20T14:09:23.417813" elapsed="0.037337"/>
</kw>
<kw name="Clear Booking Field" owner="booking_page">
<kw name="Clear Element Text" owner="SeleniumLibrary">
<arg>${field_locator}</arg>
<doc>Clears the value of the text-input-element identified by ``locator``.</doc>
<status status="PASS" start="2026-07-20T14:09:23.456361" elapsed="0.063423"/>
</kw>
<arg>${BOOKING_CUSTOMER_INPUT}</arg>
<status status="PASS" start="2026-07-20T14:09:23.455547" elapsed="0.064380"/>
</kw>
<kw name="Clear Booking Field" owner="booking_page">
<kw name="Clear Element Text" owner="SeleniumLibrary">
<arg>${field_locator}</arg>
<doc>Clears the value of the text-input-element identified by ``locator``.</doc>
<status status="PASS" start="2026-07-20T14:09:23.520631" elapsed="0.037220"/>
</kw>
<arg>${BOOKING_PEOPLE_INPUT}</arg>
<status status="PASS" start="2026-07-20T14:09:23.520184" elapsed="0.037988"/>
</kw>
<kw name="Clear Booking Field" owner="booking_page">
<kw name="Clear Element Text" owner="SeleniumLibrary">
<arg>${field_locator}</arg>
<doc>Clears the value of the text-input-element identified by ``locator``.</doc>
<status status="PASS" start="2026-07-20T14:09:23.559570" elapsed="0.069336"/>
</kw>
<arg>${BOOKING_BEDS_INPUT}</arg>
<status status="PASS" start="2026-07-20T14:09:23.558590" elapsed="0.070558"/>
</kw>
<kw name="Clear Booking Field" owner="booking_page">
<kw name="Clear Element Text" owner="SeleniumLibrary">
<arg>${field_locator}</arg>
<doc>Clears the value of the text-input-element identified by ``locator``.</doc>
<status status="PASS" start="2026-07-20T14:09:23.630332" elapsed="0.033556"/>
</kw>
<arg>${BOOKING_TWIN_BEDS_INPUT}</arg>
<status status="PASS" start="2026-07-20T14:09:23.629641" elapsed="0.034442"/>
</kw>
<kw name="Clear Booking Field" owner="booking_page">
<kw name="Clear Element Text" owner="SeleniumLibrary">
<arg>${field_locator}</arg>
<doc>Clears the value of the text-input-element identified by ``locator``.</doc>
<status status="PASS" start="2026-07-20T14:09:23.664903" elapsed="0.038761"/>
</kw>
<arg>${BOOKING_CHECK_IN_INPUT}</arg>
<status status="PASS" start="2026-07-20T14:09:23.664380" elapsed="0.039552"/>
</kw>
<kw name="Clear Booking Field" owner="booking_page">
<kw name="Clear Element Text" owner="SeleniumLibrary">
<arg>${field_locator}</arg>
<doc>Clears the value of the text-input-element identified by ``locator``.</doc>
<status status="PASS" start="2026-07-20T14:09:23.704997" elapsed="0.034126"/>
</kw>
<arg>${BOOKING_CHECK_OUT_INPUT}</arg>
<status status="PASS" start="2026-07-20T14:09:23.704316" elapsed="0.034947"/>
</kw>
<status status="PASS" start="2026-07-20T14:09:23.417176" elapsed="0.322195"/>
</kw>
<kw name="Clear Cancel Booking ID" owner="cancel_page">
<kw name="Clear Element Text" owner="SeleniumLibrary">
<arg>${CANCEL_BOOKING_ID_INPUT}</arg>
<doc>Clears the value of the text-input-element identified by ``locator``.</doc>
<status status="PASS" start="2026-07-20T14:09:23.740020" elapsed="0.050131"/>
</kw>
<status status="PASS" start="2026-07-20T14:09:23.739654" elapsed="0.050738"/>
</kw>
<status status="PASS" start="2026-07-20T14:09:22.932136" elapsed="0.858400"/>
</kw>
<doc>Booking is blocked when Number of People is blank.</doc>
<tag>booking</tag>
<tag>create</tag>
<tag>negative</tag>
<status status="PASS" start="2026-07-20T14:09:20.831402" elapsed="2.959438"/>
</test>
<test id="s1-s1-t6" name="TC-16 Booking Blocked With Missing Beds" line="63">
<kw name="Fill Valid Booking" owner="booking_page">
<kw name="Fill Hotel ID" owner="booking_page">
<kw name="Fill Booking Field" owner="booking_page">
<kw name="Clear Element Text" owner="SeleniumLibrary">
<arg>${field_locator}</arg>
<doc>Clears the value of the text-input-element identified by ``locator``.</doc>
<status status="PASS" start="2026-07-20T14:09:23.795542" elapsed="0.090335"/>
</kw>
<kw name="Input Text" owner="SeleniumLibrary">
<msg time="2026-07-20T14:09:23.886825" level="INFO">Typing text 'HTL-101' into text field 'id=bookingHotelId'.</msg>
<arg>${field_locator}</arg>
<arg>${value}</arg>
<doc>Types the given ``text`` into the text field identified by ``locator``.</doc>
<status status="PASS" start="2026-07-20T14:09:23.886241" elapsed="0.103155"/>
</kw>
<arg>${BOOKING_HOTEL_ID_INPUT}</arg>
<arg>${hotel_id}</arg>
<status status="PASS" start="2026-07-20T14:09:23.795119" elapsed="0.194484"/>
</kw>
<arg>${hotel_id}</arg>
<status status="PASS" start="2026-07-20T14:09:23.794659" elapsed="0.195049"/>
</kw>
<kw name="Fill Customer Name" owner="booking_page">
<kw name="Fill Booking Field" owner="booking_page">
<kw name="Clear Element Text" owner="SeleniumLibrary">
<arg>${field_locator}</arg>
<doc>Clears the value of the text-input-element identified by ``locator``.</doc>
<status status="PASS" start="2026-07-20T14:09:23.991355" elapsed="0.103648"/>
</kw>
<kw name="Input Text" owner="SeleniumLibrary">
<msg time="2026-07-20T14:09:24.095982" level="INFO">Typing text 'Test' into text field 'id=customerName'.</msg>
<arg>${field_locator}</arg>
<arg>${value}</arg>
<doc>Types the given ``text`` into the text field identified by ``locator``.</doc>
<status status="PASS" start="2026-07-20T14:09:24.095360" elapsed="0.145718"/>
</kw>
<arg>${BOOKING_CUSTOMER_INPUT}</arg>
<arg>${name}</arg>
<status status="PASS" start="2026-07-20T14:09:23.990694" elapsed="0.250617"/>
</kw>
<arg>${customer}</arg>
<status status="PASS" start="2026-07-20T14:09:23.989962" elapsed="0.251483"/>
</kw>
<kw name="Fill People" owner="booking_page">
<kw name="Fill Booking Field" owner="booking_page">
<kw name="Clear Element Text" owner="SeleniumLibrary">
<arg>${field_locator}</arg>
<doc>Clears the value of the text-input-element identified by ``locator``.</doc>
<status status="PASS" start="2026-07-20T14:09:24.243133" elapsed="0.051855"/>
</kw>
<kw name="Input Text" owner="SeleniumLibrary">
<msg time="2026-07-20T14:09:24.295923" level="INFO">Typing text '1' into text field 'id=people'.</msg>
<arg>${field_locator}</arg>
<arg>${value}</arg>
<doc>Types the given ``text`` into the text field identified by ``locator``.</doc>
<status status="PASS" start="2026-07-20T14:09:24.295339" elapsed="0.073629"/>
</kw>
<arg>${BOOKING_PEOPLE_INPUT}</arg>
<arg>${count}</arg>
<status status="PASS" start="2026-07-20T14:09:24.242486" elapsed="0.126630"/>
</kw>
<arg>${people}</arg>
<status status="PASS" start="2026-07-20T14:09:24.241796" elapsed="0.127411"/>
</kw>
<kw name="Fill Beds" owner="booking_page">
<kw name="Fill Booking Field" owner="booking_page">
<kw name="Clear Element Text" owner="SeleniumLibrary">
<arg>${field_locator}</arg>
<doc>Clears the value of the text-input-element identified by ``locator``.</doc>
<status status="PASS" start="2026-07-20T14:09:24.370400" elapsed="0.034614"/>
</kw>
<kw name="Input Text" owner="SeleniumLibrary">
<msg time="2026-07-20T14:09:24.406000" level="INFO">Typing text '1' into text field 'id=beds'.</msg>
<arg>${field_locator}</arg>
<arg>${value}</arg>
<doc>Types the given ``text`` into the text field identified by ``locator``.</doc>
<status status="PASS" start="2026-07-20T14:09:24.405377" elapsed="0.092326"/>
</kw>
<arg>${BOOKING_BEDS_INPUT}</arg>
<arg>${count}</arg>
<status status="PASS" start="2026-07-20T14:09:24.370007" elapsed="0.127844"/>
</kw>
<arg>${beds}</arg>
<status status="PASS" start="2026-07-20T14:09:24.369512" elapsed="0.128431"/>
</kw>
<kw name="Fill Twin Beds" owner="booking_page">
<kw name="Fill Booking Field" owner="booking_page">
<kw name="Clear Element Text" owner="SeleniumLibrary">
<arg>${field_locator}</arg>
<doc>Clears the value of the text-input-element identified by ``locator``.</doc>
<status status="PASS" start="2026-07-20T14:09:24.499968" elapsed="0.058760"/>
</kw>
<kw name="Input Text" owner="SeleniumLibrary">
<msg time="2026-07-20T14:09:24.559913" level="INFO">Typing text '0' into text field 'id=twinBeds'.</msg>
<arg>${field_locator}</arg>
<arg>${value}</arg>
<doc>Types the given ``text`` into the text field identified by ``locator``.</doc>
<status status="PASS" start="2026-07-20T14:09:24.559161" elapsed="0.098626"/>
</kw>
<arg>${BOOKING_TWIN_BEDS_INPUT}</arg>
<arg>${count}</arg>
<status status="PASS" start="2026-07-20T14:09:24.499166" elapsed="0.158797"/>
</kw>
<arg>${twin_beds}</arg>
<status status="PASS" start="2026-07-20T14:09:24.498467" elapsed="0.159636"/>
</kw>
<kw name="Fill Check In Date" owner="booking_page">
<kw name="Fill Booking Field" owner="booking_page">
<kw name="Clear Element Text" owner="SeleniumLibrary">
<arg>${field_locator}</arg>
<doc>Clears the value of the text-input-element identified by ``locator``.</doc>
<status status="PASS" start="2026-07-20T14:09:24.659852" elapsed="0.053129"/>
</kw>
<kw name="Input Text" owner="SeleniumLibrary">
<msg time="2026-07-20T14:09:24.713885" level="INFO">Typing text '19072026' into text field 'id=checkInDate'.</msg>
<arg>${field_locator}</arg>
<arg>${value}</arg>
<doc>Types the given ``text`` into the text field identified by ``locator``.</doc>
<status status="PASS" start="2026-07-20T14:09:24.713334" elapsed="0.134104"/>
</kw>
<arg>${BOOKING_CHECK_IN_INPUT}</arg>
<arg>${date}</arg>
<status status="PASS" start="2026-07-20T14:09:24.658977" elapsed="0.188663"/>
</kw>
<arg>${check_in}</arg>
<status status="PASS" start="2026-07-20T14:09:24.658344" elapsed="0.189511"/>
</kw>
<kw name="Fill Check Out Date" owner="booking_page">
<kw name="Fill Booking Field" owner="booking_page">
<kw name="Clear Element Text" owner="SeleniumLibrary">
<arg>${field_locator}</arg>
<doc>Clears the value of the text-input-element identified by ``locator``.</doc>
<status status="PASS" start="2026-07-20T14:09:24.850104" elapsed="0.085366"/>
</kw>
[...]
<doc>Returns the text value of the element identified by ``locator``.</doc>
<status status="PASS" start="2026-07-20T14:11:23.111839" elapsed="0.063480"/>
</kw>
<return>
<value>${text}</value>
<status status="PASS" start="2026-07-20T14:11:23.175508" elapsed="0.000121"/>
</return>
<msg time="2026-07-20T14:11:23.176086" level="INFO">${page_after} = Page 2 of 6</msg>
<var>${page_after}</var>
<status status="PASS" start="2026-07-20T14:11:23.111081" elapsed="0.065092"/>
</kw>
<kw name="Should Not Be Equal" owner="BuiltIn">
<arg>${page_before}</arg>
<arg>${page_after}</arg>
<doc>Fails if the given objects are equal.</doc>
<status status="PASS" start="2026-07-20T14:11:23.180812" elapsed="0.001721"/>
</kw>
<kw name="Click Previous Page" owner="search_page">
<kw name="Click Element" owner="SeleniumLibrary">
<msg time="2026-07-20T14:11:23.194729" level="INFO">Clicking element 'id=prevHotelsBtn'.</msg>
<arg>${PAGINATION_PREV_BTN}</arg>
<doc>Click the element identified by ``locator``.</doc>
<status status="PASS" start="2026-07-20T14:11:23.194084" elapsed="0.275344"/>
</kw>
<kw name="Wait Until Element Is Visible" owner="SeleniumLibrary">
<arg>${PAGINATION_INFO}</arg>
<arg>timeout=${DEFAULT_TIMEOUT}</arg>
<doc>Waits until the element ``locator`` is visible.</doc>
<status status="PASS" start="2026-07-20T14:11:23.469901" elapsed="0.039967"/>
</kw>
<status status="PASS" start="2026-07-20T14:11:23.190224" elapsed="0.319894"/>
</kw>
<kw name="Reset Search Filters" owner="search_page" type="TEARDOWN">
<kw name="Clear City" owner="search_page">
<kw name="Clear Element Text" owner="SeleniumLibrary">
<arg>${SEARCH_CITY_INPUT}</arg>
<doc>Clears the value of the text-input-element identified by ``locator``.</doc>
<status status="PASS" start="2026-07-20T14:11:23.512360" elapsed="0.107363"/>
</kw>
<status status="PASS" start="2026-07-20T14:11:23.511828" elapsed="0.108150"/>
</kw>
<kw name="Clear Min Rating" owner="search_page">
<kw name="Clear Element Text" owner="SeleniumLibrary">
<arg>${SEARCH_MIN_RATING_INPUT}</arg>
<doc>Clears the value of the text-input-element identified by ``locator``.</doc>
<status status="PASS" start="2026-07-20T14:11:23.621020" elapsed="0.109258"/>
</kw>
<status status="PASS" start="2026-07-20T14:11:23.620351" elapsed="0.110183"/>
</kw>
<kw name="Clear Max Price" owner="search_page">
<kw name="Clear Element Text" owner="SeleniumLibrary">
<arg>${SEARCH_MAX_PRICE_INPUT}</arg>
<doc>Clears the value of the text-input-element identified by ``locator``.</doc>
<status status="PASS" start="2026-07-20T14:11:23.731960" elapsed="0.188438"/>
</kw>
<status status="PASS" start="2026-07-20T14:11:23.730918" elapsed="0.189760"/>
</kw>
<kw name="Reset Amenity" owner="search_page">
<kw name="Select From List By Index" owner="SeleniumLibrary">
<msg time="2026-07-20T14:11:23.922462" level="INFO">Selecting options from selection list 'id=amenity' by index 0.</msg>
<arg>${SEARCH_AMENITY_SELECT}</arg>
<arg>0</arg>
<doc>Selects options from selection list ``locator`` by ``indexes``.</doc>
<status status="PASS" start="2026-07-20T14:11:23.921929" elapsed="0.242738"/>
</kw>
<status status="PASS" start="2026-07-20T14:11:23.921229" elapsed="0.243774"/>
</kw>
<kw name="Reset Sort By" owner="search_page">
<kw name="Select From List By Index" owner="SeleniumLibrary">
<msg time="2026-07-20T14:11:24.166935" level="INFO">Selecting options from selection list 'id=sortBy' by index 0.</msg>
<arg>${SEARCH_SORT_BY_SELECT}</arg>
<arg>0</arg>
<doc>Selects options from selection list ``locator`` by ``indexes``.</doc>
<status status="PASS" start="2026-07-20T14:11:24.166227" elapsed="0.275109"/>
</kw>
<status status="PASS" start="2026-07-20T14:11:24.165442" elapsed="0.276134"/>
</kw>
<kw name="Click Search Hotels Button" owner="search_page">
<kw name="Click Button" owner="SeleniumLibrary">
<msg time="2026-07-20T14:11:24.443029" level="INFO">Clicking button 'xpath=//button[contains(text(), 'Search Hotels')]'.</msg>
<arg>${SEARCH_SUBMIT_BTN}</arg>
<doc>Clicks the button identified by ``locator``.</doc>
<status status="PASS" start="2026-07-20T14:11:24.442554" elapsed="0.141070"/>
</kw>
<kw name="Wait Until Element Is Visible" owner="SeleniumLibrary">
<arg>${HOTELS_LIST_CONTAINER}</arg>
<arg>timeout=${DEFAULT_TIMEOUT}</arg>
<doc>Waits until the element ``locator`` is visible.</doc>
<status status="PASS" start="2026-07-20T14:11:24.584081" elapsed="0.063854"/>
</kw>
<status status="PASS" start="2026-07-20T14:11:24.441944" elapsed="0.206457"/>
</kw>
<status status="PASS" start="2026-07-20T14:11:23.511072" elapsed="1.137554"/>
</kw>
<doc>Clicking Next shifts to the next set of hotels.</doc>
<tag>pagination</tag>
<tag>positive</tag>
<status status="PASS" start="2026-07-20T14:11:22.690409" elapsed="1.961101"/>
</test>
<test id="s1-s4-t9" name="TC-9 Search Non-Existent City" line="66">
<kw name="Filter Hotels By City" owner="search_page">
<kw name="Enter City" owner="search_page">
<kw name="Clear Element Text" owner="SeleniumLibrary">
<arg>${SEARCH_CITY_INPUT}</arg>
<doc>Clears the value of the text-input-element identified by ``locator``.</doc>
<status status="PASS" start="2026-07-20T14:11:24.656429" elapsed="0.180242"/>
</kw>
<kw name="Input Text" owner="SeleniumLibrary">
<msg time="2026-07-20T14:11:24.837852" level="INFO">Typing text 'UnknownCity' into text field 'id=city'.</msg>
<arg>${SEARCH_CITY_INPUT}</arg>
<arg>${city_name}</arg>
<doc>Types the given ``text`` into the text field identified by ``locator``.</doc>
<status status="PASS" start="2026-07-20T14:11:24.837148" elapsed="0.298995"/>
</kw>
<arg>${city_name}</arg>
<status status="PASS" start="2026-07-20T14:11:24.655707" elapsed="0.480734"/>
</kw>
<kw name="Click Search Hotels Button" owner="search_page">
<kw name="Click Button" owner="SeleniumLibrary">
<msg time="2026-07-20T14:11:25.138838" level="INFO">Clicking button 'xpath=//button[contains(text(), 'Search Hotels')]'.</msg>
<arg>${SEARCH_SUBMIT_BTN}</arg>
<doc>Clicks the button identified by ``locator``.</doc>
<status status="PASS" start="2026-07-20T14:11:25.138092" elapsed="0.232329"/>
</kw>
<kw name="Wait Until Element Is Visible" owner="SeleniumLibrary">
<arg>${HOTELS_LIST_CONTAINER}</arg>
<arg>timeout=${DEFAULT_TIMEOUT}</arg>
<doc>Waits until the element ``locator`` is visible.</doc>
<status status="PASS" start="2026-07-20T14:11:25.370904" elapsed="0.086931"/>
</kw>
<status status="PASS" start="2026-07-20T14:11:25.136948" elapsed="0.321134"/>
</kw>
<arg>${non_existent_city}</arg>
<status status="PASS" start="2026-07-20T14:11:24.654819" elapsed="0.803403"/>
</kw>
<kw name="Verify No Results Message Displayed" owner="search_assertions">
<kw name="Wait Until Element Is Visible" owner="SeleniumLibrary">
<arg>${HOTELS_LIST_CONTAINER}</arg>
<arg>timeout=${DEFAULT_TIMEOUT}</arg>
<doc>Waits until the element ``locator`` is visible.</doc>
<status status="PASS" start="2026-07-20T14:11:25.459713" elapsed="0.024462"/>
</kw>
<kw name="Wait Until Element Contains" owner="SeleniumLibrary">
<arg>${HOTELS_LIST_CONTAINER}</arg>
<arg>${NO_RESULTS_TEXT}</arg>
<arg>timeout=${DEFAULT_TIMEOUT}</arg>
<doc>Waits until the element ``locator`` contains ``text``.</doc>
<status status="PASS" start="2026-07-20T14:11:25.484596" elapsed="0.028433"/>
</kw>
<status status="PASS" start="2026-07-20T14:11:25.459058" elapsed="0.054282"/>
</kw>
<kw name="Reset Search Filters" owner="search_page" type="TEARDOWN">
<kw name="Clear City" owner="search_page">
<kw name="Clear Element Text" owner="SeleniumLibrary">
<arg>${SEARCH_CITY_INPUT}</arg>
<doc>Clears the value of the text-input-element identified by ``locator``.</doc>
<status status="PASS" start="2026-07-20T14:11:25.517802" elapsed="0.056336"/>
</kw>
<status status="PASS" start="2026-07-20T14:11:25.517182" elapsed="0.057229"/>
</kw>
<kw name="Clear Min Rating" owner="search_page">
<kw name="Clear Element Text" owner="SeleniumLibrary">
<arg>${SEARCH_MIN_RATING_INPUT}</arg>
<doc>Clears the value of the text-input-element identified by ``locator``.</doc>
<status status="PASS" start="2026-07-20T14:11:25.575496" elapsed="0.080225"/>
</kw>
<status status="PASS" start="2026-07-20T14:11:25.574791" elapsed="0.081243"/>
</kw>
<kw name="Clear Max Price" owner="search_page">
<kw name="Clear Element Text" owner="SeleniumLibrary">
<arg>${SEARCH_MAX_PRICE_INPUT}</arg>
<doc>Clears the value of the text-input-element identified by ``locator``.</doc>
<status status="PASS" start="2026-07-20T14:11:25.657182" elapsed="0.054167"/>
</kw>
<status status="PASS" start="2026-07-20T14:11:25.656493" elapsed="0.055133"/>
</kw>
<kw name="Reset Amenity" owner="search_page">
<kw name="Select From List By Index" owner="SeleniumLibrary">
<msg time="2026-07-20T14:11:25.717645" level="INFO">Selecting options from selection list 'id=amenity' by index 0.</msg>
<arg>${SEARCH_AMENITY_SELECT}</arg>
<arg>0</arg>
<doc>Selects options from selection list ``locator`` by ``indexes``.</doc>
<status status="PASS" start="2026-07-20T14:11:25.716635" elapsed="0.101614"/>
</kw>
<status status="PASS" start="2026-07-20T14:11:25.712000" elapsed="0.106463"/>
</kw>
<kw name="Reset Sort By" owner="search_page">
<kw name="Select From List By Index" owner="SeleniumLibrary">
<msg time="2026-07-20T14:11:25.819820" level="INFO">Selecting options from selection list 'id=sortBy' by index 0.</msg>
<arg>${SEARCH_SORT_BY_SELECT}</arg>
<arg>0</arg>
<doc>Selects options from selection list ``locator`` by ``indexes``.</doc>
<status status="PASS" start="2026-07-20T14:11:25.819355" elapsed="0.086749"/>
</kw>
<status status="PASS" start="2026-07-20T14:11:25.818778" elapsed="0.087585"/>
</kw>
<kw name="Click Search Hotels Button" owner="search_page">
<kw name="Click Button" owner="SeleniumLibrary">
<msg time="2026-07-20T14:11:25.907898" level="INFO">Clicking button 'xpath=//button[contains(text(), 'Search Hotels')]'.</msg>
<arg>${SEARCH_SUBMIT_BTN}</arg>
<doc>Clicks the button identified by ``locator``.</doc>
<status status="PASS" start="2026-07-20T14:11:25.907410" elapsed="0.117887"/>
</kw>
<kw name="Wait Until Element Is Visible" owner="SeleniumLibrary">
<arg>${HOTELS_LIST_CONTAINER}</arg>
<arg>timeout=${DEFAULT_TIMEOUT}</arg>
<doc>Waits until the element ``locator`` is visible.</doc>
<status status="PASS" start="2026-07-20T14:11:26.025754" elapsed="0.039740"/>
</kw>
<status status="PASS" start="2026-07-20T14:11:25.906775" elapsed="0.158989"/>
</kw>
<status status="PASS" start="2026-07-20T14:11:25.516422" elapsed="0.549528"/>
</kw>
<doc>Searching for non-existent city displays no results.</doc>
<tag>city</tag>
<tag>negative</tag>
<tag>search</tag>
<status status="PASS" start="2026-07-20T14:11:24.652828" elapsed="1.413481"/>
</test>
<test id="s1-s4-t10" name="TC-10 Search With All Fields Blank" line="72">
<kw name="Search With All Fields Empty" owner="search_page">
<kw name="Clear City" owner="search_page">
<kw name="Clear Element Text" owner="SeleniumLibrary">
<arg>${SEARCH_CITY_INPUT}</arg>
<doc>Clears the value of the text-input-element identified by ``locator``.</doc>
<status status="PASS" start="2026-07-20T14:11:26.070414" elapsed="0.138895"/>
</kw>
<status status="PASS" start="2026-07-20T14:11:26.069758" elapsed="0.139832"/>
</kw>
<kw name="Clear Min Rating" owner="search_page">
<kw name="Clear Element Text" owner="SeleniumLibrary">
<arg>${SEARCH_MIN_RATING_INPUT}</arg>
<doc>Clears the value of the text-input-element identified by ``locator``.</doc>
<status status="PASS" start="2026-07-20T14:11:26.210751" elapsed="0.071076"/>
</kw>
<status status="PASS" start="2026-07-20T14:11:26.210072" elapsed="0.072009"/>
</kw>
<kw name="Clear Max Price" owner="search_page">
<kw name="Clear Element Text" owner="SeleniumLibrary">
<arg>${SEARCH_MAX_PRICE_INPUT}</arg>
<doc>Clears the value of the text-input-element identified by ``locator``.</doc>
<status status="PASS" start="2026-07-20T14:11:26.283057" elapsed="0.041244"/>
</kw>
<status status="PASS" start="2026-07-20T14:11:26.282459" elapsed="0.042131"/>
</kw>
<kw name="Reset Amenity" owner="search_page">
<kw name="Select From List By Index" owner="SeleniumLibrary">
<msg time="2026-07-20T14:11:26.326655" level="INFO">Selecting options from selection list 'id=amenity' by index 0.</msg>
<arg>${SEARCH_AMENITY_SELECT}</arg>
<arg>0</arg>
<doc>Selects options from selection list ``locator`` by ``indexes``.</doc>
<status status="PASS" start="2026-07-20T14:11:26.325868" elapsed="0.074576"/>
</kw>
<status status="PASS" start="2026-07-20T14:11:26.325043" elapsed="0.075578"/>
</kw>
<kw name="Reset Sort By" owner="search_page">
<kw name="Select From List By Index" owner="SeleniumLibrary">
<msg time="2026-07-20T14:11:26.401938" level="INFO">Selecting options from selection list 'id=sortBy' by index 0.</msg>
<arg>${SEARCH_SORT_BY_SELECT}</arg>
<arg>0</arg>
<doc>Selects options from selection list ``locator`` by ``indexes``.</doc>
<status status="PASS" start="2026-07-20T14:11:26.401352" elapsed="0.077687"/>
</kw>
<status status="PASS" start="2026-07-20T14:11:26.400891" elapsed="0.078532"/>
</kw>
<kw name="Click Search Hotels Button" owner="search_page">
<kw name="Click Button" owner="SeleniumLibrary">
<msg time="2026-07-20T14:11:26.480995" level="INFO">Clicking button 'xpath=//button[contains(text(), 'Search Hotels')]'.</msg>
<arg>${SEARCH_SUBMIT_BTN}</arg>
<doc>Clicks the button identified by ``locator``.</doc>
<status status="PASS" start="2026-07-20T14:11:26.480457" elapsed="0.085809"/>
</kw>
<kw name="Wait Until Element Is Visible" owner="SeleniumLibrary">
<arg>${HOTELS_LIST_CONTAINER}</arg>
<arg>timeout=${DEFAULT_TIMEOUT}</arg>
<doc>Waits until the element ``locator`` is visible.</doc>
<status status="PASS" start="2026-07-20T14:11:26.567063" elapsed="0.033626"/>
</kw>
<status status="PASS" start="2026-07-20T14:11:26.479863" elapsed="0.121081"/>
</kw>
<status status="PASS" start="2026-07-20T14:11:26.068869" elapsed="0.532212"/>
</kw>
<kw name="Verify Hotel Results Displayed" owner="search_assertions">
<kw name="Wait Until Element Is Visible" owner="SeleniumLibrary">
<arg>${HOTELS_LIST_CONTAINER}</arg>
<arg>timeout=${DEFAULT_TIMEOUT}</arg>
<doc>Waits until the element ``locator`` is visible.</doc>
<status status="PASS" start="2026-07-20T14:11:26.606924" elapsed="0.101483"/>
</kw>
<kw name="Element Should Be Visible" owner="SeleniumLibrary">
<msg time="2026-07-20T14:11:26.734646" level="INFO">Element 'id=hotelsList' is displayed.</msg>
<arg>${HOTELS_LIST_CONTAINER}</arg>
<doc>Verifies that the element identified by ``locator`` is visible.</doc>
<status status="PASS" start="2026-07-20T14:11:26.708977" elapsed="0.025850"/>
</kw>
<status status="PASS" start="2026-07-20T14:11:26.606143" elapsed="0.128836"/>
</kw>
<kw name="Reset Search Filters" owner="search_page" type="TEARDOWN">
<kw name="Clear City" owner="search_page">
<kw name="Clear Element Text" owner="SeleniumLibrary">
<arg>${SEARCH_CITY_INPUT}</arg>
<doc>Clears the value of the text-input-element identified by ``locator``.</doc>
<status status="PASS" start="2026-07-20T14:11:26.736538" elapsed="0.038753"/>
</kw>
<status status="PASS" start="2026-07-20T14:11:26.736132" elapsed="0.039327"/>
</kw>
<kw name="Clear Min Rating" owner="search_page">
<kw name="Clear Element Text" owner="SeleniumLibrary">
<arg>${SEARCH_MIN_RATING_INPUT}</arg>
<doc>Clears the value of the text-input-element identified by ``locator``.</doc>
<status status="PASS" start="2026-07-20T14:11:26.776124" elapsed="0.078116"/>
</kw>
<status status="PASS" start="2026-07-20T14:11:26.775705" elapsed="0.078888"/>
</kw>
<kw name="Clear Max Price" owner="search_page">
<kw name="Clear Element Text" owner="SeleniumLibrary">
<arg>${SEARCH_MAX_PRICE_INPUT}</arg>
<doc>Clears the value of the text-input-element identified by ``locator``.</doc>
<status status="PASS" start="2026-07-20T14:11:26.855908" elapsed="0.067739"/>
</kw>
<status status="PASS" start="2026-07-20T14:11:26.855151" elapsed="0.068762"/>
</kw>
<kw name="Reset Amenity" owner="search_page">
<kw name="Select From List By Index" owner="SeleniumLibrary">
<msg time="2026-07-20T14:11:26.925667" level="INFO">Selecting options from selection list 'id=amenity' by index 0.</msg>
<arg>${SEARCH_AMENITY_SELECT}</arg>
<arg>0</arg>
<doc>Selects options from selection list ``locator`` by ``indexes``.</doc>
<status status="PASS" start="2026-07-20T14:11:26.925092" elapsed="0.083307"/>
</kw>
<status status="PASS" start="2026-07-20T14:11:26.924340" elapsed="0.084305"/>
</kw>
<kw name="Reset Sort By" owner="search_page">
<kw name="Select From List By Index" owner="SeleniumLibrary">
<msg time="2026-07-20T14:11:27.010198" level="INFO">Selecting options from selection list 'id=sortBy' by index 0.</msg>
<arg>${SEARCH_SORT_BY_SELECT}</arg>
<arg>0</arg>
<doc>Selects options from selection list ``locator`` by ``indexes``.</doc>
<status status="PASS" start="2026-07-20T14:11:27.009633" elapsed="0.062043"/>
</kw>
<status status="PASS" start="2026-07-20T14:11:27.009010" elapsed="0.062963"/>
</kw>
<kw name="Click Search Hotels Button" owner="search_page">
<kw name="Click Button" owner="SeleniumLibrary">
<msg time="2026-07-20T14:11:27.074101" level="INFO">Clicking button 'xpath=//button[contains(text(), 'Search Hotels')]'.</msg>
<arg>${SEARCH_SUBMIT_BTN}</arg>
<doc>Clicks the button identified by ``locator``.</doc>
<status status="PASS" start="2026-07-20T14:11:27.073426" elapsed="0.233519"/>
</kw>
<kw name="Wait Until Element Is Visible" owner="SeleniumLibrary">
<arg>${HOTELS_LIST_CONTAINER}</arg>
<arg>timeout=${DEFAULT_TIMEOUT}</arg>
<doc>Waits until the element ``locator`` is visible.</doc>
<status status="PASS" start="2026-07-20T14:11:27.307371" elapsed="0.132619"/>
</kw>
<status status="PASS" start="2026-07-20T14:11:27.072408" elapsed="0.367815"/>
</kw>
<status status="PASS" start="2026-07-20T14:11:26.735685" elapsed="0.704668"/>
</kw>
<doc>Leaving all criteria blank returns the full hotel list.</doc>
<tag>blank</tag>
<tag>positive</tag>
<tag>search</tag>
<status status="PASS" start="2026-07-20T14:11:26.067360" elapsed="1.373273"/>
</test>
<kw name="Close Hotel Application" owner="base_page" type="TEARDOWN">
<kw name="Close All Browsers" owner="SeleniumLibrary">
<doc>Closes all open browsers and resets the browser cache.</doc>
<status status="PASS" start="2026-07-20T14:11:27.442738" elapsed="4.364487"/>
</kw>
<status status="PASS" start="2026-07-20T14:11:27.442173" elapsed="4.365889"/>
</kw>
<doc>Hotel Search and Filter Tests</doc>
<status status="FAIL" start="2026-07-20T14:11:08.815884" elapsed="22.992535"/>
</suite>
<status status="FAIL" start="2026-07-20T14:09:01.239325" elapsed="150.627016"/>
</suite>
<statistics>
<total>
<stat pass="29" fail="8" skip="0">All Tests</stat>
</total>
<tag>
<stat pass="1" fail="0" skip="0">amenity</stat>
<stat pass="1" fail="0" skip="0">blank</stat>
<stat pass="14" fail="5" skip="0">booking</stat>
<stat pass="0" fail="7" skip="0">bug</stat>
<stat pass="4" fail="2" skip="0">cancel</stat>
<stat pass="2" fail="0" skip="0">city</stat>
<stat pass="14" fail="5" skip="0">create</stat>
<stat pass="1" fail="0" skip="0">default</stat>
<stat pass="2" fail="1" skip="0">filter</stat>
<stat pass="2" fail="0" skip="0">list</stat>
<stat pass="18" fail="8" skip="0">negative</stat>
<stat pass="1" fail="0" skip="0">pagination</stat>
<stat pass="11" fail="0" skip="0">positive</stat>
<stat pass="1" fail="1" skip="0">price</stat>
<stat pass="2" fail="0" skip="0">rating</stat>
<stat pass="3" fail="0" skip="0">search</stat>
<stat pass="0" fail="1" skip="0">skip</stat>
<stat pass="3" fail="0" skip="0">sort</stat>
</tag>
<suite>
<stat name="Tests" id="s1" pass="29" fail="8" skip="0">Tests</stat>
<stat name="Booking Tests" id="s1-s1" pass="14" fail="5" skip="0">Tests.Booking Tests</stat>
<stat name="Cancel Tests" id="s1-s2" pass="4" fail="2" skip="0">Tests.Cancel Tests</stat>
<stat name="List Bookings Tests" id="s1-s3" pass="2" fail="0" skip="0">Tests.List Bookings Tests</stat>
<stat name="Search Tests" id="s1-s4" pass="9" fail="1" skip="0">Tests.Search Tests</stat>
</suite>
</statistics>
<errors>
</errors>
</robot>
