<?xml version="1.0" encoding="UTF-8"?>
<robot generator="Robot 7.4.2 (Python 3.11.9 on win32)" generated="2026-07-19T14:48:28.791010" rpa="false" schemaversion="5">
<suite id="s1" name="Tests" source="C:\Users\khade\Downloads\ExaltQATraining2026\HotelBookingSystemUIAPITest\UITest\tests">
<suite id="s1-s1" name="Booking Tests" source="C:\Users\khade\Downloads\ExaltQATraining2026\HotelBookingSystemUIAPITest\UITest\tests\booking_tests.robot">
<kw name="Open Hotel Application" owner="base_page" type="SETUP">
<kw name="Open Browser" owner="SeleniumLibrary">
<msg time="2026-07-19T14:48:29.807897" level="INFO">Opening browser 'chrome' to base url 'http://localhost:3000'.</msg>
<arg>${BASE_URL}</arg>
<arg>${BROWSER}</arg>
<doc>Opens a new browser instance to the optional ``url``.</doc>
<status status="PASS" start="2026-07-19T14:48:29.806369" elapsed="2.974780"/>
</kw>
<kw name="Maximize Browser Window" owner="SeleniumLibrary">
<doc>Maximizes current browser window.</doc>
<status status="PASS" start="2026-07-19T14:48:32.781654" elapsed="0.030306"/>
</kw>
<status status="PASS" start="2026-07-19T14:48:29.806369" elapsed="3.005591"/>
</kw>
<test id="s1-s1-t1" name="TC-11 Create Valid Booking" line="27">
<kw name="Fill Valid Booking" owner="booking_page">
<kw name="Fill Hotel ID" owner="booking_page">
<kw name="Input Text" owner="SeleniumLibrary">
<msg time="2026-07-19T14:48:32.813471" level="INFO">Typing text 'HTL-101' into text field 'id=bookingHotelId'.</msg>
<arg>${BOOKING_HOTEL_ID_INPUT}</arg>
<arg>${hotel_id}</arg>
<doc>Types the given ``text`` into the text field identified by ``locator``.</doc>
<status status="PASS" start="2026-07-19T14:48:32.813471" elapsed="0.123890"/>
</kw>
<arg>${hotel_id}</arg>
<status status="PASS" start="2026-07-19T14:48:32.813471" elapsed="0.123890"/>
</kw>
<kw name="Fill Customer Name" owner="booking_page">
<kw name="Input Text" owner="SeleniumLibrary">
<msg time="2026-07-19T14:48:32.938887" level="INFO">Typing text 'Test' into text field 'id=customerName'.</msg>
<arg>${BOOKING_CUSTOMER_INPUT}</arg>
<arg>${name}</arg>
<doc>Types the given ``text`` into the text field identified by ``locator``.</doc>
<status status="PASS" start="2026-07-19T14:48:32.938887" elapsed="0.061984"/>
</kw>
<arg>${customer}</arg>
<status status="PASS" start="2026-07-19T14:48:32.937361" elapsed="0.063510"/>
</kw>
<kw name="Fill People" owner="booking_page">
<kw name="Input Text" owner="SeleniumLibrary">
<msg time="2026-07-19T14:48:33.002387" level="INFO">Typing text '1' into text field 'id=people'.</msg>
<arg>${BOOKING_PEOPLE_INPUT}</arg>
<arg>${count}</arg>
<doc>Types the given ``text`` into the text field identified by ``locator``.</doc>
<status status="PASS" start="2026-07-19T14:48:33.000871" elapsed="0.062339"/>
</kw>
<arg>${people}</arg>
<status status="PASS" start="2026-07-19T14:48:33.000871" elapsed="0.062863"/>
</kw>
<kw name="Fill Beds" owner="booking_page">
<kw name="Input Text" owner="SeleniumLibrary">
<msg time="2026-07-19T14:48:33.064257" level="INFO">Typing text '1' into text field 'id=beds'.</msg>
<arg>${BOOKING_BEDS_INPUT}</arg>
<arg>${count}</arg>
<doc>Types the given ``text`` into the text field identified by ``locator``.</doc>
<status status="PASS" start="2026-07-19T14:48:33.064257" elapsed="0.054831"/>
</kw>
<arg>${beds}</arg>
<status status="PASS" start="2026-07-19T14:48:33.063734" elapsed="0.055354"/>
</kw>
<kw name="Fill Twin Beds" owner="booking_page">
<kw name="Input Text" owner="SeleniumLibrary">
<msg time="2026-07-19T14:48:33.121124" level="INFO">Typing text '0' into text field 'id=twinBeds'.</msg>
<arg>${BOOKING_TWIN_BEDS_INPUT}</arg>
<arg>${count}</arg>
<doc>Types the given ``text`` into the text field identified by ``locator``.</doc>
<status status="PASS" start="2026-07-19T14:48:33.119594" elapsed="0.131466"/>
</kw>
<arg>${twin_beds}</arg>
<status status="PASS" start="2026-07-19T14:48:33.119594" elapsed="0.131466"/>
</kw>
<kw name="Fill Check In Date" owner="booking_page">
<kw name="Input Text" owner="SeleniumLibrary">
<msg time="2026-07-19T14:48:33.252597" level="INFO">Typing text '19072026' into text field 'id=checkInDate'.</msg>
<arg>${BOOKING_CHECK_IN_INPUT}</arg>
<arg>${date}</arg>
<doc>Types the given ``text`` into the text field identified by ``locator``.</doc>
<status status="PASS" start="2026-07-19T14:48:33.252597" elapsed="0.094732"/>
</kw>
<arg>${check_in}</arg>
<status status="PASS" start="2026-07-19T14:48:33.251060" elapsed="0.097301"/>
</kw>
<kw name="Fill Check Out Date" owner="booking_page">
<kw name="Input Text" owner="SeleniumLibrary">
<msg time="2026-07-19T14:48:33.349895" level="INFO">Typing text '20072026' into text field 'id=checkOutDate'.</msg>
<arg>${BOOKING_CHECK_OUT_INPUT}</arg>
<arg>${date}</arg>
<doc>Types the given ``text`` into the text field identified by ``locator``.</doc>
<status status="PASS" start="2026-07-19T14:48:33.349387" elapsed="0.092711"/>
</kw>
<arg>${check_out}</arg>
<status status="PASS" start="2026-07-19T14:48:33.348361" elapsed="0.093737"/>
</kw>
<arg>${booking_hotel_id}</arg>
<arg>${booking_customer}</arg>
<arg>${booking_people}</arg>
<arg>${booking_beds}</arg>
<arg>${booking_twin_beds}</arg>
<arg>${booking_check_in}</arg>
<arg>${booking_check_out}</arg>
<status status="PASS" start="2026-07-19T14:48:32.811960" elapsed="0.630138"/>
</kw>
<kw name="Submit Booking" owner="booking_page">
<kw name="Click Book Room Button" owner="booking_page">
<kw name="Click Button" owner="SeleniumLibrary">
<msg time="2026-07-19T14:48:33.445150" level="INFO">Clicking button 'xpath=//button[contains(text(), 'Book Room')]'.</msg>
<arg>${BOOKING_SUBMIT_BTN}</arg>
<doc>Clicks the button identified by ``locator``.</doc>
<status status="PASS" start="2026-07-19T14:48:33.443627" elapsed="0.124113"/>
</kw>
<kw name="Sleep" owner="BuiltIn">
<msg time="2026-07-19T14:48:34.571022" level="INFO">Slept 1 second.</msg>
<arg>${SLEEP_DURATION}</arg>
<doc>Pauses the test executed for the given time.</doc>
<status status="PASS" start="2026-07-19T14:48:33.569821" elapsed="1.001714"/>
</kw>
<status status="PASS" start="2026-07-19T14:48:33.443627" elapsed="1.127908"/>
</kw>
<status status="PASS" start="2026-07-19T14:48:33.443627" elapsed="1.127908"/>
</kw>
<kw name="Verify Booking Success" owner="booking_page">
<kw name="Wait Until Element Is Visible" owner="SeleniumLibrary">
<arg>${BOOKING_OUTPUT}</arg>
<arg>timeout=${DEFAULT_TIMEOUT}</arg>
<doc>Waits until the element ``locator`` is visible.</doc>
<status status="PASS" start="2026-07-19T14:48:34.572556" elapsed="0.029380"/>
</kw>
<kw name="Element Should Contain" owner="SeleniumLibrary">
<msg time="2026-07-19T14:48:34.665138" level="INFO">Element 'id=bookingOutput' contains text '"success": true'.</msg>
<arg>${BOOKING_OUTPUT}</arg>
<arg>${BOOKING_SUCCESS_TEXT}</arg>
<doc>Verifies that element ``locator`` contains text ``expected``.</doc>
<status status="PASS" start="2026-07-19T14:48:34.602460" elapsed="0.062678"/>
</kw>
<status status="PASS" start="2026-07-19T14:48:34.572050" elapsed="0.093594"/>
</kw>
<kw name="Cancel Last Booking" owner="cancel_page">
<kw name="Wait Until Element Is Visible" owner="SeleniumLibrary">
<arg>${CANCEL_BOOKING_ID_INPUT}</arg>
<arg>timeout=${DEFAULT_TIMEOUT}</arg>
<doc>Waits until the element ``locator`` is visible.</doc>
<status status="PASS" start="2026-07-19T14:48:34.666677" elapsed="0.031221"/>
</kw>
<kw name="Click Cancel Booking Button" owner="cancel_page">
<kw name="Click Button" owner="SeleniumLibrary">
<msg time="2026-07-19T14:48:34.699419" level="INFO">Clicking button 'xpath=//button[contains(text(), 'Cancel Booking')]'.</msg>
<arg>${CANCEL_BOOKING_BTN}</arg>
<doc>Clicks the button identified by ``locator``.</doc>
<status status="PASS" start="2026-07-19T14:48:34.699419" elapsed="0.181205"/>
</kw>
<kw name="Sleep" owner="BuiltIn">
<msg time="2026-07-19T14:48:35.883464" level="INFO">Slept 1 second.</msg>
<arg>${SLEEP_DURATION}</arg>
<doc>Pauses the test executed for the given time.</doc>
<status status="PASS" start="2026-07-19T14:48:34.882660" elapsed="1.000804"/>
</kw>
<status status="PASS" start="2026-07-19T14:48:34.697898" elapsed="1.186076"/>
</kw>
<status status="PASS" start="2026-07-19T14:48:34.666165" elapsed="1.217809"/>
</kw>
<kw name="Clear Booking Form" owner="booking_page" type="TEARDOWN">
<kw name="Clear Hotel ID" owner="booking_page">
<kw name="Clear Element Text" owner="SeleniumLibrary">
<arg>${BOOKING_HOTEL_ID_INPUT}</arg>
<doc>Clears the value of the text-input-element identified by ``locator``.</doc>
<status status="PASS" start="2026-07-19T14:48:35.885567" elapsed="0.055798"/>
</kw>
<status status="PASS" start="2026-07-19T14:48:35.885567" elapsed="0.055798"/>
</kw>
<kw name="Clear Customer Name" owner="booking_page">
<kw name="Clear Element Text" owner="SeleniumLibrary">
<arg>${BOOKING_CUSTOMER_INPUT}</arg>
<doc>Clears the value of the text-input-element identified by ``locator``.</doc>
<status status="PASS" start="2026-07-19T14:48:35.941869" elapsed="0.100528"/>
</kw>
<status status="PASS" start="2026-07-19T14:48:35.941869" elapsed="0.100528"/>
</kw>
<kw name="Clear People" owner="booking_page">
<kw name="Clear Element Text" owner="SeleniumLibrary">
<arg>${BOOKING_PEOPLE_INPUT}</arg>
<doc>Clears the value of the text-input-element identified by ``locator``.</doc>
<status status="PASS" start="2026-07-19T14:48:36.042919" elapsed="0.085014"/>
</kw>
<status status="PASS" start="2026-07-19T14:48:36.042919" elapsed="0.085014"/>
</kw>
<kw name="Clear Beds" owner="booking_page">
<kw name="Clear Element Text" owner="SeleniumLibrary">
<arg>${BOOKING_BEDS_INPUT}</arg>
<doc>Clears the value of the text-input-element identified by ``locator``.</doc>
<status status="PASS" start="2026-07-19T14:48:36.129451" elapsed="0.061327"/>
</kw>
<status status="PASS" start="2026-07-19T14:48:36.128945" elapsed="0.061833"/>
</kw>
<kw name="Clear Twin Beds" owner="booking_page">
<kw name="Clear Element Text" owner="SeleniumLibrary">
<arg>${BOOKING_TWIN_BEDS_INPUT}</arg>
<doc>Clears the value of the text-input-element identified by ``locator``.</doc>
<status status="PASS" start="2026-07-19T14:48:36.192322" elapsed="0.035428"/>
</kw>
<status status="PASS" start="2026-07-19T14:48:36.190778" elapsed="0.036972"/>
</kw>
<kw name="Clear Check In Date" owner="booking_page">
<kw name="Clear Element Text" owner="SeleniumLibrary">
<arg>${BOOKING_CHECK_IN_INPUT}</arg>
<doc>Clears the value of the text-input-element identified by ``locator``.</doc>
<status status="PASS" start="2026-07-19T14:48:36.227750" elapsed="0.032468"/>
</kw>
<status status="PASS" start="2026-07-19T14:48:36.227750" elapsed="0.032468"/>
</kw>
<kw name="Clear Check Out Date" owner="booking_page">
<kw name="Clear Element Text" owner="SeleniumLibrary">
<arg>${BOOKING_CHECK_OUT_INPUT}</arg>
<doc>Clears the value of the text-input-element identified by ``locator``.</doc>
<status status="PASS" start="2026-07-19T14:48:36.260738" elapsed="0.033260"/>
</kw>
<status status="PASS" start="2026-07-19T14:48:36.260738" elapsed="0.033260"/>
</kw>
<status status="PASS" start="2026-07-19T14:48:35.885013" elapsed="0.409997"/>
</kw>
<doc>Booking completes when all required fields are correct.</doc>
<tag>booking</tag>
<tag>create</tag>
<tag>positive</tag>
<status status="PASS" start="2026-07-19T14:48:32.811960" elapsed="3.483050"/>
</test>
<test id="s1-s1-t2" name="TC-12 Booking Blocked With Reversed Dates" line="35">
<kw name="Fill Valid Booking" owner="booking_page">
<kw name="Fill Hotel ID" owner="booking_page">
<kw name="Input Text" owner="SeleniumLibrary">
<msg time="2026-07-19T14:48:36.298943" level="INFO">Typing text 'HTL-101' into text field 'id=bookingHotelId'.</msg>
<arg>${BOOKING_HOTEL_ID_INPUT}</arg>
<arg>${hotel_id}</arg>
<doc>Types the given ``text`` into the text field identified by ``locator``.</doc>
<status status="PASS" start="2026-07-19T14:48:36.298433" elapsed="0.102406"/>
</kw>
<arg>${hotel_id}</arg>
<status status="PASS" start="2026-07-19T14:48:36.298433" elapsed="0.102406"/>
</kw>
<kw name="Fill Customer Name" owner="booking_page">
<kw name="Input Text" owner="SeleniumLibrary">
<msg time="2026-07-19T14:48:36.401872" level="INFO">Typing text 'Test' into text field 'id=customerName'.</msg>
<arg>${BOOKING_CUSTOMER_INPUT}</arg>
<arg>${name}</arg>
<doc>Types the given ``text`` into the text field identified by ``locator``.</doc>
<status status="PASS" start="2026-07-19T14:48:36.401349" elapsed="0.069494"/>
</kw>
<arg>${customer}</arg>
<status status="PASS" start="2026-07-19T14:48:36.401349" elapsed="0.069494"/>
</kw>
<kw name="Fill People" owner="booking_page">
<kw name="Input Text" owner="SeleniumLibrary">
<msg time="2026-07-19T14:48:36.471864" level="INFO">Typing text '1' into text field 'id=people'.</msg>
<arg>${BOOKING_PEOPLE_INPUT}</arg>
<arg>${count}</arg>
<doc>Types the given ``text`` into the text field identified by ``locator``.</doc>
<status status="PASS" start="2026-07-19T14:48:36.471354" elapsed="0.111590"/>
</kw>
<arg>${people}</arg>
<status status="PASS" start="2026-07-19T14:48:36.471354" elapsed="0.112097"/>
</kw>
<kw name="Fill Beds" owner="booking_page">
<kw name="Input Text" owner="SeleniumLibrary">
<msg time="2026-07-19T14:48:36.586619" level="INFO">Typing text '1' into text field 'id=beds'.</msg>
<arg>${BOOKING_BEDS_INPUT}</arg>
<arg>${count}</arg>
<doc>Types the given ``text`` into the text field identified by ``locator``.</doc>
<status status="PASS" start="2026-07-19T14:48:36.586087" elapsed="0.115725"/>
</kw>
<arg>${beds}</arg>
<status status="PASS" start="2026-07-19T14:48:36.584461" elapsed="0.117351"/>
</kw>
<kw name="Fill Twin Beds" owner="booking_page">
<kw name="Input Text" owner="SeleniumLibrary">
<msg time="2026-07-19T14:48:36.702835" level="INFO">Typing text '0' into text field 'id=twinBeds'.</msg>
<arg>${BOOKING_TWIN_BEDS_INPUT}</arg>
<arg>${count}</arg>
<doc>Types the given ``text`` into the text field identified by ``locator``.</doc>
<status status="PASS" start="2026-07-19T14:48:36.702320" elapsed="0.064571"/>
</kw>
<arg>${twin_beds}</arg>
<status status="PASS" start="2026-07-19T14:48:36.702320" elapsed="0.065080"/>
</kw>
<kw name="Fill Check In Date" owner="booking_page">
<kw name="Input Text" owner="SeleniumLibrary">
<msg time="2026-07-19T14:48:36.768423" level="INFO">Typing text '20072026' into text field 'id=checkInDate'.</msg>
<arg>${BOOKING_CHECK_IN_INPUT}</arg>
<arg>${date}</arg>
<doc>Types the given ``text`` into the text field identified by ``locator``.</doc>
<status status="PASS" start="2026-07-19T14:48:36.767915" elapsed="0.063972"/>
</kw>
<arg>${check_in}</arg>
<status status="PASS" start="2026-07-19T14:48:36.767400" elapsed="0.064487"/>
</kw>
<kw name="Fill Check Out Date" owner="booking_page">
<kw name="Input Text" owner="SeleniumLibrary">
<msg time="2026-07-19T14:48:36.832427" level="INFO">Typing text '19072026' into text field 'id=checkOutDate'.</msg>
<arg>${BOOKING_CHECK_OUT_INPUT}</arg>
<arg>${date}</arg>
<doc>Types the given ``text`` into the text field identified by ``locator``.</doc>
<status status="PASS" start="2026-07-19T14:48:36.832427" elapsed="0.066580"/>
</kw>
<arg>${check_out}</arg>
<status status="PASS" start="2026-07-19T14:48:36.831887" elapsed="0.067634"/>
</kw>
<arg>${booking_hotel_id}</arg>
<arg>${booking_customer}</arg>
<arg>${booking_people}</arg>
<arg>${booking_beds}</arg>
<arg>${booking_twin_beds}</arg>
<arg>${reversed_check_in}</arg>
<arg>${reversed_check_out}</arg>
<status status="PASS" start="2026-07-19T14:48:36.297412" elapsed="0.602109"/>
</kw>
<kw name="Submit Booking" owner="booking_page">
<kw name="Click Book Room Button" owner="booking_page">
<kw name="Click Button" owner="SeleniumLibrary">
<msg time="2026-07-19T14:48:36.900560" level="INFO">Clicking button 'xpath=//button[contains(text(), 'Book Room')]'.</msg>
<arg>${BOOKING_SUBMIT_BTN}</arg>
<doc>Clicks the button identified by ``locator``.</doc>
<status status="PASS" start="2026-07-19T14:48:36.900560" elapsed="0.060697"/>
</kw>
<kw name="Sleep" owner="BuiltIn">
<msg time="2026-07-19T14:48:37.962364" level="INFO">Slept 1 second.</msg>
<arg>${SLEEP_DURATION}</arg>
<doc>Pauses the test executed for the given time.</doc>
<status status="PASS" start="2026-07-19T14:48:36.961768" elapsed="1.000596"/>
</kw>
<status status="PASS" start="2026-07-19T14:48:36.900038" elapsed="1.062326"/>
</kw>
<status status="PASS" start="2026-07-19T14:48:36.900038" elapsed="1.062841"/>
</kw>
<kw name="Verify Booking Error" owner="booking_page">
<kw name="Wait Until Element Is Visible" owner="SeleniumLibrary">
<arg>${BOOKING_OUTPUT}</arg>
<arg>timeout=${DEFAULT_TIMEOUT}</arg>
<doc>Waits until the element ``locator`` is visible.</doc>
<status status="PASS" start="2026-07-19T14:48:37.963389" elapsed="0.016126"/>
</kw>
<kw name="Element Should Contain" owner="SeleniumLibrary">
<msg time="2026-07-19T14:48:37.992687" level="INFO">Element 'id=bookingOutput' contains text 'Invalid date range'.</msg>
<arg>${BOOKING_OUTPUT}</arg>
<arg>${expected_error}</arg>
<doc>Verifies that element ``locator`` contains text ``expected``.</doc>
<status status="PASS" start="2026-07-19T14:48:37.979515" elapsed="0.013172"/>
</kw>
<arg>${BOOKING_INVALID_DATES}</arg>
<status status="PASS" start="2026-07-19T14:48:37.962879" elapsed="0.029808"/>
</kw>
<kw name="Clear Booking Form" owner="booking_page" type="TEARDOWN">
<kw name="Clear Hotel ID" owner="booking_page">
<kw name="Clear Element Text" owner="SeleniumLibrary">
<arg>${BOOKING_HOTEL_ID_INPUT}</arg>
<doc>Clears the value of the text-input-element identified by ``locator``.</doc>
<status status="PASS" start="2026-07-19T14:48:37.993700" elapsed="0.028263"/>
</kw>
<status status="PASS" start="2026-07-19T14:48:37.993700" elapsed="0.028263"/>
</kw>
<kw name="Clear Customer Name" owner="booking_page">
<kw name="Clear Element Text" owner="SeleniumLibrary">
<arg>${BOOKING_CUSTOMER_INPUT}</arg>
<doc>Clears the value of the text-input-element identified by ``locator``.</doc>
<status status="PASS" start="2026-07-19T14:48:38.022471" elapsed="0.026016"/>
</kw>
<status status="PASS" start="2026-07-19T14:48:38.021963" elapsed="0.026524"/>
</kw>
<kw name="Clear People" owner="booking_page">
<kw name="Clear Element Text" owner="SeleniumLibrary">
<arg>${BOOKING_PEOPLE_INPUT}</arg>
<doc>Clears the value of the text-input-element identified by ``locator``.</doc>
<status status="PASS" start="2026-07-19T14:48:38.048997" elapsed="0.023151"/>
</kw>
<status status="PASS" start="2026-07-19T14:48:38.048487" elapsed="0.023661"/>
</kw>
<kw name="Clear Beds" owner="booking_page">
<kw name="Clear Element Text" owner="SeleniumLibrary">
<arg>${BOOKING_BEDS_INPUT}</arg>
<doc>Clears the value of the text-input-element identified by ``locator``.</doc>
<status status="PASS" start="2026-07-19T14:48:38.072659" elapsed="0.039051"/>
</kw>
<status status="PASS" start="2026-07-19T14:48:38.072659" elapsed="0.039051"/>
</kw>
<kw name="Clear Twin Beds" owner="booking_page">
<kw name="Clear Element Text" owner="SeleniumLibrary">
<arg>${BOOKING_TWIN_BEDS_INPUT}</arg>
<doc>Clears the value of the text-input-element identified by ``locator``.</doc>
<status status="PASS" start="2026-07-19T14:48:38.112215" elapsed="0.025166"/>
</kw>
<status status="PASS" start="2026-07-19T14:48:38.112215" elapsed="0.025166"/>
</kw>
<kw name="Clear Check In Date" owner="booking_page">
<kw name="Clear Element Text" owner="SeleniumLibrary">
<arg>${BOOKING_CHECK_IN_INPUT}</arg>
<doc>Clears the value of the text-input-element identified by ``locator``.</doc>
<status status="PASS" start="2026-07-19T14:48:38.138402" elapsed="0.030074"/>
</kw>
<status status="PASS" start="2026-07-19T14:48:38.137894" elapsed="0.030582"/>
</kw>
<kw name="Clear Check Out Date" owner="booking_page">
<kw name="Clear Element Text" owner="SeleniumLibrary">
<arg>${BOOKING_CHECK_OUT_INPUT}</arg>
<doc>Clears the value of the text-input-element identified by ``locator``.</doc>
<status status="PASS" start="2026-07-19T14:48:38.168992" elapsed="0.028055"/>
</kw>
<status status="PASS" start="2026-07-19T14:48:38.168992" elapsed="0.028055"/>
</kw>
<status status="PASS" start="2026-07-19T14:48:37.993194" elapsed="0.203853"/>
</kw>
<doc>Booking is blocked when check-out is before check-in.</doc>
<tag>booking</tag>
<tag>create</tag>
<tag>negative</tag>
<status status="PASS" start="2026-07-19T14:48:36.296037" elapsed="1.901531"/>
</test>
<test id="s1-s1-t3" name="TC-13 Booking Blocked With Missing Hotel ID" line="42">
<kw name="Fill All Booking Fields Except" owner="booking_page">
<kw name="Fill Valid Booking" owner="booking_page">
<kw name="Fill Hotel ID" owner="booking_page">
<kw name="Input Text" owner="SeleniumLibrary">
<msg time="2026-07-19T14:48:38.200334" level="INFO">Typing text 'HTL-101' into text field 'id=bookingHotelId'.</msg>
<arg>${BOOKING_HOTEL_ID_INPUT}</arg>
<arg>${hotel_id}</arg>
<doc>Types the given ``text`` into the text field identified by ``locator``.</doc>
<status status="PASS" start="2026-07-19T14:48:38.200334" elapsed="0.073622"/>
</kw>
<arg>${hotel_id}</arg>
<status status="PASS" start="2026-07-19T14:48:38.199828" elapsed="0.074128"/>
</kw>
<kw name="Fill Customer Name" owner="booking_page">
<kw name="Input Text" owner="SeleniumLibrary">
<msg time="2026-07-19T14:48:38.275468" level="INFO">Typing text 'Test' into text field 'id=customerName'.</msg>
<arg>${BOOKING_CUSTOMER_INPUT}</arg>
<arg>${name}</arg>
<doc>Types the given ``text`` into the text field identified by ``locator``.</doc>
<status status="PASS" start="2026-07-19T14:48:38.274962" elapsed="0.057323"/>
</kw>
<arg>${customer}</arg>
<status status="PASS" start="2026-07-19T14:48:38.273956" elapsed="0.058329"/>
</kw>
<kw name="Fill People" owner="booking_page">
<kw name="Input Text" owner="SeleniumLibrary">
<msg time="2026-07-19T14:48:38.332285" level="INFO">Typing text '1' into text field 'id=people'.</msg>
<arg>${BOOKING_PEOPLE_INPUT}</arg>
<arg>${count}</arg>
<doc>Types the given ``text`` into the text field identified by ``locator``.</doc>
<status status="PASS" start="2026-07-19T14:48:38.332285" elapsed="0.050582"/>
</kw>
<arg>${people}</arg>
<status status="PASS" start="2026-07-19T14:48:38.332285" elapsed="0.050582"/>
</kw>
<kw name="Fill Beds" owner="booking_page">
<kw name="Input Text" owner="SeleniumLibrary">
<msg time="2026-07-19T14:48:38.383882" level="INFO">Typing text '1' into text field 'id=beds'.</msg>
<arg>${BOOKING_BEDS_INPUT}</arg>
<arg>${count}</arg>
<doc>Types the given ``text`` into the text field identified by ``locator``.</doc>
<status status="PASS" start="2026-07-19T14:48:38.383375" elapsed="0.060205"/>
</kw>
<arg>${beds}</arg>
<status status="PASS" start="2026-07-19T14:48:38.382867" elapsed="0.060713"/>
</kw>
<kw name="Fill Twin Beds" owner="booking_page">
<kw name="Input Text" owner="SeleniumLibrary">
<msg time="2026-07-19T14:48:38.444085" level="INFO">Typing text '0' into text field 'id=twinBeds'.</msg>
<arg>${BOOKING_TWIN_BEDS_INPUT}</arg>
<arg>${count}</arg>
<doc>Types the given ``text`` into the text field identified by ``locator``.</doc>
<status status="PASS" start="2026-07-19T14:48:38.444085" elapsed="0.060504"/>
</kw>
<arg>${twin_beds}</arg>
<status status="PASS" start="2026-07-19T14:48:38.443580" elapsed="0.061532"/>
</kw>
<kw name="Fill Check In Date" owner="booking_page">
<kw name="Input Text" owner="SeleniumLibrary">
<msg time="2026-07-19T14:48:38.506136" level="INFO">Typing text '19072026' into text field 'id=checkInDate'.</msg>
<arg>${BOOKING_CHECK_IN_INPUT}</arg>
<arg>${date}</arg>
<doc>Types the given ``text`` into the text field identified by ``locator``.</doc>
<status status="PASS" start="2026-07-19T14:48:38.505625" elapsed="0.053629"/>
</kw>
<arg>${check_in}</arg>
<status status="PASS" start="2026-07-19T14:48:38.505112" elapsed="0.054673"/>
</kw>
<kw name="Fill Check Out Date" owner="booking_page">
<kw name="Input Text" owner="SeleniumLibrary">
<msg time="2026-07-19T14:48:38.560306" level="INFO">Typing text '20072026' into text field 'id=checkOutDate'.</msg>
<arg>${BOOKING_CHECK_OUT_INPUT}</arg>
<arg>${date}</arg>
<doc>Types the given ``text`` into the text field identified by ``locator``.</doc>
<status status="PASS" start="2026-07-19T14:48:38.560306" elapsed="0.056841"/>
</kw>
<arg>${check_out}</arg>
<status status="PASS" start="2026-07-19T14:48:38.559785" elapsed="0.057987"/>
</kw>
<arg>${booking_hotel_id}</arg>
<arg>${booking_customer}</arg>
<arg>${booking_people}</arg>
<arg>${booking_beds}</arg>
<arg>${booking_twin_beds}</arg>
<arg>${booking_check_in}</arg>
<arg>${booking_check_out}</arg>
<status status="PASS" start="2026-07-19T14:48:38.199828" elapsed="0.417944"/>
</kw>
<kw name="Run Keyword If" owner="BuiltIn">
<kw name="Clear Hotel ID" owner="booking_page">
<kw name="Clear Element Text" owner="SeleniumLibrary">
<arg>${BOOKING_HOTEL_ID_INPUT}</arg>
<doc>Clears the value of the text-input-element identified by ``locator``.</doc>
<status status="PASS" start="2026-07-19T14:48:38.618803" elapsed="0.026443"/>
</kw>
<status status="PASS" start="2026-07-19T14:48:38.618803" elapsed="0.026955"/>
</kw>
<arg>"${skip_field}" == "Hotel ID"</arg>
<arg>Clear Hotel ID</arg>
<doc>Runs the given keyword with the given arguments, if ``condition`` is true.</doc>
<status status="PASS" start="2026-07-19T14:48:38.618294" elapsed="0.027464"/>
</kw>
<kw name="Run Keyword If" owner="BuiltIn">
<arg>"${skip_field}" == "Customer Name"</arg>
<arg>Clear Customer Name</arg>
<doc>Runs the given keyword with the given arguments, if ``condition`` is true.</doc>
<status status="PASS" start="2026-07-19T14:48:38.646266" elapsed="0.000000"/>
</kw>
<kw name="Run Keyword If" owner="BuiltIn">
<arg>"${skip_field}" == "People"</arg>
<arg>Clear People</arg>
<doc>Runs the given keyword with the given arguments, if ``condition`` is true.</doc>
<status status="PASS" start="2026-07-19T14:48:38.646801" elapsed="0.000000"/>
</kw>
<kw name="Run Keyword If" owner="BuiltIn">
<arg>"${skip_field}" == "Beds"</arg>
<arg>Clear Beds</arg>
<doc>Runs the given keyword with the given arguments, if ``condition`` is true.</doc>
<status status="PASS" start="2026-07-19T14:48:38.646801" elapsed="0.000530"/>
</kw>
<kw name="Run Keyword If" owner="BuiltIn">
<arg>"${skip_field}" == "Twin Beds"</arg>
<arg>Clear Twin Beds</arg>
<doc>Runs the given keyword with the given arguments, if ``condition`` is true.</doc>
<status status="PASS" start="2026-07-19T14:48:38.647331" elapsed="0.000632"/>
</kw>
<kw name="Run Keyword If" owner="BuiltIn">
<arg>"${skip_field}" == "Check In Date"</arg>
<arg>Clear Check In Date</arg>
<doc>Runs the given keyword with the given arguments, if ``condition`` is true.</doc>
<status status="PASS" start="2026-07-19T14:48:38.647963" elapsed="0.000000"/>
</kw>
<kw name="Run Keyword If" owner="BuiltIn">
<arg>"${skip_field}" == "Check Out Date"</arg>
<arg>Clear Check Out Date</arg>
<doc>Runs the given keyword with the given arguments, if ``condition`` is true.</doc>
<status status="PASS" start="2026-07-19T14:48:38.647963" elapsed="0.000509"/>
</kw>
<arg>Hotel ID</arg>
<status status="PASS" start="2026-07-19T14:48:38.199318" elapsed="0.449154"/>
</kw>
<kw name="Submit Booking" owner="booking_page">
<kw name="Click Book Room Button" owner="booking_page">
<kw name="Click Button" owner="SeleniumLibrary">
<msg time="2026-07-19T14:48:38.648983" level="INFO">Clicking button 'xpath=//button[contains(text(), 'Book Room')]'.</msg>
<arg>${BOOKING_SUBMIT_BTN}</arg>
<doc>Clicks the button identified by ``locator``.</doc>
<status status="PASS" start="2026-07-19T14:48:38.648983" elapsed="0.071939"/>
</kw>
<kw name="Sleep" owner="BuiltIn">
<msg time="2026-07-19T14:48:39.722911" level="INFO">Slept 1 second.</msg>
<arg>${SLEEP_DURATION}</arg>
<doc>Pauses the test executed for the given time.</doc>
<status status="PASS" start="2026-07-19T14:48:38.720922" elapsed="1.001989"/>
</kw>
<status status="PASS" start="2026-07-19T14:48:38.648983" elapsed="1.074564"/>
</kw>
<status status="PASS" start="2026-07-19T14:48:38.648472" elapsed="1.075075"/>
</kw>
<kw name="Verify Booking Error" owner="booking_page">
<kw name="Wait Until Element Is Visible" owner="SeleniumLibrary">
<arg>${BOOKING_OUTPUT}</arg>
<arg>timeout=${DEFAULT_TIMEOUT}</arg>
<doc>Waits until the element ``locator`` is visible.</doc>
<status status="PASS" start="2026-07-19T14:48:39.723547" elapsed="0.032228"/>
</kw>
<kw name="Element Should Contain" owner="SeleniumLibrary">
<msg time="2026-07-19T14:48:39.781534" level="INFO">Element 'id=bookingOutput' contains text 'Missing required booking fields'.</msg>
<arg>${BOOKING_OUTPUT}</arg>
<arg>${expected_error}</arg>
<doc>Verifies that element ``locator`` contains text ``expected``.</doc>
<status status="PASS" start="2026-07-19T14:48:39.756832" elapsed="0.025212"/>
</kw>
<arg>${BOOKING_MISSING_FIELDS}</arg>
<status status="PASS" start="2026-07-19T14:48:39.723547" elapsed="0.058497"/>
</kw>
<kw name="Clear Booking Form" owner="booking_page" type="TEARDOWN">
<kw name="Clear Hotel ID" owner="booking_page">
<kw name="Clear Element Text" owner="SeleniumLibrary">
<arg>${BOOKING_HOTEL_ID_INPUT}</arg>
<doc>Clears the value of the text-input-element identified by ``locator``.</doc>
<status status="PASS" start="2026-07-19T14:48:39.784072" elapsed="0.054055"/>
</kw>
<status status="PASS" start="2026-07-19T14:48:39.783565" elapsed="0.054562"/>
</kw>
<kw name="Clear Customer Name" owner="booking_page">
<kw name="Clear Element Text" owner="SeleniumLibrary">
<arg>${BOOKING_CUSTOMER_INPUT}</arg>
<doc>Clears the value of the text-input-element identified by ``locator``.</doc>
<status status="PASS" start="2026-07-19T14:48:39.838127" elapsed="0.052450"/>
</kw>
<status status="PASS" start="2026-07-19T14:48:39.838127" elapsed="0.052980"/>
</kw>
<kw name="Clear People" owner="booking_page">
<kw name="Clear Element Text" owner="SeleniumLibrary">
<arg>${BOOKING_PEOPLE_INPUT}</arg>
<doc>Clears the value of the text-input-element identified by ``locator``.</doc>
<status status="PASS" start="2026-07-19T14:48:39.892147" elapsed="0.046216"/>
</kw>
<status status="PASS" start="2026-07-19T14:48:39.891107" elapsed="0.048217"/>
</kw>
<kw name="Clear Beds" owner="booking_page">
<kw name="Clear Element Text" owner="SeleniumLibrary">
<arg>${BOOKING_BEDS_INPUT}</arg>
<doc>Clears the value of the text-input-element identified by ``locator``.</doc>
<status status="PASS" start="2026-07-19T14:48:39.940471" elapsed="0.055143"/>
</kw>
<status status="PASS" start="2026-07-19T14:48:39.939938" elapsed="0.056189"/>
</kw>
<kw name="Clear Twin Beds" owner="booking_page">
<kw name="Clear Element Text" owner="SeleniumLibrary">
<arg>${BOOKING_TWIN_BEDS_INPUT}</arg>
<doc>Clears the value of the text-input-element identified by ``locator``.</doc>
<status status="PASS" start="2026-07-19T14:48:39.996127" elapsed="0.049317"/>
</kw>
<status status="PASS" start="2026-07-19T14:48:39.996127" elapsed="0.049905"/>
</kw>
<kw name="Clear Check In Date" owner="booking_page">
<kw name="Clear Element Text" owner="SeleniumLibrary">
<arg>${BOOKING_CHECK_IN_INPUT}</arg>
<doc>Clears the value of the text-input-element identified by ``locator``.</doc>
<status status="PASS" start="2026-07-19T14:48:40.047043" elapsed="0.046686"/>
</kw>
<status status="PASS" start="2026-07-19T14:48:40.046032" elapsed="0.047697"/>
</kw>
<kw name="Clear Check Out Date" owner="booking_page">
<kw name="Clear Element Text" owner="SeleniumLibrary">
<arg>${BOOKING_CHECK_OUT_INPUT}</arg>
<doc>Clears the value of the text-input-element identified by ``locator``.</doc>
<status status="PASS" start="2026-07-19T14:48:40.093729" elapsed="0.044173"/>
</kw>
<status status="PASS" start="2026-07-19T14:48:40.093729" elapsed="0.044173"/>
</kw>
<status status="PASS" start="2026-07-19T14:48:39.783058" elapsed="0.354844"/>
</kw>
<doc>Booking is blocked when Hotel ID is blank.</doc>
<tag>booking</tag>
<tag>create</tag>
<tag>negative</tag>
<status status="PASS" start="2026-07-19T14:48:38.198808" elapsed="1.939094"/>
</test>
<test id="s1-s1-t4" name="TC-14 Booking Blocked With Missing Customer Name" line="49">
<kw name="Fill All Booking Fields Except" owner="booking_page">
<kw name="Fill Valid Booking" owner="booking_page">
<kw name="Fill Hotel ID" owner="booking_page">
<kw name="Input Text" owner="SeleniumLibrary">
<msg time="2026-07-19T14:48:40.141941" level="INFO">Typing text 'HTL-101' into text field 'id=bookingHotelId'.</msg>
<arg>${BOOKING_HOTEL_ID_INPUT}</arg>
<arg>${hotel_id}</arg>
<doc>Types the given ``text`` into the text field identified by ``locator``.</doc>
<status status="PASS" start="2026-07-19T14:48:40.141941" elapsed="0.129397"/>
</kw>
<arg>${hotel_id}</arg>
<status status="PASS" start="2026-07-19T14:48:40.141941" elapsed="0.130033"/>
</kw>
<kw name="Fill Customer Name" owner="booking_page">
<kw name="Input Text" owner="SeleniumLibrary">
<msg time="2026-07-19T14:48:40.272489" level="INFO">Typing text 'Test' into text field 'id=customerName'.</msg>
<arg>${BOOKING_CUSTOMER_INPUT}</arg>
<arg>${name}</arg>
<doc>Types the given ``text`` into the text field identified by ``locator``.</doc>
<status status="PASS" start="2026-07-19T14:48:40.272489" elapsed="0.102679"/>
</kw>
<arg>${customer}</arg>
<status status="PASS" start="2026-07-19T14:48:40.271974" elapsed="0.103194"/>
</kw>
<kw name="Fill People" owner="booking_page">
<kw name="Input Text" owner="SeleniumLibrary">
<msg time="2026-07-19T14:48:40.376199" level="INFO">Typing text '1' into text field 'id=people'.</msg>
<arg>${BOOKING_PEOPLE_INPUT}</arg>
<arg>${count}</arg>
<doc>Types the given ``text`` into the text field identified by ``locator``.</doc>
<status status="PASS" start="2026-07-19T14:48:40.375683" elapsed="0.092376"/>
</kw>
<arg>${people}</arg>
<status status="PASS" start="2026-07-19T14:48:40.375683" elapsed="0.092376"/>
</kw>
<kw name="Fill Beds" owner="booking_page">
<kw name="Input Text" owner="SeleniumLibrary">
<msg time="2026-07-19T14:48:40.469643" level="INFO">Typing text '1' into text field 'id=beds'.</msg>
<arg>${BOOKING_BEDS_INPUT}</arg>
<arg>${count}</arg>
<doc>Types the given ``text`` into the text field identified by ``locator``.</doc>
<status status="PASS" start="2026-07-19T14:48:40.469114" elapsed="0.099965"/>
</kw>
<arg>${beds}</arg>
<status status="PASS" start="2026-07-19T14:48:40.468578" elapsed="0.100501"/>
</kw>
<kw name="Fill Twin Beds" owner="booking_page">
<kw name="Input Text" owner="SeleniumLibrary">
<msg time="2026-07-19T14:48:40.570107" level="INFO">Typing text '0' into text field 'id=twinBeds'.</msg>
<arg>${BOOKING_TWIN_BEDS_INPUT}</arg>
<arg>${count}</arg>
<doc>Types the given ``text`` into the text field identified by ``locator``.</doc>
<status status="PASS" start="2026-07-19T14:48:40.569591" elapsed="0.089793"/>
</kw>
<arg>${twin_beds}</arg>
<status status="PASS" start="2026-07-19T14:48:40.569079" elapsed="0.090305"/>
</kw>
<kw name="Fill Check In Date" owner="booking_page">
<kw name="Input Text" owner="SeleniumLibrary">
<msg time="2026-07-19T14:48:40.660419" level="INFO">Typing text '19072026' into text field 'id=checkInDate'.</msg>
<arg>${BOOKING_CHECK_IN_INPUT}</arg>
<arg>${date}</arg>
<doc>Types the given ``text`` into the text field identified by ``locator``.</doc>
<status status="PASS" start="2026-07-19T14:48:40.660419" elapsed="0.114910"/>
</kw>
<arg>${check_in}</arg>
<status status="PASS" start="2026-07-19T14:48:40.659902" elapsed="0.115952"/>
</kw>
<kw name="Fill Check Out Date" owner="booking_page">
<kw name="Input Text" owner="SeleniumLibrary">
<msg time="2026-07-19T14:48:40.777911" level="INFO">Typing text '20072026' into text field 'id=checkOutDate'.</msg>
<arg>${BOOKING_CHECK_OUT_INPUT}</arg>
<arg>${date}</arg>
<doc>Types the given ``text`` into the text field identified by ``locator``.</doc>
<status status="PASS" start="2026-07-19T14:48:40.776372" elapsed="0.152958"/>
</kw>
<arg>${check_out}</arg>
<status status="PASS" start="2026-07-19T14:48:40.776372" elapsed="0.153492"/>
</kw>
<arg>${booking_hotel_id}</arg>
<arg>${booking_customer}</arg>
<arg>${booking_people}</arg>
<arg>${booking_beds}</arg>
<arg>${booking_twin_beds}</arg>
<arg>${booking_check_in}</arg>
<arg>${booking_check_out}</arg>
<status status="PASS" start="2026-07-19T14:48:40.140934" elapsed="0.788930"/>
</kw>
<kw name="Run Keyword If" owner="BuiltIn">
<arg>"${skip_field}" == "Hotel ID"</arg>
<arg>Clear Hotel ID</arg>
<doc>Runs the given keyword with the given arguments, if ``condition`` is true.</doc>
<status status="PASS" start="2026-07-19T14:48:40.930370" elapsed="0.001037"/>
</kw>
<kw name="Run Keyword If" owner="BuiltIn">
<kw name="Clear Customer Name" owner="booking_page">
<kw name="Clear Element Text" owner="SeleniumLibrary">
<arg>${BOOKING_CUSTOMER_INPUT}</arg>
<doc>Clears the value of the text-input-element identified by ``locator``.</doc>
<status status="PASS" start="2026-07-19T14:48:40.931407" elapsed="0.067940"/>
</kw>
<status status="PASS" start="2026-07-19T14:48:40.931407" elapsed="0.068462"/>
</kw>
<arg>"${skip_field}" == "Customer Name"</arg>
<arg>Clear Customer Name</arg>
<doc>Runs the given keyword with the given arguments, if ``condition`` is true.</doc>
<status status="PASS" start="2026-07-19T14:48:40.931407" elapsed="0.068976"/>
</kw>
<kw name="Run Keyword If" owner="BuiltIn">
<arg>"${skip_field}" == "People"</arg>
<arg>Clear People</arg>
<doc>Runs the given keyword with the given arguments, if ``condition`` is true.</doc>
<status status="PASS" start="2026-07-19T14:48:41.000900" elapsed="0.000890"/>
</kw>
<kw name="Run Keyword If" owner="BuiltIn">
<arg>"${skip_field}" == "Beds"</arg>
<arg>Clear Beds</arg>
<doc>Runs the given keyword with the given arguments, if ``condition`` is true.</doc>
<status status="PASS" start="2026-07-19T14:48:41.002304" elapsed="0.000515"/>
</kw>
<kw name="Run Keyword If" owner="BuiltIn">
<arg>"${skip_field}" == "Twin Beds"</arg>
<arg>Clear Twin Beds</arg>
<doc>Runs the given keyword with the given arguments, if ``condition`` is true.</doc>
<status status="PASS" start="2026-07-19T14:48:41.003339" elapsed="0.000516"/>
</kw>
<kw name="Run Keyword If" owner="BuiltIn">
<arg>"${skip_field}" == "Check In Date"</arg>
<arg>Clear Check In Date</arg>
<doc>Runs the given keyword with the given arguments, if ``condition`` is true.</doc>
<status status="PASS" start="2026-07-19T14:48:41.004545" elapsed="0.001033"/>
</kw>
<kw name="Run Keyword If" owner="BuiltIn">
<arg>"${skip_field}" == "Check Out Date"</arg>
<arg>Clear Check Out Date</arg>
<doc>Runs the given keyword with the given arguments, if ``condition`` is true.</doc>
<status status="PASS" start="2026-07-19T14:48:41.005578" elapsed="0.001064"/>
</kw>
<arg>Customer Name</arg>
<status status="PASS" start="2026-07-19T14:48:40.140934" elapsed="0.866250"/>
</kw>
<kw name="Submit Booking" owner="booking_page">
<kw name="Click Book Room Button" owner="booking_page">
<kw name="Click Button" owner="SeleniumLibrary">
<msg time="2026-07-19T14:48:41.012379" level="INFO">Clicking button 'xpath=//button[contains(text(), 'Book Room')]'.</msg>
<arg>${BOOKING_SUBMIT_BTN}</arg>
<doc>Clicks the button identified by ``locator``.</doc>
<status status="PASS" start="2026-07-19T14:48:41.011868" elapsed="0.176880"/>
</kw>
<kw name="Sleep" owner="BuiltIn">
<msg time="2026-07-19T14:48:42.190934" level="INFO">Slept 1 second.</msg>
<arg>${SLEEP_DURATION}</arg>
<doc>Pauses the test executed for the given time.</doc>
<status status="PASS" start="2026-07-19T14:48:41.189261" elapsed="1.001673"/>
</kw>
<status status="PASS" start="2026-07-19T14:48:41.011354" elapsed="1.180088"/>
</kw>
<status status="PASS" start="2026-07-19T14:48:41.010310" elapsed="1.181132"/>
</kw>
<kw name="Verify Booking Error" owner="booking_page">
<kw name="Wait Until Element Is Visible" owner="SeleniumLibrary">
<arg>${BOOKING_OUTPUT}</arg>
<arg>timeout=${DEFAULT_TIMEOUT}</arg>
<doc>Waits until the element ``locator`` is visible.</doc>
<status status="PASS" start="2026-07-19T14:48:42.192455" elapsed="0.023567"/>
</kw>
<kw name="Element Should Contain" owner="SeleniumLibrary">
<msg time="2026-07-19T14:48:42.238944" level="INFO">Element 'id=bookingOutput' contains text 'Missing required booking fields'.</msg>
<arg>${BOOKING_OUTPUT}</arg>
<arg>${expected_error}</arg>
<doc>Verifies that element ``locator`` contains text ``expected``.</doc>
<status status="PASS" start="2026-07-19T14:48:42.216022" elapsed="0.023439"/>
</kw>
<arg>${BOOKING_MISSING_FIELDS}</arg>
<status status="PASS" start="2026-07-19T14:48:42.191948" elapsed="0.047513"/>
</kw>
<kw name="Clear Booking Form" owner="booking_page" type="TEARDOWN">
<kw name="Clear Hotel ID" owner="booking_page">
<kw name="Clear Element Text" owner="SeleniumLibrary">
<arg>${BOOKING_HOTEL_ID_INPUT}</arg>
<doc>Clears the value of the text-input-element identified by ``locator``.</doc>
<status status="PASS" start="2026-07-19T14:48:42.242575" elapsed="0.047571"/>
</kw>
<status status="PASS" start="2026-07-19T14:48:42.242057" elapsed="0.049095"/>
</kw>
<kw name="Clear Customer Name" owner="booking_page">
<kw name="Clear Element Text" owner="SeleniumLibrary">
<arg>${BOOKING_CUSTOMER_INPUT}</arg>
<doc>Clears the value of the text-input-element identified by ``locator``.</doc>
<status status="PASS" start="2026-07-19T14:48:42.291655" elapsed="0.045817"/>
</kw>
<status status="PASS" start="2026-07-19T14:48:42.291152" elapsed="0.047873"/>
</kw>
<kw name="Clear People" owner="booking_page">
<kw name="Clear Element Text" owner="SeleniumLibrary">
<arg>${BOOKING_PEOPLE_INPUT}</arg>
<doc>Clears the value of the text-input-element identified by ``locator``.</doc>
<status status="PASS" start="2026-07-19T14:48:42.339025" elapsed="0.034167"/>
</kw>
<status status="PASS" start="2026-07-19T14:48:42.339025" elapsed="0.034167"/>
</kw>
<kw name="Clear Beds" owner="booking_page">
<kw name="Clear Element Text" owner="SeleniumLibrary">
<arg>${BOOKING_BEDS_INPUT}</arg>
<doc>Clears the value of the text-input-element identified by ``locator``.</doc>
<status status="PASS" start="2026-07-19T14:48:42.374718" elapsed="0.039792"/>
</kw>
<status status="PASS" start="2026-07-19T14:48:42.374196" elapsed="0.040829"/>
</kw>
<kw name="Clear Twin Beds" owner="booking_page">
<kw name="Clear Element Text" owner="SeleniumLibrary">
<arg>${BOOKING_TWIN_BEDS_INPUT}</arg>
<doc>Clears the value of the text-input-element identified by ``locator``.</doc>
<status status="PASS" start="2026-07-19T14:48:42.415536" elapsed="0.047862"/>
</kw>
<status status="PASS" start="2026-07-19T14:48:42.415025" elapsed="0.048373"/>
</kw>
<kw name="Clear Check In Date" owner="booking_page">
<kw name="Clear Element Text" owner="SeleniumLibrary">
<arg>${BOOKING_CHECK_IN_INPUT}</arg>
<doc>Clears the value of the text-input-element identified by ``locator``.</doc>
<status status="PASS" start="2026-07-19T14:48:42.463914" elapsed="0.037918"/>
</kw>
<status status="PASS" start="2026-07-19T14:48:42.463914" elapsed="0.037918"/>
</kw>
<kw name="Clear Check Out Date" owner="booking_page">
<kw name="Clear Element Text" owner="SeleniumLibrary">
<arg>${BOOKING_CHECK_OUT_INPUT}</arg>
<doc>Clears the value of the text-input-element identified by ``locator``.</doc>
<status status="PASS" start="2026-07-19T14:48:42.502848" elapsed="0.038752"/>
</kw>
<status status="PASS" start="2026-07-19T14:48:42.502340" elapsed="0.039260"/>
</kw>
<status status="PASS" start="2026-07-19T14:48:42.241026" elapsed="0.302088"/>
</kw>
<doc>Booking is blocked when Customer Name is blank.</doc>
<tag>booking</tag>
<tag>bug</tag>
<tag>create</tag>
<tag>negative</tag>
<status status="PASS" start="2026-07-19T14:48:40.139424" elapsed="2.403690"/>
</test>
<test id="s1-s1-t5" name="TC-15 Booking Blocked With Missing People" line="56">
<kw name="Fill All Booking Fields Except" owner="booking_page">
<kw name="Fill Valid Booking" owner="booking_page">
<kw name="Fill Hotel ID" owner="booking_page">
<kw name="Input Text" owner="SeleniumLibrary">
<msg time="2026-07-19T14:48:42.545868" level="INFO">Typing text 'HTL-101' into text field 'id=bookingHotelId'.</msg>
<arg>${BOOKING_HOTEL_ID_INPUT}</arg>
<arg>${hotel_id}</arg>
<doc>Types the given ``text`` into the text field identified by ``locator``.</doc>
<status status="PASS" start="2026-07-19T14:48:42.545868" elapsed="0.104486"/>
</kw>
<arg>${hotel_id}</arg>
<status status="PASS" start="2026-07-19T14:48:42.545361" elapsed="0.104993"/>
</kw>
<kw name="Fill Customer Name" owner="booking_page">
<kw name="Input Text" owner="SeleniumLibrary">
<msg time="2026-07-19T14:48:42.650999" level="INFO">Typing text 'Test' into text field 'id=customerName'.</msg>
<arg>${BOOKING_CUSTOMER_INPUT}</arg>
<arg>${name}</arg>
<doc>Types the given ``text`` into the text field identified by ``locator``.</doc>
<status status="PASS" start="2026-07-19T14:48:42.650999" elapsed="0.104323"/>
</kw>
<arg>${customer}</arg>
<status status="PASS" start="2026-07-19T14:48:42.650354" elapsed="0.104968"/>
</kw>
<kw name="Fill People" owner="booking_page">
<kw name="Input Text" owner="SeleniumLibrary">
<msg time="2026-07-19T14:48:42.756373" level="INFO">Typing text '1' into text field 'id=people'.</msg>
<arg>${BOOKING_PEOPLE_INPUT}</arg>
<arg>${count}</arg>
<doc>Types the given ``text`` into the text field identified by ``locator``.</doc>
<status status="PASS" start="2026-07-19T14:48:42.756373" elapsed="0.095957"/>
</kw>
<arg>${people}</arg>
<status status="PASS" start="2026-07-19T14:48:42.755864" elapsed="0.097978"/>
</kw>
<kw name="Fill Beds" owner="booking_page">
<kw name="Input Text" owner="SeleniumLibrary">
<msg time="2026-07-19T14:48:42.855350" level="INFO">Typing text '1' into text field 'id=beds'.</msg>
<arg>${BOOKING_BEDS_INPUT}</arg>
<arg>${count}</arg>
<doc>Types the given ``text`` into the text field identified by ``locator``.</doc>
<status status="PASS" start="2026-07-19T14:48:42.854846" elapsed="0.088406"/>
</kw>
<arg>${beds}</arg>
<status status="PASS" start="2026-07-19T14:48:42.853842" elapsed="0.089410"/>
</kw>
<kw name="Fill Twin Beds" owner="booking_page">
<kw name="Input Text" owner="SeleniumLibrary">
<msg time="2026-07-19T14:48:42.944773" level="INFO">Typing text '0' into text field 'id=twinBeds'.</msg>
<arg>${BOOKING_TWIN_BEDS_INPUT}</arg>
<arg>${count}</arg>
<doc>Types the given ``text`` into the text field identified by ``locator``.</doc>
<status status="PASS" start="2026-07-19T14:48:42.943252" elapsed="0.090169"/>
</kw>
<arg>${twin_beds}</arg>
<status status="PASS" start="2026-07-19T14:48:42.943252" elapsed="0.090169"/>
</kw>
<kw name="Fill Check In Date" owner="booking_page">
<kw name="Input Text" owner="SeleniumLibrary">
<msg time="2026-07-19T14:48:43.034937" level="INFO">Typing text '19072026' into text field 'id=checkInDate'.</msg>
<arg>${BOOKING_CHECK_IN_INPUT}</arg>
<arg>${date}</arg>
<doc>Types the given ``text`` into the text field identified by ``locator``.</doc>
<status status="PASS" start="2026-07-19T14:48:43.033421" elapsed="0.118145"/>
</kw>
<arg>${check_in}</arg>
<status status="PASS" start="2026-07-19T14:48:43.033421" elapsed="0.119163"/>
</kw>
<kw name="Fill Check Out Date" owner="booking_page">
<kw name="Input Text" owner="SeleniumLibrary">
<msg time="2026-07-19T14:48:43.155646" level="INFO">Typing text '20072026' into text field 'id=checkOutDate'.</msg>
<arg>${BOOKING_CHECK_OUT_INPUT}</arg>
<arg>${date}</arg>
<doc>Types the given ``text`` into the text field identified by ``locator``.</doc>
<status status="PASS" start="2026-07-19T14:48:43.155141" elapsed="0.101560"/>
</kw>
<arg>${check_out}</arg>
<status status="PASS" start="2026-07-19T14:48:43.152584" elapsed="0.104653"/>
</kw>
<arg>${booking_hotel_id}</arg>
<arg>${booking_customer}</arg>
<arg>${booking_people}</arg>
<arg>${booking_beds}</arg>
<arg>${booking_twin_beds}</arg>
<arg>${booking_check_in}</arg>
<arg>${booking_check_out}</arg>
<status status="PASS" start="2026-07-19T14:48:42.544843" elapsed="0.712929"/>
</kw>
<kw name="Run Keyword If" owner="BuiltIn">
<arg>"${skip_field}" == "Hotel ID"</arg>
<arg>Clear Hotel ID</arg>
<doc>Runs the given keyword with the given arguments, if ``condition`` is true.</doc>
<status status="PASS" start="2026-07-19T14:48:43.258825" elapsed="0.002110"/>
</kw>
<kw name="Run Keyword If" owner="BuiltIn">
<arg>"${skip_field}" == "Customer Name"</arg>
<arg>Clear Customer Name</arg>
<doc>Runs the given keyword with the given arguments, if ``condition`` is true.</doc>
<status status="PASS" start="2026-07-19T14:48:43.261265" elapsed="0.001690"/>
</kw>
<kw name="Run Keyword If" owner="BuiltIn">
<kw name="Clear People" owner="booking_page">
<kw name="Clear Element Text" owner="SeleniumLibrary">
<arg>${BOOKING_PEOPLE_INPUT}</arg>
<doc>Clears the value of the text-input-element identified by ``locator``.</doc>
<status status="PASS" start="2026-07-19T14:48:43.270756" elapsed="0.054282"/>
</kw>
<status status="PASS" start="2026-07-19T14:48:43.269693" elapsed="0.055861"/>
</kw>
<arg>"${skip_field}" == "People"</arg>
<arg>Clear People</arg>
<doc>Runs the given keyword with the given arguments, if ``condition`` is true.</doc>
<status status="PASS" start="2026-07-19T14:48:43.265024" elapsed="0.060530"/>
</kw>
<kw name="Run Keyword If" owner="BuiltIn">
<arg>"${skip_field}" == "Beds"</arg>
<arg>Clear Beds</arg>
<doc>Runs the given keyword with the given arguments, if ``condition`` is true.</doc>
<status status="PASS" start="2026-07-19T14:48:43.325554" elapsed="0.001031"/>
</kw>
<kw name="Run Keyword If" owner="BuiltIn">
<arg>"${skip_field}" == "Twin Beds"</arg>
<arg>Clear Twin Beds</arg>
<doc>Runs the given keyword with the given arguments, if ``condition`` is true.</doc>
<status status="PASS" start="2026-07-19T14:48:43.326585" elapsed="0.000518"/>
</kw>
<kw name="Run Keyword If" owner="BuiltIn">
<arg>"${skip_field}" == "Check In Date"</arg>
<arg>Clear Check In Date</arg>
<doc>Runs the given keyword with the given arguments, if ``condition`` is true.</doc>
<status status="PASS" start="2026-07-19T14:48:43.327103" elapsed="0.000000"/>
</kw>
<kw name="Run Keyword If" owner="BuiltIn">
<arg>"${skip_field}" == "Check Out Date"</arg>
<arg>Clear Check Out Date</arg>
<doc>Runs the given keyword with the given arguments, if ``condition`` is true.</doc>
<status status="PASS" start="2026-07-19T14:48:43.327611" elapsed="0.000000"/>
</kw>
<arg>People</arg>
<status status="PASS" start="2026-07-19T14:48:42.544843" elapsed="0.782768"/>
</kw>
<kw name="Submit Booking" owner="booking_page">
<kw name="Click Book Room Button" owner="booking_page">
<kw name="Click Button" owner="SeleniumLibrary">
<msg time="2026-07-19T14:48:43.329137" level="INFO">Clicking button 'xpath=//button[contains(text(), 'Book Room')]'.</msg>
<arg>${BOOKING_SUBMIT_BTN}</arg>
<doc>Clicks the button identified by ``locator``.</doc>
<status status="PASS" start="2026-07-19T14:48:43.329137" elapsed="0.108965"/>
</kw>
<kw name="Sleep" owner="BuiltIn">
<msg time="2026-07-19T14:48:44.442972" level="INFO">Slept 1 second.</msg>
<arg>${SLEEP_DURATION}</arg>
<doc>Pauses the test executed for the given time.</doc>
<status status="PASS" start="2026-07-19T14:48:43.440178" elapsed="1.002794"/>
</kw>
<status status="PASS" start="2026-07-19T14:48:43.328627" elapsed="1.114849"/>
</kw>
<status status="PASS" start="2026-07-19T14:48:43.328119" elapsed="1.115357"/>
</kw>
<kw name="Verify Booking Error" owner="booking_page">
<kw name="Wait Until Element Is Visible" owner="SeleniumLibrary">
<arg>${BOOKING_OUTPUT}</arg>
<arg>timeout=${DEFAULT_TIMEOUT}</arg>
<doc>Waits until the element ``locator`` is visible.</doc>
<status status="PASS" start="2026-07-19T14:48:44.443476" elapsed="0.032521"/>
</kw>
<kw name="Element Should Contain" owner="SeleniumLibrary">
<msg time="2026-07-19T14:48:44.595872" level="INFO" html="true">&lt;/td&gt;&lt;/tr&gt;&lt;tr&gt;&lt;td colspan="3"&gt;&lt;a href="selenium-screenshot-5.png"&gt;&lt;img src="selenium-screenshot-5.png" width="800px"&gt;&lt;/a&gt;</msg>
<msg time="2026-07-19T14:48:44.596398" level="FAIL">Element 'id=bookingOutput' should have contained text 'Missing required booking fields' but its text was '{
  "success": true,
  "booking": {
    "id": "BKG-603890",
    "hotelId": "HTL-101",
    "customerName": "Test",
    "people": 1,
    "beds": 1,
    "twinBeds": 0,
    "checkInDate": "2026-07-19",
    "checkOutDate": "2026-07-20",
    "bookingDate": "2026-07-19T11:48:43.436Z",
    "status": "confirmed",
    "amount": 410
  }
}'.</msg>
<arg>${BOOKING_OUTPUT}</arg>
<arg>${expected_error}</arg>
<doc>Verifies that element ``locator`` contains text ``expected``.</doc>
<status status="FAIL" start="2026-07-19T14:48:44.475997" elapsed="0.124989">Element 'id=bookingOutput' should have contained text 'Missing required booking fields' but its text was '{
  "success": true,
  "booking": {
    "id": "BKG-603890",
    "hotelId": "HTL-101",
    "customerName": "Test",
    "people": 1,
    "beds": 1,
    "twinBeds": 0,
    "checkInDate": "2026-07-19",
    "checkOutDate": "2026-07-20",
    "bookingDate": "2026-07-19T11:48:43.436Z",
    "status": "confirmed",
    "amount": 410
  }
}'.</status>
</kw>
<arg>${BOOKING_MISSING_FIELDS}</arg>
<status status="FAIL" start="2026-07-19T14:48:44.443476" elapsed="0.157510">Element 'id=bookingOutput' should have contained text 'Missing required booking fields' but its text was '{
  "success": true,
  "booking": {
    "id": "BKG-603890",
    "hotelId": "HTL-101",
    "customerName": "Test",
    "people": 1,
    "beds": 1,
    "twinBeds": 0,
    "checkInDate": "2026-07-19",
    "checkOutDate": "2026-07-20",
    "bookingDate": "2026-07-19T11:48:43.436Z",
    "status": "confirmed",
    "amount": 410
  }
}'.</status>
</kw>
<kw name="Clear Booking Form" owner="booking_page" type="TEARDOWN">
<kw name="Clear Hotel ID" owner="booking_page">
<kw name="Clear Element Text" owner="SeleniumLibrary">
<arg>${BOOKING_HOTEL_ID_INPUT}</arg>
<doc>Clears the value of the text-input-element identified by ``locator``.</doc>
<status status="PASS" start="2026-07-19T14:48:44.602509" elapsed="0.066336"/>
</kw>
<status status="PASS" start="2026-07-19T14:48:44.602002" elapsed="0.066843"/>
</kw>
<kw name="Clear Customer Name" owner="booking_page">
<kw name="Clear Element Text" owner="SeleniumLibrary">
<arg>${BOOKING_CUSTOMER_INPUT}</arg>
<doc>Clears the value of the text-input-element identified by ``locator``.</doc>
<status status="PASS" start="2026-07-19T14:48:44.670412" elapsed="0.043601"/>
</kw>
<status status="PASS" start="2026-07-19T14:48:44.669893" elapsed="0.044120"/>
</kw>
<kw name="Clear People" owner="booking_page">
<kw name="Clear Element Text" owner="SeleniumLibrary">
<arg>${BOOKING_PEOPLE_INPUT}</arg>
<doc>Clears the value of the text-input-element identified by ``locator``.</doc>
<status status="PASS" start="2026-07-19T14:48:44.715528" elapsed="0.052608"/>
</kw>
<status status="PASS" start="2026-07-19T14:48:44.715020" elapsed="0.054122"/>
</kw>
<kw name="Clear Beds" owner="booking_page">
<kw name="Clear Element Text" owner="SeleniumLibrary">
<arg>${BOOKING_BEDS_INPUT}</arg>
<doc>Clears the value of the text-input-element identified by ``locator``.</doc>
<status status="PASS" start="2026-07-19T14:48:44.769646" elapsed="0.049345"/>
</kw>
<status status="PASS" start="2026-07-19T14:48:44.769142" elapsed="0.049849"/>
</kw>
<kw name="Clear Twin Beds" owner="booking_page">
<kw name="Clear Element Text" owner="SeleniumLibrary">
<arg>${BOOKING_TWIN_BEDS_INPUT}</arg>
<doc>Clears the value of the text-input-element identified by ``locator``.</doc>
<status status="PASS" start="2026-07-19T14:48:44.820768" elapsed="0.055254"/>
</kw>
<status status="PASS" start="2026-07-19T14:48:44.818991" elapsed="0.058575"/>
</kw>
<kw name="Clear Check In Date" owner="booking_page">
<kw name="Clear Element Text" owner="SeleniumLibrary">
<arg>${BOOKING_CHECK_IN_INPUT}</arg>
<doc>Clears the value of the text-input-element identified by ``locator``.</doc>
<status status="PASS" start="2026-07-19T14:48:44.877566" elapsed="0.045894"/>
</kw>
<status status="PASS" start="2026-07-19T14:48:44.877566" elapsed="0.047427"/>
</kw>
<kw name="Clear Check Out Date" owner="booking_page">
<kw name="Clear Element Text" owner="SeleniumLibrary">
<arg>${BOOKING_CHECK_OUT_INPUT}</arg>
<doc>Clears the value of the text-input-element identified by ``locator``.</doc>
<status status="PASS" start="2026-07-19T14:48:44.926171" elapsed="0.044872"/>
</kw>
<status status="PASS" start="2026-07-19T14:48:44.925640" elapsed="0.045403"/>
</kw>
<status status="PASS" start="2026-07-19T14:48:44.602002" elapsed="0.369041"/>
</kw>
<doc>Booking is blocked when Number of People is blank.</doc>
<tag>booking</tag>
<tag>bug</tag>
<tag>create</tag>
<tag>negative</tag>
<status status="FAIL" start="2026-07-19T14:48:42.543114" elapsed="2.427929">Element 'id=bookingOutput' should have contained text 'Missing required booking fields' but its text was '{
  "success": true,
  "booking": {
    "id": "BKG-603890",
    "hotelId": "HTL-101",
    "customerName": "Test",
    "people": 1,
    "beds": 1,
    "twinBeds": 0,
    "checkInDate": "2026-07-19",
    "checkOutDate": "2026-07-20",
    "bookingDate": "2026-07-19T11:48:43.436Z",
    "status": "confirmed",
    "amount": 410
  }
}'.</status>
</test>
<test id="s1-s1-t6" name="TC-16 Booking Blocked With Missing Beds" line="63">
<kw name="Fill All Booking Fields Except" owner="booking_page">
<kw name="Fill Valid Booking" owner="booking_page">
<kw name="Fill Hotel ID" owner="booking_page">
<kw name="Input Text" owner="SeleniumLibrary">
<msg time="2026-07-19T14:48:44.981277" level="INFO">Typing text 'HTL-101' into text field 'id=bookingHotelId'.</msg>
<arg>${BOOKING_HOTEL_ID_INPUT}</arg>
<arg>${hotel_id}</arg>
<doc>Types the given ``text`` into the text field identified by ``locator``.</doc>
<status status="PASS" start="2026-07-19T14:48:44.979760" elapsed="0.119987"/>
</kw>
<arg>${hotel_id}</arg>
<status status="PASS" start="2026-07-19T14:48:44.978234" elapsed="0.122025"/>
</kw>
<kw name="Fill Customer Name" owner="booking_page">
<kw name="Input Text" owner="SeleniumLibrary">
<msg time="2026-07-19T14:48:45.102353" level="INFO">Typing text 'Test' into text field 'id=customerName'.</msg>
<arg>${BOOKING_CUSTOMER_INPUT}</arg>
<arg>${name}</arg>
<doc>Types the given ``text`` into the text field identified by ``locator``.</doc>
<status status="PASS" start="2026-07-19T14:48:45.101833" elapsed="0.131000"/>
</kw>
<arg>${customer}</arg>
<status status="PASS" start="2026-07-19T14:48:45.101308" elapsed="0.131525"/>
</kw>
<kw name="Fill People" owner="booking_page">
<kw name="Input Text" owner="SeleniumLibrary">
<msg time="2026-07-19T14:48:45.235946" level="INFO">Typing text '1' into text field 'id=people'.</msg>
<arg>${BOOKING_PEOPLE_INPUT}</arg>
<arg>${count}</arg>
<doc>Types the given ``text`` into the text field identified by ``locator``.</doc>
<status status="PASS" start="2026-07-19T14:48:45.235416" elapsed="0.103319"/>
</kw>
<arg>${people}</arg>
<status status="PASS" start="2026-07-19T14:48:45.234352" elapsed="0.104383"/>
</kw>
<kw name="Fill Beds" owner="booking_page">
<kw name="Input Text" owner="SeleniumLibrary">
<msg time="2026-07-19T14:48:45.340224" level="INFO">Typing text '1' into text field 'id=beds'.</msg>
<arg>${BOOKING_BEDS_INPUT}</arg>
<arg>${count}</arg>
<doc>Types the given ``text`` into the text field identified by ``locator``.</doc>
<status status="PASS" start="2026-07-19T14:48:45.340224" elapsed="0.091340"/>
</kw>
<arg>${beds}</arg>
<status status="PASS" start="2026-07-19T14:48:45.339242" elapsed="0.093850"/>
</kw>
<kw name="Fill Twin Beds" owner="booking_page">
<kw name="Input Text" owner="SeleniumLibrary">
<msg time="2026-07-19T14:48:45.435414" level="INFO">Typing text '0' into text field 'id=twinBeds'.</msg>
<arg>${BOOKING_TWIN_BEDS_INPUT}</arg>
<arg>${count}</arg>
<doc>Types the given ``text`` into the text field identified by ``locator``.</doc>
<status status="PASS" start="2026-07-19T14:48:45.434358" elapsed="0.109043"/>
</kw>
<arg>${twin_beds}</arg>
<status status="PASS" start="2026-07-19T14:48:45.433092" elapsed="0.110309"/>
</kw>
<kw name="Fill Check In Date" owner="booking_page">
<kw name="Input Text" owner="SeleniumLibrary">
<msg time="2026-07-19T14:48:45.544958" level="INFO">Typing text '19072026' into text field 'id=checkInDate'.</msg>
<arg>${BOOKING_CHECK_IN_INPUT}</arg>
<arg>${date}</arg>
<doc>Types the given ``text`` into the text field identified by ``locator``.</doc>
<status status="PASS" start="2026-07-19T14:48:45.544424" elapsed="0.170334"/>
</kw>
<arg>${check_in}</arg>
<status status="PASS" start="2026-07-19T14:48:45.543913" elapsed="0.171369"/>
</kw>
<kw name="Fill Check Out Date" owner="booking_page">
<kw name="Input Text" owner="SeleniumLibrary">
<msg time="2026-07-19T14:48:45.719977" level="INFO">Typing text '20072026' into text field 'id=checkOutDate'.</msg>
<arg>${BOOKING_CHECK_OUT_INPUT}</arg>
<arg>${date}</arg>
<doc>Types the given ``text`` into the text field identified by ``locator``.</doc>
<status status="PASS" start="2026-07-19T14:48:45.718429" elapsed="0.179137"/>
</kw>
<arg>${check_out}</arg>
<status status="PASS" start="2026-07-19T14:48:45.715282" elapsed="0.182796"/>
</kw>
<arg>${booking_hotel_id}</arg>
<arg>${booking_customer}</arg>
<arg>${booking_people}</arg>
<arg>${booking_beds}</arg>
<arg>${booking_twin_beds}</arg>
<arg>${booking_check_in}</arg>
<arg>${booking_check_out}</arg>
<status status="PASS" start="2026-07-19T14:48:44.976690" elapsed="0.921388"/>
</kw>
<kw name="Run Keyword If" owner="BuiltIn">
<arg>"${skip_field}" == "Hotel ID"</arg>
<arg>Clear Hotel ID</arg>
<doc>Runs the given keyword with the given arguments, if ``condition`` is true.</doc>
<status status="PASS" start="2026-07-19T14:48:45.899037" elapsed="0.001047"/>
</kw>
<kw name="Run Keyword If" owner="BuiltIn">
<arg>"${skip_field}" == "Customer Name"</arg>
<arg>Clear Customer Name</arg>
<doc>Runs the given keyword with the given arguments, if ``condition`` is true.</doc>
<status status="PASS" start="2026-07-19T14:48:45.900084" elapsed="0.000643"/>
</kw>
<kw name="Run Keyword If" owner="BuiltIn">
<arg>"${skip_field}" == "People"</arg>
<arg>Clear People</arg>
<doc>Runs the given keyword with the given arguments, if ``condition`` is true.</doc>
<status status="PASS" start="2026-07-19T14:48:45.901247" elapsed="0.000000"/>
</kw>
<kw name="Run Keyword If" owner="BuiltIn">
<kw name="Clear Beds" owner="booking_page">
<kw name="Clear Element Text" owner="SeleniumLibrary">
<arg>${BOOKING_BEDS_INPUT}</arg>
<doc>Clears the value of the text-input-element identified by ``locator``.</doc>
<status status="PASS" start="2026-07-19T14:48:45.902812" elapsed="0.054838"/>
</kw>
<status status="PASS" start="2026-07-19T14:48:45.902300" elapsed="0.056370"/>
</kw>
<arg>"${skip_field}" == "Beds"</arg>
<arg>Clear Beds</arg>
<doc>Runs the given keyword with the given arguments, if ``condition`` is true.</doc>
<status status="PASS" start="2026-07-19T14:48:45.901787" elapsed="0.056883"/>
</kw>
<kw name="Run Keyword If" owner="BuiltIn">
<arg>"${skip_field}" == "Twin Beds"</arg>
<arg>Clear Twin Beds</arg>
<doc>Runs the given keyword with the given arguments, if ``condition`` is true.</doc>
<status status="PASS" start="2026-07-19T14:48:45.959708" elapsed="0.001449"/>
</kw>
<kw name="Run Keyword If" owner="BuiltIn">
<arg>"${skip_field}" == "Check In Date"</arg>
<arg>Clear Check In Date</arg>
<doc>Runs the given keyword with the given arguments, if ``condition`` is true.</doc>
<status status="PASS" start="2026-07-19T14:48:45.961157" elapsed="0.000507"/>
</kw>
<kw name="Run Keyword If" owner="BuiltIn">
<arg>"${skip_field}" == "Check Out Date"</arg>
<arg>Clear Check Out Date</arg>
<doc>Runs the given keyword with the given arguments, if ``condition`` is true.</doc>
<status status="PASS" start="2026-07-19T14:48:45.962189" elapsed="0.000000"/>
</kw>
<arg>Beds</arg>
<status status="PASS" start="2026-07-19T14:48:44.975651" elapsed="0.987071"/>
</kw>
<kw name="Submit Booking" owner="booking_page">
<kw name="Click Book Room Button" owner="booking_page">
<kw name="Click Button" owner="SeleniumLibrary">
<msg time="2026-07-19T14:48:45.963758" level="INFO">Clicking button 'xpath=//button[contains(text(), 'Book Room')]'.</msg>
<arg>${BOOKING_SUBMIT_BTN}</arg>
<doc>Clicks the button identified by ``locator``.</doc>
<status status="PASS" start="2026-07-19T14:48:45.963758" elapsed="0.112174"/>
</kw>
<kw name="Sleep" owner="BuiltIn">
<msg time="2026-07-19T14:48:47.077940" level="INFO">Slept 1 second.</msg>
<arg>${SLEEP_DURATION}</arg>
<doc>Pauses the test executed for the given time.</doc>
<status status="PASS" start="2026-07-19T14:48:46.075932" elapsed="1.002008"/>
</kw>
<status status="PASS" start="2026-07-19T14:48:45.963242" elapsed="1.115238"/>
</kw>
<status status="PASS" start="2026-07-19T14:48:45.963242" elapsed="1.115238"/>
</kw>
<kw name="Verify Booking Error" owner="booking_page">
<kw name="Wait Until Element Is Visible" owner="SeleniumLibrary">
<arg>${BOOKING_OUTPUT}</arg>
<arg>timeout=${DEFAULT_TIMEOUT}</arg>
<doc>Waits until the element ``locator`` is visible.</doc>
<status status="PASS" start="2026-07-19T14:48:47.080028" elapsed="0.023282"/>
</kw>
<kw name="Element Should Contain" owner="SeleniumLibrary">
<msg time="2026-07-19T14:48:47.245745" level="INFO" html="true">&lt;/td&gt;&lt;/tr&gt;&lt;tr&gt;&lt;td colspan="3"&gt;&lt;a href="selenium-screenshot-6.png"&gt;&lt;img src="selenium-screenshot-6.png" width="800px"&gt;&lt;/a&gt;</msg>
<msg time="2026-07-19T14:48:47.246260" level="FAIL">Element 'id=bookingOutput' should have contained text 'Missing required booking fields' but its text was '{
  "success": true,
  "booking": {
    "id": "BKG-832658",
    "hotelId": "HTL-101",
    "customerName": "Test",
    "people": 1,
    "beds": 1,
    "twinBeds": 0,
    "checkInDate": "2026-07-19",
    "checkOutDate": "2026-07-20",
    "bookingDate": "2026-07-19T11:48:46.075Z",
    "status": "confirmed",
    "amount": 410
  }
}'.</msg>
<arg>${BOOKING_OUTPUT}</arg>
<arg>${expected_error}</arg>
<doc>Verifies that element ``locator`` contains text ``expected``.</doc>
<status status="FAIL" start="2026-07-19T14:48:47.103310" elapsed="0.143985">Element 'id=bookingOutput' should have contained text 'Missing required booking fields' but its text was '{
  "success": true,
  "booking": {
    "id": "BKG-832658",
    "hotelId": "HTL-101",
    "customerName": "Test",
    "people": 1,
    "beds": 1,
    "twinBeds": 0,
    "checkInDate": "2026-07-19",
    "checkOutDate": "2026-07-20",
    "bookingDate": "2026-07-19T11:48:46.075Z",
    "status": "confirmed",
    "amount": 410
  }
}'.</status>
</kw>
<arg>${BOOKING_MISSING_FIELDS}</arg>
<status status="FAIL" start="2026-07-19T14:48:47.079520" elapsed="0.168295">Element 'id=bookingOutput' should have contained text 'Missing required booking fields' but its text was '{
  "success": true,
  "booking": {
    "id": "BKG-832658",
    "hotelId": "HTL-101",
    "customerName": "Test",
    "people": 1,
    "beds": 1,
    "twinBeds": 0,
    "checkInDate": "2026-07-19",
    "checkOutDate": "2026-07-20",
    "bookingDate": "2026-07-19T11:48:46.075Z",
    "status": "confirmed",
    "amount": 410
  }
}'.</status>
</kw>
<kw name="Clear Booking Form" owner="booking_page" type="TEARDOWN">
<kw name="Clear Hotel ID" owner="booking_page">
<kw name="Clear Element Text" owner="SeleniumLibrary">
<arg>${BOOKING_HOTEL_ID_INPUT}</arg>
<doc>Clears the value of the text-input-element identified by ``locator``.</doc>
<status status="PASS" start="2026-07-19T14:48:47.249365" elapsed="0.067732"/>
</kw>
<status status="PASS" start="2026-07-19T14:48:47.248853" elapsed="0.068770"/>
</kw>
<kw name="Clear Customer Name" owner="booking_page">
<kw name="Clear Element Text" owner="SeleniumLibrary">
<arg>${BOOKING_CUSTOMER_INPUT}</arg>
<doc>Clears the value of the text-input-element identified by ``locator``.</doc>
<status status="PASS" start="2026-07-19T14:48:47.319757" elapsed="0.055852"/>
</kw>
<status status="PASS" start="2026-07-19T14:48:47.318693" elapsed="0.058016"/>
</kw>
<kw name="Clear People" owner="booking_page">
<kw name="Clear Element Text" owner="SeleniumLibrary">
<arg>${BOOKING_PEOPLE_INPUT}</arg>
<doc>Clears the value of the text-input-element identified by ``locator``.</doc>
<status status="PASS" start="2026-07-19T14:48:47.378261" elapsed="0.048188"/>
</kw>
<status status="PASS" start="2026-07-19T14:48:47.376709" elapsed="0.050248"/>
</kw>
<kw name="Clear Beds" owner="booking_page">
<kw name="Clear Element Text" owner="SeleniumLibrary">
<arg>${BOOKING_BEDS_INPUT}</arg>
<doc>Clears the value of the text-input-element identified by ``locator``.</doc>
<status status="PASS" start="2026-07-19T14:48:47.430051" elapsed="0.056075"/>
</kw>
<status status="PASS" start="2026-07-19T14:48:47.427964" elapsed="0.058680"/>
</kw>
<kw name="Clear Twin Beds" owner="booking_page">
<kw name="Clear Element Text" owner="SeleniumLibrary">
<arg>${BOOKING_TWIN_BEDS_INPUT}</arg>
<doc>Clears the value of the text-input-element identified by ``locator``.</doc>
<status status="PASS" start="2026-07-19T14:48:47.488205" elapsed="0.048583"/>
</kw>
<status status="PASS" start="2026-07-19T14:48:47.487171" elapsed="0.050129"/>
</kw>
<kw name="Clear Check In Date" owner="booking_page">
<kw name="Clear Element Text" owner="SeleniumLibrary">
<arg>${BOOKING_CHECK_IN_INPUT}</arg>
<doc>Clears the value of the text-input-element identified by ``locator``.</doc>
<status status="PASS" start="2026-07-19T14:48:47.537300" elapsed="0.044998"/>
</kw>
<status status="PASS" start="2026-07-19T14:48:47.537300" elapsed="0.044998"/>
</kw>
<kw name="Clear Check Out Date" owner="booking_page">
<kw name="Clear Element Text" owner="SeleniumLibrary">
<arg>${BOOKING_CHECK_OUT_INPUT}</arg>
<doc>Clears the value of the text-input-element identified by ``locator``.</doc>
<status status="PASS" start="2026-07-19T14:48:47.582298" elapsed="0.052967"/>
</kw>
<status status="PASS" start="2026-07-19T14:48:47.582298" elapsed="0.052967"/>
</kw>
<status status="PASS" start="2026-07-19T14:48:47.248853" elapsed="0.386921"/>
</kw>
<doc>Booking is blocked when Number of Beds is blank.</doc>
<tag>booking</tag>
<tag>bug</tag>
<tag>create</tag>
<tag>negative</tag>
<status status="FAIL" start="2026-07-19T14:48:44.972569" elapsed="2.663205">Element 'id=bookingOutput' should have contained text 'Missing required booking fields' but its text was '{
  "success": true,
  "booking": {
    "id": "BKG-832658",
    "hotelId": "HTL-101",
    "customerName": "Test",
    "people": 1,
    "beds": 1,
    "twinBeds": 0,
    "checkInDate": "2026-07-19",
    "checkOutDate": "2026-07-20",
    "bookingDate": "2026-07-19T11:48:46.075Z",
    "status": "confirmed",
    "amount": 410
  }
}'.</status>
</test>
<test id="s1-s1-t7" name="TC-17 Booking Blocked With Missing Twin Beds" line="70">
<kw name="Fill All Booking Fields Except" owner="booking_page">
<kw name="Fill Valid Booking" owner="booking_page">
<kw name="Fill Hotel ID" owner="booking_page">
<kw name="Input Text" owner="SeleniumLibrary">
<msg time="2026-07-19T14:48:47.639903" level="INFO">Typing text 'HTL-101' into text field 'id=bookingHotelId'.</msg>
<arg>${BOOKING_HOTEL_ID_INPUT}</arg>
<arg>${hotel_id}</arg>
<doc>Types the given ``text`` into the text field identified by ``locator``.</doc>
<status status="PASS" start="2026-07-19T14:48:47.639390" elapsed="0.130870"/>
</kw>
<arg>${hotel_id}</arg>
<status status="PASS" start="2026-07-19T14:48:47.638879" elapsed="0.131381"/>
</kw>
<kw name="Fill Customer Name" owner="booking_page">
<kw name="Input Text" owner="SeleniumLibrary">
<msg time="2026-07-19T14:48:47.772839" level="INFO">Typing text 'Test' into text field 'id=customerName'.</msg>
<arg>${BOOKING_CUSTOMER_INPUT}</arg>
<arg>${name}</arg>
<doc>Types the given ``text`` into the text field identified by ``locator``.</doc>
<status status="PASS" start="2026-07-19T14:48:47.771769" elapsed="0.101290"/>
</kw>
<arg>${customer}</arg>
<status status="PASS" start="2026-07-19T14:48:47.770260" elapsed="0.102799"/>
</kw>
<kw name="Fill People" owner="booking_page">
<kw name="Input Text" owner="SeleniumLibrary">
<msg time="2026-07-19T14:48:47.874085" level="INFO">Typing text '1' into text field 'id=people'.</msg>
<arg>${BOOKING_PEOPLE_INPUT}</arg>
<arg>${count}</arg>
<doc>Types the given ``text`` into the text field identified by ``locator``.</doc>
<status status="PASS" start="2026-07-19T14:48:47.874085" elapsed="0.090252"/>
</kw>
<arg>${people}</arg>
<status status="PASS" start="2026-07-19T14:48:47.873575" elapsed="0.091283"/>
</kw>
<kw name="Fill Beds" owner="booking_page">
<kw name="Input Text" owner="SeleniumLibrary">
<msg time="2026-07-19T14:48:47.966910" level="INFO">Typing text '1' into text field 'id=beds'.</msg>
<arg>${BOOKING_BEDS_INPUT}</arg>
<arg>${count}</arg>
<doc>Types the given ``text`` into the text field identified by ``locator``.</doc>
<status status="PASS" start="2026-07-19T14:48:47.966391" elapsed="0.091451"/>
</kw>
<arg>${beds}</arg>
<status status="PASS" start="2026-07-19T14:48:47.965369" elapsed="0.092473"/>
</kw>
<kw name="Fill Twin Beds" owner="booking_page">
<kw name="Input Text" owner="SeleniumLibrary">
<msg time="2026-07-19T14:48:48.059880" level="INFO">Typing text '0' into text field 'id=twinBeds'.</msg>
<arg>${BOOKING_TWIN_BEDS_INPUT}</arg>
<arg>${count}</arg>
<doc>Types the given ``text`` into the text field identified by ``locator``.</doc>
<status status="PASS" start="2026-07-19T14:48:48.059363" elapsed="0.100339"/>
</kw>
<arg>${twin_beds}</arg>
<status status="PASS" start="2026-07-19T14:48:48.059363" elapsed="0.100855"/>
</kw>
<kw name="Fill Check In Date" owner="booking_page">
<kw name="Input Text" owner="SeleniumLibrary">
<msg time="2026-07-19T14:48:48.161762" level="INFO">Typing text '19072026' into text field 'id=checkInDate'.</msg>
<arg>${BOOKING_CHECK_IN_INPUT}</arg>
<arg>${date}</arg>
<doc>Types the given ``text`` into the text field identified by ``locator``.</doc>
<status status="PASS" start="2026-07-19T14:48:48.161246" elapsed="0.120884"/>
</kw>
<arg>${check_in}</arg>
<status status="PASS" start="2026-07-19T14:48:48.160733" elapsed="0.122950"/>
</kw>
<kw name="Fill Check Out Date" owner="booking_page">
<kw name="Input Text" owner="SeleniumLibrary">
<msg time="2026-07-19T14:48:48.283683" level="INFO">Typing text '20072026' into text field 'id=checkOutDate'.</msg>
<arg>${BOOKING_CHECK_OUT_INPUT}</arg>
<arg>${date}</arg>
<doc>Types the given ``text`` into the text field identified by ``locator``.</doc>
<status status="PASS" start="2026-07-19T14:48:48.283683" elapsed="0.112133"/>
</kw>
<arg>${check_out}</arg>
<status status="PASS" start="2026-07-19T14:48:48.283683" elapsed="0.112656"/>
</kw>
<arg>${booking_hotel_id}</arg>
<arg>${booking_customer}</arg>
<arg>${booking_people}</arg>
<arg>${booking_beds}</arg>
<arg>${booking_twin_beds}</arg>
<arg>${booking_check_in}</arg>
<arg>${booking_check_out}</arg>
<status status="PASS" start="2026-07-19T14:48:47.638367" elapsed="0.757972"/>
</kw>
<kw name="Run Keyword If" owner="BuiltIn">
<arg>"${skip_field}" == "Hotel ID"</arg>
<arg>Clear Hotel ID</arg>
<doc>Runs the given keyword with the given arguments, if ``condition`` is true.</doc>
<status status="PASS" start="2026-07-19T14:48:48.396855" elapsed="0.001023"/>
</kw>
<kw name="Run Keyword If" owner="BuiltIn">
<arg>"${skip_field}" == "Customer Name"</arg>
<arg>Clear Customer Name</arg>
<doc>Runs the given keyword with the given arguments, if ``condition`` is true.</doc>
<status status="PASS" start="2026-07-19T14:48:48.397878" elapsed="0.000515"/>
</kw>
<kw name="Run Keyword If" owner="BuiltIn">
<arg>"${skip_field}" == "People"</arg>
<arg>Clear People</arg>
<doc>Runs the given keyword with the given arguments, if ``condition`` is true.</doc>
<status status="PASS" start="2026-07-19T14:48:48.398393" elapsed="0.000513"/>
</kw>
<kw name="Run Keyword If" owner="BuiltIn">
<arg>"${skip_field}" == "Beds"</arg>
<arg>Clear Beds</arg>
<doc>Runs the given keyword with the given arguments, if ``condition`` is true.</doc>
<status status="PASS" start="2026-07-19T14:48:48.398906" elapsed="0.000516"/>
</kw>
<kw name="Run Keyword If" owner="BuiltIn">
<kw name="Clear Twin Beds" owner="booking_page">
<kw name="Clear Element Text" owner="SeleniumLibrary">
<arg>${BOOKING_TWIN_BEDS_INPUT}</arg>
<doc>Clears the value of the text-input-element identified by ``locator``.</doc>
<status status="PASS" start="2026-07-19T14:48:48.400446" elapsed="0.045352"/>
</kw>
<status status="PASS" start="2026-07-19T14:48:48.399936" elapsed="0.046375"/>
</kw>
<arg>"${skip_field}" == "Twin Beds"</arg>
<arg>Clear Twin Beds</arg>
<doc>Runs the given keyword with the given arguments, if ``condition`` is true.</doc>
<status status="PASS" start="2026-07-19T14:48:48.399422" elapsed="0.046889"/>
</kw>
<kw name="Run Keyword If" owner="BuiltIn">
<arg>"${skip_field}" == "Check In Date"</arg>
<arg>Clear Check In Date</arg>
<doc>Runs the given keyword with the given arguments, if ``condition`` is true.</doc>
<status status="PASS" start="2026-07-19T14:48:48.446311" elapsed="0.001540"/>
</kw>
<kw name="Run Keyword If" owner="BuiltIn">
<arg>"${skip_field}" == "Check Out Date"</arg>
<arg>Clear Check Out Date</arg>
<doc>Runs the given keyword with the given arguments, if ``condition`` is true.</doc>
<status status="PASS" start="2026-07-19T14:48:48.447851" elapsed="0.000000"/>
</kw>
<arg>Twin Beds</arg>
<status status="PASS" start="2026-07-19T14:48:47.637849" elapsed="0.810002"/>
</kw>
<kw name="Submit Booking" owner="booking_page">
<kw name="Click Book Room Button" owner="booking_page">
<kw name="Click Button" owner="SeleniumLibrary">
<msg time="2026-07-19T14:48:48.449381" level="INFO">Clicking button 'xpath=//button[contains(text(), 'Book Room')]'.</msg>
<arg>${BOOKING_SUBMIT_BTN}</arg>
<doc>Clicks the button identified by ``locator``.</doc>
<status status="PASS" start="2026-07-19T14:48:48.449381" elapsed="0.110308"/>
</kw>
<kw name="Sleep" owner="BuiltIn">
<msg time="2026-07-19T14:48:49.561748" level="INFO">Slept 1 second.</msg>
<arg>${SLEEP_DURATION}</arg>
<doc>Pauses the test executed for the given time.</doc>
<status status="PASS" start="2026-07-19T14:48:48.560200" elapsed="1.001548"/>
</kw>
<status status="PASS" start="2026-07-19T14:48:48.449381" elapsed="1.112367"/>
</kw>
<status status="PASS" start="2026-07-19T14:48:48.449381" elapsed="1.112882"/>
</kw>
<kw name="Verify Booking Error" owner="booking_page">
<kw name="Wait Until Element Is Visible" owner="SeleniumLibrary">
<arg>${BOOKING_OUTPUT}</arg>
<arg>timeout=${DEFAULT_TIMEOUT}</arg>
<doc>Waits until the element ``locator`` is visible.</doc>
<status status="PASS" start="2026-07-19T14:48:49.563289" elapsed="0.026841"/>
</kw>
<kw name="Element Should Contain" owner="SeleniumLibrary">
<msg time="2026-07-19T14:48:49.726667" level="INFO" html="true">&lt;/td&gt;&lt;/tr&gt;&lt;tr&gt;&lt;td colspan="3"&gt;&lt;a href="selenium-screenshot-7.png"&gt;&lt;img src="selenium-screenshot-7.png" width="800px"&gt;&lt;/a&gt;</msg>
<msg time="2026-07-19T14:48:49.726667" level="FAIL">Element 'id=bookingOutput' should have contained text 'Missing required booking fields' but its text was '{
  "success": true,
  "booking": {
    "id": "BKG-106077",
    "hotelId": "HTL-101",
    "customerName": "Test",
    "people": 1,
    "beds": 1,
    "twinBeds": 0,
    "checkInDate": "2026-07-19",
    "checkOutDate": "2026-07-20",
    "bookingDate": "2026-07-19T11:48:48.559Z",
    "status": "confirmed",
    "amount": 410
  }
}'.</msg>
<arg>${BOOKING_OUTPUT}</arg>
<arg>${expected_error}</arg>
<doc>Verifies that element ``locator`` contains text ``expected``.</doc>
<status status="FAIL" start="2026-07-19T14:48:49.590685" elapsed="0.139108">Element 'id=bookingOutput' should have contained text 'Missing required booking fields' but its text was '{
  "success": true,
  "booking": {
    "id": "BKG-106077",
    "hotelId": "HTL-101",
    "customerName": "Test",
    "people": 1,
    "beds": 1,
    "twinBeds": 0,
    "checkInDate": "2026-07-19",
    "checkOutDate": "2026-07-20",
    "bookingDate": "2026-07-19T11:48:48.559Z",
    "status": "confirmed",
    "amount": 410
  }
}'.</status>
</kw>
<arg>${BOOKING_MISSING_FIELDS}</arg>
[...]
<status status="PASS" start="2026-07-19T14:49:25.612364" elapsed="1.002473"/>
</kw>
<status status="PASS" start="2026-07-19T14:49:25.512170" elapsed="1.102667"/>
</kw>
<kw name="Get Current Page Info" owner="search_page">
<kw name="Get Text" owner="SeleniumLibrary">
<msg time="2026-07-19T14:49:26.646439" level="INFO">${text} = Page 2 of 6</msg>
<var>${text}</var>
<arg>${PAGINATION_INFO}</arg>
<doc>Returns the text value of the element identified by ``locator``.</doc>
<status status="PASS" start="2026-07-19T14:49:26.617993" elapsed="0.028446"/>
</kw>
<return>
<value>${text}</value>
<status status="PASS" start="2026-07-19T14:49:26.646439" elapsed="0.000000"/>
</return>
<msg time="2026-07-19T14:49:26.646439" level="INFO">${page_after} = Page 2 of 6</msg>
<var>${page_after}</var>
<status status="PASS" start="2026-07-19T14:49:26.616424" elapsed="0.030015"/>
</kw>
<kw name="Should Not Be Equal" owner="BuiltIn">
<arg>${page_before}</arg>
<arg>${page_after}</arg>
<doc>Fails if the given objects are equal.</doc>
<status status="PASS" start="2026-07-19T14:49:26.646439" elapsed="0.000000"/>
</kw>
<kw name="Click Previous Page" owner="search_page">
<kw name="Click Element" owner="SeleniumLibrary">
<msg time="2026-07-19T14:49:26.648102" level="INFO">Clicking element 'id=prevHotelsBtn'.</msg>
<arg>${PAGINATION_PREV_BTN}</arg>
<doc>Click the element identified by ``locator``.</doc>
<status status="PASS" start="2026-07-19T14:49:26.648102" elapsed="0.092689"/>
</kw>
<kw name="Sleep" owner="BuiltIn">
<msg time="2026-07-19T14:49:27.742198" level="INFO">Slept 1 second.</msg>
<arg>${SLEEP_DURATION}</arg>
<doc>Pauses the test executed for the given time.</doc>
<status status="PASS" start="2026-07-19T14:49:26.741335" elapsed="1.000863"/>
</kw>
<status status="PASS" start="2026-07-19T14:49:26.648102" elapsed="1.094714"/>
</kw>
<kw name="Reset Search Filters" owner="search_page" type="TEARDOWN">
<kw name="Clear City" owner="search_page">
<kw name="Clear Element Text" owner="SeleniumLibrary">
<arg>${SEARCH_CITY_INPUT}</arg>
<doc>Clears the value of the text-input-element identified by ``locator``.</doc>
<status status="PASS" start="2026-07-19T14:49:27.744370" elapsed="0.044104"/>
</kw>
<status status="PASS" start="2026-07-19T14:49:27.742816" elapsed="0.045658"/>
</kw>
<kw name="Clear Min Rating" owner="search_page">
<kw name="Clear Element Text" owner="SeleniumLibrary">
<arg>${SEARCH_MIN_RATING_INPUT}</arg>
<doc>Clears the value of the text-input-element identified by ``locator``.</doc>
<status status="PASS" start="2026-07-19T14:49:27.788474" elapsed="0.045495"/>
</kw>
<status status="PASS" start="2026-07-19T14:49:27.788474" elapsed="0.045495"/>
</kw>
<kw name="Clear Max Price" owner="search_page">
<kw name="Clear Element Text" owner="SeleniumLibrary">
<arg>${SEARCH_MAX_PRICE_INPUT}</arg>
<doc>Clears the value of the text-input-element identified by ``locator``.</doc>
<status status="PASS" start="2026-07-19T14:49:27.835479" elapsed="0.042700"/>
</kw>
<status status="PASS" start="2026-07-19T14:49:27.834976" elapsed="0.043710"/>
</kw>
<kw name="Reset Amenity" owner="search_page">
<kw name="Select From List By Index" owner="SeleniumLibrary">
<msg time="2026-07-19T14:49:27.879193" level="INFO">Selecting options from selection list 'id=amenity' by index 0.</msg>
<arg>${SEARCH_AMENITY_SELECT}</arg>
<arg>0</arg>
<doc>Selects options from selection list ``locator`` by ``indexes``.</doc>
<status status="PASS" start="2026-07-19T14:49:27.879193" elapsed="0.050048"/>
</kw>
<status status="PASS" start="2026-07-19T14:49:27.878686" elapsed="0.051060"/>
</kw>
<kw name="Reset Sort By" owner="search_page">
<kw name="Select From List By Index" owner="SeleniumLibrary">
<msg time="2026-07-19T14:49:27.930267" level="INFO">Selecting options from selection list 'id=sortBy' by index 0.</msg>
<arg>${SEARCH_SORT_BY_SELECT}</arg>
<arg>0</arg>
<doc>Selects options from selection list ``locator`` by ``indexes``.</doc>
<status status="PASS" start="2026-07-19T14:49:27.930267" elapsed="0.045401"/>
</kw>
<status status="PASS" start="2026-07-19T14:49:27.929746" elapsed="0.046480"/>
</kw>
<kw name="Click Search Hotels Button" owner="search_page">
<kw name="Click Button" owner="SeleniumLibrary">
<msg time="2026-07-19T14:49:27.976762" level="INFO">Clicking button 'xpath=//button[contains(text(), 'Search Hotels')]'.</msg>
<arg>${SEARCH_SUBMIT_BTN}</arg>
<doc>Clicks the button identified by ``locator``.</doc>
<status status="PASS" start="2026-07-19T14:49:27.976762" elapsed="0.095107"/>
</kw>
<kw name="Sleep" owner="BuiltIn">
<msg time="2026-07-19T14:49:29.072721" level="INFO">Slept 1 second.</msg>
<arg>${SLEEP_DURATION}</arg>
<doc>Pauses the test executed for the given time.</doc>
<status status="PASS" start="2026-07-19T14:49:28.071869" elapsed="1.000852"/>
</kw>
<status status="PASS" start="2026-07-19T14:49:27.976226" elapsed="1.096495"/>
</kw>
<status status="PASS" start="2026-07-19T14:49:27.742816" elapsed="1.330530"/>
</kw>
<doc>Clicking Next shifts to the next set of hotels.</doc>
<tag>pagination</tag>
<tag>positive</tag>
<status status="PASS" start="2026-07-19T14:49:25.395201" elapsed="3.678145"/>
</test>
<test id="s1-s2-t9" name="TC-9 Search Non-Existent City" line="65">
<kw name="Filter Hotels By City" owner="search_page">
<kw name="Enter City" owner="search_page">
<kw name="Clear Element Text" owner="SeleniumLibrary">
<arg>${SEARCH_CITY_INPUT}</arg>
<doc>Clears the value of the text-input-element identified by ``locator``.</doc>
<status status="PASS" start="2026-07-19T14:49:29.076149" elapsed="0.045934"/>
</kw>
<kw name="Input Text" owner="SeleniumLibrary">
<msg time="2026-07-19T14:49:29.122083" level="INFO">Typing text 'UnknownCity' into text field 'id=city'.</msg>
<arg>${SEARCH_CITY_INPUT}</arg>
<arg>${city_name}</arg>
<doc>Types the given ``text`` into the text field identified by ``locator``.</doc>
<status status="PASS" start="2026-07-19T14:49:29.122083" elapsed="0.119026"/>
</kw>
<arg>${city_name}</arg>
<status status="PASS" start="2026-07-19T14:49:29.076149" elapsed="0.164960"/>
</kw>
<kw name="Click Search Hotels Button" owner="search_page">
<kw name="Click Button" owner="SeleniumLibrary">
<msg time="2026-07-19T14:49:29.241109" level="INFO">Clicking button 'xpath=//button[contains(text(), 'Search Hotels')]'.</msg>
<arg>${SEARCH_SUBMIT_BTN}</arg>
<doc>Clicks the button identified by ``locator``.</doc>
<status status="PASS" start="2026-07-19T14:49:29.241109" elapsed="0.094285"/>
</kw>
<kw name="Sleep" owner="BuiltIn">
<msg time="2026-07-19T14:49:30.336489" level="INFO">Slept 1 second.</msg>
<arg>${SLEEP_DURATION}</arg>
<doc>Pauses the test executed for the given time.</doc>
<status status="PASS" start="2026-07-19T14:49:29.335909" elapsed="1.000580"/>
</kw>
<status status="PASS" start="2026-07-19T14:49:29.241109" elapsed="1.095932"/>
</kw>
<arg>${non_existent_city}</arg>
<status status="PASS" start="2026-07-19T14:49:29.075527" elapsed="1.261514"/>
</kw>
<kw name="Verify No Results Message" owner="search_page">
<kw name="Wait Until Element Is Visible" owner="SeleniumLibrary">
<arg>${HOTELS_LIST_CONTAINER}</arg>
<arg>timeout=${DEFAULT_TIMEOUT}</arg>
<doc>Waits until the element ``locator`` is visible.</doc>
<status status="PASS" start="2026-07-19T14:49:30.338103" elapsed="0.027864"/>
</kw>
<kw name="Wait Until Element Contains" owner="SeleniumLibrary">
<arg>${HOTELS_LIST_CONTAINER}</arg>
<arg>${NO_RESULTS_TEXT}</arg>
<arg>timeout=${DEFAULT_TIMEOUT}</arg>
<doc>Waits until the element ``locator`` contains ``text``.</doc>
<status status="PASS" start="2026-07-19T14:49:30.366538" elapsed="0.029837"/>
</kw>
<status status="PASS" start="2026-07-19T14:49:30.337576" elapsed="0.060342"/>
</kw>
<kw name="Reset Search Filters" owner="search_page" type="TEARDOWN">
<kw name="Clear City" owner="search_page">
<kw name="Clear Element Text" owner="SeleniumLibrary">
<arg>${SEARCH_CITY_INPUT}</arg>
<doc>Clears the value of the text-input-element identified by ``locator``.</doc>
<status status="PASS" start="2026-07-19T14:49:30.399449" elapsed="0.041944"/>
</kw>
<status status="PASS" start="2026-07-19T14:49:30.399449" elapsed="0.041944"/>
</kw>
<kw name="Clear Min Rating" owner="search_page">
<kw name="Clear Element Text" owner="SeleniumLibrary">
<arg>${SEARCH_MIN_RATING_INPUT}</arg>
<doc>Clears the value of the text-input-element identified by ``locator``.</doc>
<status status="PASS" start="2026-07-19T14:49:30.441940" elapsed="0.044687"/>
</kw>
<status status="PASS" start="2026-07-19T14:49:30.441940" elapsed="0.046210"/>
</kw>
<kw name="Clear Max Price" owner="search_page">
<kw name="Clear Element Text" owner="SeleniumLibrary">
<arg>${SEARCH_MAX_PRICE_INPUT}</arg>
<doc>Clears the value of the text-input-element identified by ``locator``.</doc>
<status status="PASS" start="2026-07-19T14:49:30.488150" elapsed="0.040699"/>
</kw>
<status status="PASS" start="2026-07-19T14:49:30.488150" elapsed="0.040699"/>
</kw>
<kw name="Reset Amenity" owner="search_page">
<kw name="Select From List By Index" owner="SeleniumLibrary">
<msg time="2026-07-19T14:49:30.530347" level="INFO">Selecting options from selection list 'id=amenity' by index 0.</msg>
<arg>${SEARCH_AMENITY_SELECT}</arg>
<arg>0</arg>
<doc>Selects options from selection list ``locator`` by ``indexes``.</doc>
<status status="PASS" start="2026-07-19T14:49:30.530347" elapsed="0.060206"/>
</kw>
<status status="PASS" start="2026-07-19T14:49:30.528849" elapsed="0.061704"/>
</kw>
<kw name="Reset Sort By" owner="search_page">
<kw name="Select From List By Index" owner="SeleniumLibrary">
<msg time="2026-07-19T14:49:30.592083" level="INFO">Selecting options from selection list 'id=sortBy' by index 0.</msg>
<arg>${SEARCH_SORT_BY_SELECT}</arg>
<arg>0</arg>
<doc>Selects options from selection list ``locator`` by ``indexes``.</doc>
<status status="PASS" start="2026-07-19T14:49:30.592083" elapsed="0.054547"/>
</kw>
<status status="PASS" start="2026-07-19T14:49:30.590553" elapsed="0.056077"/>
</kw>
<kw name="Click Search Hotels Button" owner="search_page">
<kw name="Click Button" owner="SeleniumLibrary">
<msg time="2026-07-19T14:49:30.648148" level="INFO">Clicking button 'xpath=//button[contains(text(), 'Search Hotels')]'.</msg>
<arg>${SEARCH_SUBMIT_BTN}</arg>
<doc>Clicks the button identified by ``locator``.</doc>
<status status="PASS" start="2026-07-19T14:49:30.648148" elapsed="0.095231"/>
</kw>
<kw name="Sleep" owner="BuiltIn">
<msg time="2026-07-19T14:49:31.744061" level="INFO">Slept 1 second.</msg>
<arg>${SLEEP_DURATION}</arg>
<doc>Pauses the test executed for the given time.</doc>
<status status="PASS" start="2026-07-19T14:49:30.743379" elapsed="1.000682"/>
</kw>
<status status="PASS" start="2026-07-19T14:49:30.648148" elapsed="1.095913"/>
</kw>
<status status="PASS" start="2026-07-19T14:49:30.397918" elapsed="1.346143"/>
</kw>
<doc>Searching for non-existent city displays no results.</doc>
<tag>city</tag>
<tag>negative</tag>
<tag>search</tag>
<status status="PASS" start="2026-07-19T14:49:29.073346" elapsed="2.671228"/>
</test>
<test id="s1-s2-t10" name="TC-10 Search With All Fields Blank" line="71">
<kw name="Search With All Fields Empty" owner="search_page">
<kw name="Clear City" owner="search_page">
<kw name="Clear Element Text" owner="SeleniumLibrary">
<arg>${SEARCH_CITY_INPUT}</arg>
<doc>Clears the value of the text-input-element identified by ``locator``.</doc>
<status status="PASS" start="2026-07-19T14:49:31.746680" elapsed="0.043984"/>
</kw>
<status status="PASS" start="2026-07-19T14:49:31.746162" elapsed="0.044502"/>
</kw>
<kw name="Clear Min Rating" owner="search_page">
<kw name="Clear Element Text" owner="SeleniumLibrary">
<arg>${SEARCH_MIN_RATING_INPUT}</arg>
<doc>Clears the value of the text-input-element identified by ``locator``.</doc>
<status status="PASS" start="2026-07-19T14:49:31.790664" elapsed="0.054946"/>
</kw>
<status status="PASS" start="2026-07-19T14:49:31.790664" elapsed="0.054946"/>
</kw>
<kw name="Clear Max Price" owner="search_page">
<kw name="Clear Element Text" owner="SeleniumLibrary">
<arg>${SEARCH_MAX_PRICE_INPUT}</arg>
<doc>Clears the value of the text-input-element identified by ``locator``.</doc>
<status status="PASS" start="2026-07-19T14:49:31.846630" elapsed="0.045848"/>
</kw>
<status status="PASS" start="2026-07-19T14:49:31.846117" elapsed="0.046361"/>
</kw>
<kw name="Reset Amenity" owner="search_page">
<kw name="Select From List By Index" owner="SeleniumLibrary">
<msg time="2026-07-19T14:49:31.893991" level="INFO">Selecting options from selection list 'id=amenity' by index 0.</msg>
<arg>${SEARCH_AMENITY_SELECT}</arg>
<arg>0</arg>
<doc>Selects options from selection list ``locator`` by ``indexes``.</doc>
<status status="PASS" start="2026-07-19T14:49:31.892478" elapsed="0.059426"/>
</kw>
<status status="PASS" start="2026-07-19T14:49:31.892478" elapsed="0.059426"/>
</kw>
<kw name="Reset Sort By" owner="search_page">
<kw name="Select From List By Index" owner="SeleniumLibrary">
<msg time="2026-07-19T14:49:31.953436" level="INFO">Selecting options from selection list 'id=sortBy' by index 0.</msg>
<arg>${SEARCH_SORT_BY_SELECT}</arg>
<arg>0</arg>
<doc>Selects options from selection list ``locator`` by ``indexes``.</doc>
<status status="PASS" start="2026-07-19T14:49:31.953436" elapsed="0.046961"/>
</kw>
<status status="PASS" start="2026-07-19T14:49:31.953436" elapsed="0.046961"/>
</kw>
<kw name="Click Search Hotels Button" owner="search_page">
<kw name="Click Button" owner="SeleniumLibrary">
<msg time="2026-07-19T14:49:32.000397" level="INFO">Clicking button 'xpath=//button[contains(text(), 'Search Hotels')]'.</msg>
<arg>${SEARCH_SUBMIT_BTN}</arg>
<doc>Clicks the button identified by ``locator``.</doc>
<status status="PASS" start="2026-07-19T14:49:32.000397" elapsed="0.086922"/>
</kw>
<kw name="Sleep" owner="BuiltIn">
<msg time="2026-07-19T14:49:33.090497" level="INFO">Slept 1 second.</msg>
<arg>${SLEEP_DURATION}</arg>
<doc>Pauses the test executed for the given time.</doc>
<status status="PASS" start="2026-07-19T14:49:32.088855" elapsed="1.002156"/>
</kw>
<status status="PASS" start="2026-07-19T14:49:32.000397" elapsed="1.090614"/>
</kw>
<status status="PASS" start="2026-07-19T14:49:31.745625" elapsed="1.345386"/>
</kw>
<kw name="Verify Hotel Results Are Displayed" owner="search_page">
<kw name="Wait Until Element Is Visible" owner="SeleniumLibrary">
<arg>${HOTELS_LIST_CONTAINER}</arg>
<arg>timeout=${DEFAULT_TIMEOUT}</arg>
<doc>Waits until the element ``locator`` is visible.</doc>
<status status="PASS" start="2026-07-19T14:49:33.092024" elapsed="0.021339"/>
</kw>
<kw name="Element Should Be Visible" owner="SeleniumLibrary">
<msg time="2026-07-19T14:49:33.137232" level="INFO">Element 'id=hotelsList' is displayed.</msg>
<arg>${HOTELS_LIST_CONTAINER}</arg>
<doc>Verifies that the element identified by ``locator`` is visible.</doc>
<status status="PASS" start="2026-07-19T14:49:33.113363" elapsed="0.024647"/>
</kw>
<status status="PASS" start="2026-07-19T14:49:33.092024" elapsed="0.046993"/>
</kw>
<kw name="Reset Search Filters" owner="search_page" type="TEARDOWN">
<kw name="Clear City" owner="search_page">
<kw name="Clear Element Text" owner="SeleniumLibrary">
<arg>${SEARCH_CITY_INPUT}</arg>
<doc>Clears the value of the text-input-element identified by ``locator``.</doc>
<status status="PASS" start="2026-07-19T14:49:33.141712" elapsed="0.038768"/>
</kw>
<status status="PASS" start="2026-07-19T14:49:33.141712" elapsed="0.038768"/>
</kw>
<kw name="Clear Min Rating" owner="search_page">
<kw name="Clear Element Text" owner="SeleniumLibrary">
<arg>${SEARCH_MIN_RATING_INPUT}</arg>
<doc>Clears the value of the text-input-element identified by ``locator``.</doc>
<status status="PASS" start="2026-07-19T14:49:33.181007" elapsed="0.040744"/>
</kw>
<status status="PASS" start="2026-07-19T14:49:33.180480" elapsed="0.041271"/>
</kw>
<kw name="Clear Max Price" owner="search_page">
<kw name="Clear Element Text" owner="SeleniumLibrary">
<arg>${SEARCH_MAX_PRICE_INPUT}</arg>
<doc>Clears the value of the text-input-element identified by ``locator``.</doc>
<status status="PASS" start="2026-07-19T14:49:33.221751" elapsed="0.037421"/>
</kw>
<status status="PASS" start="2026-07-19T14:49:33.221751" elapsed="0.037421"/>
</kw>
<kw name="Reset Amenity" owner="search_page">
<kw name="Select From List By Index" owner="SeleniumLibrary">
<msg time="2026-07-19T14:49:33.261293" level="INFO">Selecting options from selection list 'id=amenity' by index 0.</msg>
<arg>${SEARCH_AMENITY_SELECT}</arg>
<arg>0</arg>
<doc>Selects options from selection list ``locator`` by ``indexes``.</doc>
<status status="PASS" start="2026-07-19T14:49:33.259172" elapsed="0.050454"/>
</kw>
<status status="PASS" start="2026-07-19T14:49:33.259172" elapsed="0.050454"/>
</kw>
<kw name="Reset Sort By" owner="search_page">
<kw name="Select From List By Index" owner="SeleniumLibrary">
<msg time="2026-07-19T14:49:33.310643" level="INFO">Selecting options from selection list 'id=sortBy' by index 0.</msg>
<arg>${SEARCH_SORT_BY_SELECT}</arg>
<arg>0</arg>
<doc>Selects options from selection list ``locator`` by ``indexes``.</doc>
<status status="PASS" start="2026-07-19T14:49:33.310643" elapsed="0.071273"/>
</kw>
<status status="PASS" start="2026-07-19T14:49:33.310132" elapsed="0.071784"/>
</kw>
<kw name="Click Search Hotels Button" owner="search_page">
<kw name="Click Button" owner="SeleniumLibrary">
<msg time="2026-07-19T14:49:33.383338" level="INFO">Clicking button 'xpath=//button[contains(text(), 'Search Hotels')]'.</msg>
<arg>${SEARCH_SUBMIT_BTN}</arg>
<doc>Clicks the button identified by ``locator``.</doc>
<status status="PASS" start="2026-07-19T14:49:33.382822" elapsed="0.106435"/>
</kw>
<kw name="Sleep" owner="BuiltIn">
<msg time="2026-07-19T14:49:34.491202" level="INFO">Slept 1 second.</msg>
<arg>${SLEEP_DURATION}</arg>
<doc>Pauses the test executed for the given time.</doc>
<status status="PASS" start="2026-07-19T14:49:33.489768" elapsed="1.001434"/>
</kw>
<status status="PASS" start="2026-07-19T14:49:33.381916" elapsed="1.109799"/>
</kw>
<status status="PASS" start="2026-07-19T14:49:33.141188" elapsed="1.350527"/>
</kw>
<doc>Leaving all criteria blank returns the full hotel list.</doc>
<tag>blank</tag>
<tag>positive</tag>
<tag>search</tag>
<status status="PASS" start="2026-07-19T14:49:31.745105" elapsed="2.746610"/>
</test>
<kw name="Close Hotel Application" owner="base_page" type="TEARDOWN">
<kw name="Close All Browsers" owner="SeleniumLibrary">
<doc>Closes all open browsers and resets the browser cache.</doc>
<status status="PASS" start="2026-07-19T14:49:34.493759" elapsed="2.324659"/>
</kw>
<status status="PASS" start="2026-07-19T14:49:34.493252" elapsed="2.326460"/>
</kw>
<doc>Hotel Search and Filter Tests</doc>
<status status="FAIL" start="2026-07-19T14:49:04.328847" elapsed="32.490865"/>
</suite>
<status status="FAIL" start="2026-07-19T14:48:28.794558" elapsed="68.026669"/>
</suite>
<statistics>
<total>
<stat pass="17" fail="5" skip="0">All Tests</stat>
</total>
<tag>
<stat pass="1" fail="0" skip="0">amenity</stat>
<stat pass="1" fail="0" skip="0">blank</stat>
<stat pass="8" fail="4" skip="0">booking</stat>
<stat pass="1" fail="5" skip="0">bug</stat>
<stat pass="2" fail="0" skip="0">city</stat>
<stat pass="8" fail="4" skip="0">create</stat>
<stat pass="1" fail="0" skip="0">default</stat>
<stat pass="2" fail="1" skip="0">filter</stat>
<stat pass="8" fail="5" skip="0">negative</stat>
<stat pass="1" fail="0" skip="0">pagination</stat>
<stat pass="9" fail="0" skip="0">positive</stat>
<stat pass="1" fail="1" skip="0">price</stat>
<stat pass="2" fail="0" skip="0">rating</stat>
<stat pass="3" fail="0" skip="0">search</stat>
<stat pass="3" fail="0" skip="0">sort</stat>
</tag>
<suite>
<stat name="Tests" id="s1" pass="17" fail="5" skip="0">Tests</stat>
<stat name="Booking Tests" id="s1-s1" pass="8" fail="4" skip="0">Tests.Booking Tests</stat>
<stat name="Search Tests" id="s1-s2" pass="9" fail="1" skip="0">Tests.Search Tests</stat>
</suite>
</statistics>
<errors>
</errors>
</robot>
